   Compiling scirs2-text v0.1.0-beta.1 (/Users/kitasan/work/scirs/scirs2-text)
error[E0425]: cannot find value `_tokens` in this scope
   --> scirs2-text/src/huggingface_compat.rs:246:12
    |
246 |         Ok(_tokens.join(" "))
    |            ^^^^^^^ help: a local variable with a similar name exists: `tokens`

error[E0425]: cannot find value `cache_path` in this scope
    --> scirs2-text/src/huggingface_compat.rs:1220:33
     |
1220 |                 let file_path = cache_path.join(file);
     |                                 ^^^^^^^^^^ help: a local variable with a similar name exists: `cachepath`

error[E0425]: cannot find value `model_id` in this scope
    --> scirs2-text/src/huggingface_compat.rs:1232:32
     |
1232 |         let url = format!("{}/{model_id}/resolve/main/{filename}", self.api_base);
     |                                ^^^^^^^^ help: a local variable with a similar name exists: `modelid`

error[E0425]: cannot find value `model_id` in this scope
    --> scirs2-text/src/huggingface_compat.rs:1487:40
     |
1487 |             .find(|model| model._id == model_id)
     |                                        ^^^^^^^^ help: a local variable with a similar name exists: `modelid`

error[E0425]: cannot find value `model_id` in this scope
    --> scirs2-text/src/huggingface_compat.rs:1488:79
     |
1488 |             .ok_or_else(|| TextError::InvalidInput(format!("Model not found: {model_id}")))
     |                                                                               ^^^^^^^^ help: a local variable with a similar name exists: `modelid`

error[E0425]: cannot find value `_scirs2config` in this scope
    --> scirs2-text/src/huggingface_compat.rs:1566:43
     |
1566 |         HfConfig::from_transformer_config(_scirs2config)
     |                                           ^^^^^^^^^^^^^ help: a local variable with a similar name exists: `scirs2config`

error[E0425]: cannot find value `hf_encoded` in this scope
    --> scirs2-text/src/huggingface_compat.rs:1571:9
     |
1571 |         hf_encoded.tokens.clone()
     |         ^^^^^^^^^^ help: a local variable with a similar name exists: `_hfencoded`

error[E0425]: cannot find value `_tokens` in this scope
    --> scirs2-text/src/huggingface_compat.rs:1576:41
     |
1576 |         let input_ids: Vec<usize> = (0.._tokens.len()).collect();
     |                                         ^^^^^^^ help: a local variable with a similar name exists: `tokens`

error[E0425]: cannot find value `relation_type` in this scope
   --> scirs2-text/src/information_extraction.rs:525:38
    |
525 |         self.relation_patterns.push((relation_type, pattern));
    |                                      ^^^^^^^^^^^^^ help: a local variable with a similar name exists: `relationtype`

error[E0425]: cannot find value `context_window` in this scope
   --> scirs2-text/src/information_extraction.rs:989:72
    |
989 |         let context_score = self.calculate_context_score(entity, text, context_window);
    |                                                                        ^^^^^^^^^^^^^^ help: a local variable with a similar name exists: `contextwindow`

error[E0425]: cannot find value `n_topics` in this scope
  --> scirs2-text/src/ml_integration.rs:93:74
   |
93 |         self.topic_model = Some(LatentDirichletAllocation::with_n_topics(n_topics));
   |                                                                          ^^^^^^^^ help: a local variable with a similar name exists: `ntopics`

error[E0425]: cannot find value `max_features` in this scope
   --> scirs2-text/src/ml_integration.rs:106:31
    |
106 |             .set_max_features(max_features as f64)
    |                               ^^^^^^^^^^^^ help: a local variable with a similar name exists: `maxfeatures`

error[E0425]: cannot find value `feature_arrays` in this scope
   --> scirs2-text/src/ml_integration.rs:364:12
    |
364 |         if feature_arrays.is_empty() {
    |            ^^^^^^^^^^^^^^ help: a local variable with a similar name exists: `featurearrays`

error[E0425]: cannot find value `feature_arrays` in this scope
   --> scirs2-text/src/ml_integration.rs:370:25
    |
370 |         let n_samples = feature_arrays[0].nrows();
    |                         ^^^^^^^^^^^^^^ help: a local variable with a similar name exists: `featurearrays`

error[E0425]: cannot find value `feature_arrays` in this scope
   --> scirs2-text/src/ml_integration.rs:371:37
    |
371 |         let total_features: usize = feature_arrays.iter().map(|arr| arr.ncols()).sum();
    |                                     ^^^^^^^^^^^^^^ help: a local variable with a similar name exists: `featurearrays`

error[E0425]: cannot find value `feature_arrays` in this scope
   --> scirs2-text/src/ml_integration.rs:376:22
    |
376 |         for array in feature_arrays {
    |                      ^^^^^^^^^^^^^^ help: a local variable with a similar name exists: `featurearrays`

error[E0425]: cannot find value `batch_size` in this scope
   --> scirs2-text/src/ml_integration.rs:454:13
    |
445 |     batch_size: usize,
    |     ---------- a field by that name exists in `Self`
...
454 |             batch_size,
    |             ^^^^^^^^^^ help: a local variable with a similar name exists: `batchsize`

error[E0425]: cannot find value `test_dataset` in this scope
   --> scirs2-text/src/ml_sentiment.rs:150:32
    |
150 |         let texts: Vec<&str> = test_dataset.texts.iter().map(|s| s.as_str()).collect();
    |                                ^^^^^^^^^^^^ help: a local variable with a similar name exists: `testdataset`

error[E0425]: cannot find value `test_dataset` in this scope
   --> scirs2-text/src/ml_sentiment.rs:154:51
    |
154 |         let true_labels = self.labels_to_numeric(&test_dataset.labels)?;
    |                                                   ^^^^^^^^^^^^ help: a local variable with a similar name exists: `testdataset`

error[E0425]: cannot find value `true_labels` in this scope
   --> scirs2-text/src/ml_sentiment.rs:362:18
    |
362 |             .zip(true_labels.iter())
    |                  ^^^^^^^^^^^ help: a local variable with a similar name exists: `truelabels`

error[E0425]: cannot find value `true_labels` in this scope
   --> scirs2-text/src/ml_sentiment.rs:373:60
    |
373 |         for (&pred, &true_label) in predictions.iter().zip(true_labels.iter()) {
    |                                                            ^^^^^^^^^^^ help: a local variable with a similar name exists: `truelabels`

error[E0425]: cannot find value `id` in this scope
  --> scirs2-text/src/model_registry.rs:94:13
   |
59 |     pub id: String,
   |         -- a field by that name exists in `Self`
...
92 |     pub fn new(_id: String, name: String, modeltype: ModelType) -> Self {
   |                --- `_id` defined here
93 |         Self {
94 |             id,
   |             ^^
   |
help: the leading underscore in `_id` marks it as unused, consider renaming it to `id`
   |
92 -     pub fn new(_id: String, name: String, modeltype: ModelType) -> Self {
92 +     pub fn new(id: String, name: String, modeltype: ModelType) -> Self {
   |
help: consider importing this function
   |
6  + use std::process::id;
   |

error[E0425]: cannot find value `model_type` in this scope
  --> scirs2-text/src/model_registry.rs:97:13
   |
65 |     pub model_type: ModelType,
   |         ---------- a field by that name exists in `Self`
...
97 |             model_type,
   |             ^^^^^^^^^^ help: a local variable with a similar name exists: `modeltype`

error[E0425]: cannot find value `model_dir` in this scope
   --> scirs2-text/src/model_registry.rs:262:29
    |
262 |         let metadata_file = model_dir.join("metadata.json");
    |                             ^^^^^^^^^ help: a local variable with a similar name exists: `modeldir`

error[E0425]: cannot find value `model_dir` in this scope
   --> scirs2-text/src/model_registry.rs:287:28
    |
287 |             let model_id = model_dir
    |                            ^^^^^^^^^ help: a local variable with a similar name exists: `modeldir`

error[E0425]: cannot find value `model_dir` in this scope
   --> scirs2-text/src/model_registry.rs:298:29
    |
298 |             .with_file_path(model_dir.to_path_buf()))
    |                             ^^^^^^^^^ help: a local variable with a similar name exists: `modeldir`

error[E0425]: cannot find value `model_dir` in this scope
   --> scirs2-text/src/model_registry.rs:331:25
    |
331 |         let data_file = model_dir.join("model.json");
    |                         ^^^^^^^^^ help: a local variable with a similar name exists: `modeldir`

error[E0425]: cannot find value `model_dir` in this scope
   --> scirs2-text/src/model_registry.rs:356:29
    |
356 |         let metadata_file = model_dir.join("metadata.json");
    |                             ^^^^^^^^^ help: a local variable with a similar name exists: `modeldir`

error[E0425]: cannot find value `model_type` in this scope
   --> scirs2-text/src/model_registry.rs:388:56
    |
388 |             .filter(|metadata| &metadata.model_type == model_type)
    |                                                        ^^^^^^^^^^ help: a local variable with a similar name exists: `modeltype`

error[E0425]: cannot find value `model_id` in this scope
   --> scirs2-text/src/model_registry.rs:394:25
    |
394 |         self.models.get(model_id)
    |                         ^^^^^^^^ help: a local variable with a similar name exists: `modelid`

error[E0425]: cannot find value `model_dir` in this scope
   --> scirs2-text/src/model_registry.rs:446:25
    |
446 |         let data_file = model_dir.join("model.json");
    |                         ^^^^^^^^^ help: a local variable with a similar name exists: `modeldir`

error[E0425]: cannot find value `model_dir` in this scope
   --> scirs2-text/src/model_registry.rs:449:31
    |
449 |             let legacy_file = model_dir.join("model.dat");
    |                               ^^^^^^^^^ help: a local variable with a similar name exists: `modeldir`

error[E0425]: cannot find value `model_id` in this scope
   --> scirs2-text/src/model_registry.rs:496:33
    |
496 |         self.model_cache.insert(model_id, model);
    |                                 ^^^^^^^^ help: a local variable with a similar name exists: `modelid`

error[E0425]: cannot find value `model_id` in this scope
   --> scirs2-text/src/model_registry.rs:503:21
    |
503 |             .remove(model_id)
    |                     ^^^^^^^^ help: a local variable with a similar name exists: `modelid`

error[E0425]: cannot find value `model_id` in this scope
   --> scirs2-text/src/model_registry.rs:504:79
    |
504 |             .ok_or_else(|| TextError::InvalidInput(format!("Model not found: {model_id}")))?;
    |                                                                               ^^^^^^^^ help: a local variable with a similar name exists: `modelid`

error[E0425]: cannot find value `model_id` in this scope
   --> scirs2-text/src/model_registry.rs:513:33
    |
513 |         self.model_cache.remove(model_id);
    |                                 ^^^^^^^^ help: a local variable with a similar name exists: `modelid`

error[E0425]: cannot find value `model_id` in this scope
   --> scirs2-text/src/model_registry.rs:552:18
    |
552 |             .get(model_id)
    |                  ^^^^^^^^ help: a local variable with a similar name exists: `modelid`

error[E0425]: cannot find value `model_id` in this scope
   --> scirs2-text/src/model_registry.rs:553:79
    |
553 |             .ok_or_else(|| TextError::InvalidInput(format!("Model not found: {model_id}")))?;
    |                                                                               ^^^^^^^^ help: a local variable with a similar name exists: `modelid`

error[E0425]: cannot find value `model_id` in this scope
   --> scirs2-text/src/model_registry.rs:584:18
    |
584 |             .get(model_id)
    |                  ^^^^^^^^ help: a local variable with a similar name exists: `modelid`

error[E0425]: cannot find value `model_id` in this scope
   --> scirs2-text/src/model_registry.rs:585:79
    |
585 |             .ok_or_else(|| TextError::InvalidInput(format!("Model not found: {model_id}")))?;
    |                                                                               ^^^^^^^^ help: a local variable with a similar name exists: `modelid`

error[E0425]: cannot find value `model_id` in this scope
   --> scirs2-text/src/model_registry.rs:599:18
    |
599 |             .get(model_id)
    |                  ^^^^^^^^ help: a local variable with a similar name exists: `modelid`

error[E0425]: cannot find value `model_id` in this scope
   --> scirs2-text/src/model_registry.rs:600:79
    |
600 |             .ok_or_else(|| TextError::InvalidInput(format!("Model not found: {model_id}")))?;
    |                                                                               ^^^^^^^^ help: a local variable with a similar name exists: `modelid`

error[E0425]: cannot find value `_model_id` in this scope
   --> scirs2-text/src/model_registry.rs:899:15
    |
899 |         match _model_id {
    |               ^^^^^^^^^ help: a local variable with a similar name exists: `_modelid`

error[E0425]: cannot find value `_data` in this scope
    --> scirs2-text/src/model_registry.rs:1097:23
     |
1097 |         let d_model = _data
     |                       ^^^^^ help: a local variable with a similar name exists: `data`

error[E0425]: cannot find value `_data` in this scope
    --> scirs2-text/src/model_registry.rs:1102:23
     |
1102 |         let n_heads = _data
     |                       ^^^^^ help: a local variable with a similar name exists: `data`

error[E0425]: cannot find value `_data` in this scope
    --> scirs2-text/src/model_registry.rs:1107:20
     |
1107 |         let d_ff = _data
     |                    ^^^^^ help: a local variable with a similar name exists: `data`

error[E0425]: cannot find value `_data` in this scope
    --> scirs2-text/src/model_registry.rs:1112:32
     |
1112 |         let n_encoder_layers = _data
     |                                ^^^^^ help: a local variable with a similar name exists: `data`

error[E0425]: cannot find value `_data` in this scope
    --> scirs2-text/src/model_registry.rs:1119:32
     |
1119 |         let n_decoder_layers = _data
     |                                ^^^^^ help: a local variable with a similar name exists: `data`

error[E0425]: cannot find value `_data` in this scope
    --> scirs2-text/src/model_registry.rs:1126:27
     |
1126 |         let max_seq_len = _data
     |                           ^^^^^ help: a local variable with a similar name exists: `data`

error[E0425]: cannot find value `_data` in this scope
    --> scirs2-text/src/model_registry.rs:1131:23
     |
1131 |         let dropout = _data
     |                       ^^^^^ help: a local variable with a similar name exists: `data`

error[E0425]: cannot find value `_data` in this scope
    --> scirs2-text/src/model_registry.rs:1136:26
     |
1136 |         let vocab_size = _data
     |                          ^^^^^ help: a local variable with a similar name exists: `data`

error[E0425]: cannot find value `_data` in this scope
    --> scirs2-text/src/model_registry.rs:1384:27
     |
1384 |         let vector_size = _data
     |                           ^^^^^ help: a local variable with a similar name exists: `data`

error[E0425]: cannot find value `_data` in this scope
    --> scirs2-text/src/model_registry.rs:1389:27
     |
1389 |         let window_size = _data
     |                           ^^^^^ help: a local variable with a similar name exists: `data`

error[E0425]: cannot find value `_data` in this scope
    --> scirs2-text/src/model_registry.rs:1394:25
     |
1394 |         let min_count = _data
     |                         ^^^^^ help: a local variable with a similar name exists: `data`

error[E0425]: cannot find value `_data` in this scope
    --> scirs2-text/src/model_registry.rs:1455:45
     |
1455 |             if let Some(negative_samples) = _data
     |                                             ^^^^^ help: a local variable with a similar name exists: `data`

error[E0425]: cannot find value `_data` in this scope
    --> scirs2-text/src/model_registry.rs:1463:42
     |
1463 |             if let Some(learning_rate) = _data
     |                                          ^^^^^ help: a local variable with a similar name exists: `data`

error[E0425]: cannot find value `n_gram_size` in this scope
   --> scirs2-text/src/multilingual.rs:131:31
    |
115 |     n_gram_size: usize,
    |     ----------- a field by that name exists in `Self`
...
131 |         if !(1..=5).contains(&n_gram_size) {
    |                               ^^^^^^^^^^^ help: a local variable with a similar name exists: `n_gramsize`

error[E0425]: cannot find value `n_gram_size` in this scope
   --> scirs2-text/src/multilingual.rs:138:13
    |
115 |     n_gram_size: usize,
    |     ----------- a field by that name exists in `Self`
...
138 |             n_gram_size,
    |             ^^^^^^^^^^^ help: a local variable with a similar name exists: `n_gramsize`

error[E0425]: cannot find value `input_size` in this scope
   --> scirs2-text/src/neural_architectures.rs:162:25
    |
106 |     input_size: usize,
    |     ---------- a field by that name exists in `Self`
...
113 |     pub fn new(_input_size: usize, hiddensize: usize) -> Self {
    |                ----------- `_input_size` defined here
...
162 |             input_size: input_size,
    |                         ^^^^^^^^^^
    |
help: the leading underscore in `_input_size` marks it as unused, consider renaming it to `input_size`
    |
113 -     pub fn new(_input_size: usize, hiddensize: usize) -> Self {
113 +     pub fn new(input_size: usize, hiddensize: usize) -> Self {
    |

error[E0425]: cannot find value `hidden_size` in this scope
   --> scirs2-text/src/neural_architectures.rs:163:13
    |
108 |     hidden_size: usize,
    |     ----------- a field by that name exists in `Self`
...
163 |             hidden_size,
    |             ^^^^^^^^^^^ help: a local variable with a similar name exists: `hiddensize`

error[E0425]: cannot find value `hidden_size` in this scope
   --> scirs2-text/src/neural_architectures.rs:245:43
    |
239 |     hidden_size: usize,
    |     ----------- a field by that name exists in `Self`
...
245 |         let scale = (2.0 / (_input_size + hidden_size) as f64).sqrt();
    |                                           ^^^^^^^^^^^ help: a local variable with a similar name exists: `hiddensize`

error[E0425]: cannot find value `hidden_size` in this scope
   --> scirs2-text/src/neural_architectures.rs:248:42
    |
239 |     hidden_size: usize,
    |     ----------- a field by that name exists in `Self`
...
248 |         let w_z = Array2::from_shape_fn((hidden_size, input_size), |_| {
    |                                          ^^^^^^^^^^^ help: a local variable with a similar name exists: `hiddensize`

error[E0425]: cannot find value `input_size` in this scope
   --> scirs2-text/src/neural_architectures.rs:248:55
    |
237 |     input_size: usize,
    |     ---------- a field by that name exists in `Self`
...
244 |     pub fn new(_input_size: usize, hiddensize: usize) -> Self {
    |                ----------- `_input_size` defined here
...
248 |         let w_z = Array2::from_shape_fn((hidden_size, input_size), |_| {
    |                                                       ^^^^^^^^^^
    |
help: the leading underscore in `_input_size` marks it as unused, consider renaming it to `input_size`
    |
244 -     pub fn new(_input_size: usize, hiddensize: usize) -> Self {
244 +     pub fn new(input_size: usize, hiddensize: usize) -> Self {
    |

error[E0425]: cannot find value `hidden_size` in this scope
   --> scirs2-text/src/neural_architectures.rs:251:42
    |
239 |     hidden_size: usize,
    |     ----------- a field by that name exists in `Self`
...
251 |         let w_r = Array2::from_shape_fn((hidden_size, input_size), |_| {
    |                                          ^^^^^^^^^^^ help: a local variable with a similar name exists: `hiddensize`

error[E0425]: cannot find value `input_size` in this scope
   --> scirs2-text/src/neural_architectures.rs:251:55
    |
237 |     input_size: usize,
    |     ---------- a field by that name exists in `Self`
...
244 |     pub fn new(_input_size: usize, hiddensize: usize) -> Self {
    |                ----------- `_input_size` defined here
...
251 |         let w_r = Array2::from_shape_fn((hidden_size, input_size), |_| {
    |                                                       ^^^^^^^^^^
    |
help: the leading underscore in `_input_size` marks it as unused, consider renaming it to `input_size`
    |
244 -     pub fn new(_input_size: usize, hiddensize: usize) -> Self {
244 +     pub fn new(input_size: usize, hiddensize: usize) -> Self {
    |

error[E0425]: cannot find value `hidden_size` in this scope
   --> scirs2-text/src/neural_architectures.rs:254:42
    |
239 |     hidden_size: usize,
    |     ----------- a field by that name exists in `Self`
...
254 |         let w_h = Array2::from_shape_fn((hidden_size, input_size), |_| {
    |                                          ^^^^^^^^^^^ help: a local variable with a similar name exists: `hiddensize`

error[E0425]: cannot find value `input_size` in this scope
   --> scirs2-text/src/neural_architectures.rs:254:55
    |
237 |     input_size: usize,
    |     ---------- a field by that name exists in `Self`
...
244 |     pub fn new(_input_size: usize, hiddensize: usize) -> Self {
    |                ----------- `_input_size` defined here
...
254 |         let w_h = Array2::from_shape_fn((hidden_size, input_size), |_| {
    |                                                       ^^^^^^^^^^
    |
help: the leading underscore in `_input_size` marks it as unused, consider renaming it to `input_size`
    |
244 -     pub fn new(_input_size: usize, hiddensize: usize) -> Self {
244 +     pub fn new(input_size: usize, hiddensize: usize) -> Self {
    |

error[E0425]: cannot find value `hidden_size` in this scope
   --> scirs2-text/src/neural_architectures.rs:258:42
    |
239 |     hidden_size: usize,
    |     ----------- a field by that name exists in `Self`
...
258 |         let u_z = Array2::from_shape_fn((hidden_size, hidden_size), |_| {
    |                                          ^^^^^^^^^^^ help: a local variable with a similar name exists: `hiddensize`

error[E0425]: cannot find value `hidden_size` in this scope
   --> scirs2-text/src/neural_architectures.rs:258:55
    |
239 |     hidden_size: usize,
    |     ----------- a field by that name exists in `Self`
...
258 |         let u_z = Array2::from_shape_fn((hidden_size, hidden_size), |_| {
    |                                                       ^^^^^^^^^^^ help: a local variable with a similar name exists: `hiddensize`

error[E0425]: cannot find value `hidden_size` in this scope
   --> scirs2-text/src/neural_architectures.rs:261:42
    |
239 |     hidden_size: usize,
    |     ----------- a field by that name exists in `Self`
...
261 |         let u_r = Array2::from_shape_fn((hidden_size, hidden_size), |_| {
    |                                          ^^^^^^^^^^^ help: a local variable with a similar name exists: `hiddensize`

error[E0425]: cannot find value `hidden_size` in this scope
   --> scirs2-text/src/neural_architectures.rs:261:55
    |
239 |     hidden_size: usize,
    |     ----------- a field by that name exists in `Self`
...
261 |         let u_r = Array2::from_shape_fn((hidden_size, hidden_size), |_| {
    |                                                       ^^^^^^^^^^^ help: a local variable with a similar name exists: `hiddensize`

error[E0425]: cannot find value `hidden_size` in this scope
   --> scirs2-text/src/neural_architectures.rs:264:42
    |
239 |     hidden_size: usize,
    |     ----------- a field by that name exists in `Self`
...
264 |         let u_h = Array2::from_shape_fn((hidden_size, hidden_size), |_| {
    |                                          ^^^^^^^^^^^ help: a local variable with a similar name exists: `hiddensize`

error[E0425]: cannot find value `hidden_size` in this scope
   --> scirs2-text/src/neural_architectures.rs:264:55
    |
239 |     hidden_size: usize,
    |     ----------- a field by that name exists in `Self`
...
264 |         let u_h = Array2::from_shape_fn((hidden_size, hidden_size), |_| {
    |                                                       ^^^^^^^^^^^ help: a local variable with a similar name exists: `hiddensize`

error[E0425]: cannot find value `hidden_size` in this scope
   --> scirs2-text/src/neural_architectures.rs:269:33
    |
239 |     hidden_size: usize,
    |     ----------- a field by that name exists in `Self`
...
269 |         let b_z = Array1::zeros(hidden_size);
    |                                 ^^^^^^^^^^^ help: a local variable with a similar name exists: `hiddensize`

error[E0425]: cannot find value `hidden_size` in this scope
   --> scirs2-text/src/neural_architectures.rs:270:33
    |
239 |     hidden_size: usize,
    |     ----------- a field by that name exists in `Self`
...
270 |         let b_r = Array1::zeros(hidden_size);
    |                                 ^^^^^^^^^^^ help: a local variable with a similar name exists: `hiddensize`

error[E0425]: cannot find value `hidden_size` in this scope
   --> scirs2-text/src/neural_architectures.rs:271:33
    |
239 |     hidden_size: usize,
    |     ----------- a field by that name exists in `Self`
...
271 |         let b_h = Array1::zeros(hidden_size);
    |                                 ^^^^^^^^^^^ help: a local variable with a similar name exists: `hiddensize`

error[E0425]: cannot find value `input_size` in this scope
   --> scirs2-text/src/neural_architectures.rs:283:25
    |
237 |     input_size: usize,
    |     ---------- a field by that name exists in `Self`
...
244 |     pub fn new(_input_size: usize, hiddensize: usize) -> Self {
    |                ----------- `_input_size` defined here
...
283 |             input_size: input_size,
    |                         ^^^^^^^^^^
    |
help: the leading underscore in `_input_size` marks it as unused, consider renaming it to `input_size`
    |
244 -     pub fn new(_input_size: usize, hiddensize: usize) -> Self {
244 +     pub fn new(input_size: usize, hiddensize: usize) -> Self {
    |

error[E0425]: cannot find value `hidden_size` in this scope
   --> scirs2-text/src/neural_architectures.rs:284:13
    |
239 |     hidden_size: usize,
    |     ----------- a field by that name exists in `Self`
...
284 |             hidden_size,
    |             ^^^^^^^^^^^ help: a local variable with a similar name exists: `hiddensize`

error[E0425]: cannot find value `h_prev` in this scope
   --> scirs2-text/src/neural_architectures.rs:298:12
    |
298 |         if h_prev.len() != self.hidden_size {
    |            ^^^^^^ help: a local variable with a similar name exists: `hprev`

error[E0425]: cannot find value `h_prev` in this scope
   --> scirs2-text/src/neural_architectures.rs:302:17
    |
302 |                 h_prev.len()
    |                 ^^^^^^ help: a local variable with a similar name exists: `hprev`

error[E0425]: cannot find value `h_prev` in this scope
   --> scirs2-text/src/neural_architectures.rs:308:61
    |
308 |             .apply_array(&(self.w_z.dot(&x) + self.u_z.dot(&h_prev) + &self.b_z));
    |                                                             ^^^^^^ help: a local variable with a similar name exists: `hprev`

error[E0425]: cannot find value `h_prev` in this scope
   --> scirs2-text/src/neural_architectures.rs:312:61
    |
312 |             .apply_array(&(self.w_r.dot(&x) + self.u_r.dot(&h_prev) + &self.b_r));
    |                                                             ^^^^^^ help: a local variable with a similar name exists: `hprev`

error[E0425]: cannot find value `h_prev` in this scope
   --> scirs2-text/src/neural_architectures.rs:316:70
    |
316 |             .apply_array(&(self.w_h.dot(&x) + self.u_h.dot(&(&r_t * &h_prev)) + &self.b_h));
    |                                                                      ^^^^^^ help: a local variable with a similar name exists: `hprev`

error[E0425]: cannot find value `h_prev` in this scope
   --> scirs2-text/src/neural_architectures.rs:319:64
    |
319 |         let h_t = &(&Array1::ones(self.hidden_size) - &z_t) * &h_prev + &z_t * &h_tilde;
    |                                                                ^^^^^^ help: a local variable with a similar name exists: `hprev`

error[E0425]: cannot find value `num_layers` in this scope
   --> scirs2-text/src/neural_architectures.rs:343:21
    |
332 |     num_layers: usize,
    |     ---------- a field by that name exists in `Self`
...
343 |         for i in 0..num_layers {
    |                     ^^^^^^^^^^ help: a local variable with a similar name exists: `numlayers`

error[E0425]: cannot find value `num_layers` in this scope
   --> scirs2-text/src/neural_architectures.rs:352:13
    |
332 |     num_layers: usize,
    |     ---------- a field by that name exists in `Self`
...
352 |             num_layers,
    |             ^^^^^^^^^^ help: a local variable with a similar name exists: `numlayers`

error[E0425]: cannot find value `filters` in this scope
   --> scirs2-text/src/neural_architectures.rs:456:22
    |
425 |     filters: Array3<f64>,
    |     ------- a field by that name exists in `Self`
...
449 |         let _filters = Array3::from_shape_fn((num_filters, input_channels, kernel_size), |_| {
    |             -------- `_filters` defined here
...
456 |             filters: filters,
    |                      ^^^^^^^
    |
help: the leading underscore in `_filters` marks it as unused, consider renaming it to `filters`
    |
449 -         let _filters = Array3::from_shape_fn((num_filters, input_channels, kernel_size), |_| {
449 +         let filters = Array3::from_shape_fn((num_filters, input_channels, kernel_size), |_| {
    |

error[E0425]: cannot find value `pool_size` in this scope
   --> scirs2-text/src/neural_architectures.rs:512:16
    |
504 |     pool_size: usize,
    |     --------- a field by that name exists in `Self`
...
512 |         Self { pool_size, stride }
    |                ^^^^^^^^^ help: a local variable with a similar name exists: `poolsize`

error[E0425]: cannot find value `input_channels` in this scope
   --> scirs2-text/src/neural_architectures.rs:560:13
    |
558 |     pub fn new(_input_channels: usize, output_channels: usize, kernelsize: usize) -> Self {
    |                --------------- `_input_channels` defined here
559 |         let conv1 = Conv1D::new(
560 |             input_channels,
    |             ^^^^^^^^^^^^^^
    |
help: the leading underscore in `_input_channels` marks it as unused, consider renaming it to `input_channels`
    |
558 -     pub fn new(_input_channels: usize, output_channels: usize, kernelsize: usize) -> Self {
558 +     pub fn new(input_channels: usize, output_channels: usize, kernelsize: usize) -> Self {
    |

error[E0425]: cannot find value `kernel_size` in this scope
   --> scirs2-text/src/neural_architectures.rs:562:13
    |
562 |             kernel_size,
    |             ^^^^^^^^^^^ help: a local variable with a similar name exists: `kernelsize`

error[E0425]: cannot find value `kernel_size` in this scope
   --> scirs2-text/src/neural_architectures.rs:568:13
    |
568 |             kernel_size,
    |             ^^^^^^^^^^^ help: a local variable with a similar name exists: `kernelsize`

error[E0425]: cannot find value `input_channels` in this scope
   --> scirs2-text/src/neural_architectures.rs:576:35
    |
558 |     pub fn new(_input_channels: usize, output_channels: usize, kernelsize: usize) -> Self {
    |                --------------- `_input_channels` defined here
...
576 |                 (output_channels, input_channels),
    |                                   ^^^^^^^^^^^^^^
    |
help: the leading underscore in `_input_channels` marks it as unused, consider renaming it to `input_channels`
    |
558 -     pub fn new(_input_channels: usize, output_channels: usize, kernelsize: usize) -> Self {
558 +     pub fn new(input_channels: usize, output_channels: usize, kernelsize: usize) -> Self {
    |

error[E0425]: cannot find value `attention_dim` in this scope
   --> scirs2-text/src/neural_architectures.rs:821:28
    |
821 |         let scale = (2.0 / attention_dim as f64).sqrt();
    |                            ^^^^^^^^^^^^^ help: a local variable with a similar name exists: `attentiondim`

error[E0425]: cannot find value `attention_dim` in this scope
   --> scirs2-text/src/neural_architectures.rs:823:42
    |
823 |         let w_a = Array2::from_shape_fn((attention_dim, _encoder_dim + decoder_dim), |_| {
    |                                          ^^^^^^^^^^^^^ help: a local variable with a similar name exists: `attentiondim`

error[E0425]: cannot find value `attention_dim` in this scope
   --> scirs2-text/src/neural_architectures.rs:827:42
    |
827 |         let w_q = Array2::from_shape_fn((attention_dim, decoder_dim), |_| {
    |                                          ^^^^^^^^^^^^^ help: a local variable with a similar name exists: `attentiondim`

error[E0425]: cannot find value `attention_dim` in this scope
   --> scirs2-text/src/neural_architectures.rs:831:42
    |
831 |         let w_k = Array2::from_shape_fn((attention_dim, encoder_dim), |_| {
    |                                          ^^^^^^^^^^^^^ help: a local variable with a similar name exists: `attentiondim`

error[E0425]: cannot find value `encoder_dim` in this scope
   --> scirs2-text/src/neural_architectures.rs:831:57
    |
820 |     pub fn new(_encoder_dim: usize, decoder_dim: usize, attentiondim: usize) -> Self {
    |                ------------ `_encoder_dim` defined here
...
831 |         let w_k = Array2::from_shape_fn((attention_dim, encoder_dim), |_| {
    |                                                         ^^^^^^^^^^^
    |
help: the leading underscore in `_encoder_dim` marks it as unused, consider renaming it to `encoder_dim`
    |
820 -     pub fn new(_encoder_dim: usize, decoder_dim: usize, attentiondim: usize) -> Self {
820 +     pub fn new(encoder_dim: usize, decoder_dim: usize, attentiondim: usize) -> Self {
    |

error[E0425]: cannot find value `encoder_dim` in this scope
   --> scirs2-text/src/neural_architectures.rs:835:56
    |
820 |     pub fn new(_encoder_dim: usize, decoder_dim: usize, attentiondim: usize) -> Self {
    |                ------------ `_encoder_dim` defined here
...
835 |         let w_v = Array2::from_shape_fn((_encoder_dim, encoder_dim), |_| {
    |                                                        ^^^^^^^^^^^
    |
help: the leading underscore in `_encoder_dim` marks it as unused, consider renaming it to `encoder_dim`
    |
820 -     pub fn new(_encoder_dim: usize, decoder_dim: usize, attentiondim: usize) -> Self {
820 +     pub fn new(encoder_dim: usize, decoder_dim: usize, attentiondim: usize) -> Self {
    |

error[E0425]: cannot find value `attention_dim` in this scope
   --> scirs2-text/src/neural_architectures.rs:839:41
    |
839 |         let v_a = Array1::from_shape_fn(attention_dim, |_| rand::rng().gen_range(-scale..scale));
    |                                         ^^^^^^^^^^^^^ help: a local variable with a similar name exists: `attentiondim`

error[E0425]: cannot find value `d_model` in this scope
   --> scirs2-text/src/neural_architectures.rs:915:19
    |
915 |         let d_k = d_model;
    |                   ^^^^^^^ help: a local variable with a similar name exists: `_dmodel`

error[E0425]: cannot find value `_d_model` in this scope
   --> scirs2-text/src/neural_architectures.rs:916:28
    |
916 |         let scale = (2.0 / _d_model as f64).sqrt();
    |                            ^^^^^^^^ help: a local variable with a similar name exists: `_dmodel`

error[E0425]: cannot find value `_d_model` in this scope
   --> scirs2-text/src/neural_architectures.rs:918:42
    |
918 |         let w_q = Array2::from_shape_fn((_d_model, d_k), |_| rand::rng().gen_range(-scale..scale));
    |                                          ^^^^^^^^ help: a local variable with a similar name exists: `_dmodel`

error[E0425]: cannot find value `_d_model` in this scope
   --> scirs2-text/src/neural_architectures.rs:919:42
    |
919 |         let w_k = Array2::from_shape_fn((_d_model, d_k), |_| rand::rng().gen_range(-scale..scale));
    |                                          ^^^^^^^^ help: a local variable with a similar name exists: `_dmodel`

error[E0425]: cannot find value `_d_model` in this scope
   --> scirs2-text/src/neural_architectures.rs:920:42
    |
920 |         let w_v = Array2::from_shape_fn((_d_model, d_k), |_| rand::rng().gen_range(-scale..scale));
    |                                          ^^^^^^^^ help: a local variable with a similar name exists: `_dmodel`

error[E0425]: cannot find value `d_model` in this scope
   --> scirs2-text/src/neural_architectures.rs:921:47
    |
921 |         let w_o = Array2::from_shape_fn((d_k, d_model), |_| rand::rng().gen_range(-scale..scale));
    |                                               ^^^^^^^ help: a local variable with a similar name exists: `_dmodel`

error[E0425]: cannot find value `d_model` in this scope
    --> scirs2-text/src/neural_architectures.rs:1019:19
     |
1019 |         let d_k = d_model;
     |                   ^^^^^^^ help: a local variable with a similar name exists: `_dmodel`

error[E0425]: cannot find value `_d_model` in this scope
    --> scirs2-text/src/neural_architectures.rs:1020:28
     |
1020 |         let scale = (2.0 / _d_model as f64).sqrt();
     |                            ^^^^^^^^ help: a local variable with a similar name exists: `_dmodel`

error[E0425]: cannot find value `_d_model` in this scope
    --> scirs2-text/src/neural_architectures.rs:1022:42
     |
1022 |         let w_q = Array2::from_shape_fn((_d_model, d_k), |_| rand::rng().gen_range(-scale..scale));
     |                                          ^^^^^^^^ help: a local variable with a similar name exists: `_dmodel`

error[E0425]: cannot find value `_d_model` in this scope
    --> scirs2-text/src/neural_architectures.rs:1023:42
     |
1023 |         let w_k = Array2::from_shape_fn((_d_model, d_k), |_| rand::rng().gen_range(-scale..scale));
     |                                          ^^^^^^^^ help: a local variable with a similar name exists: `_dmodel`

error[E0425]: cannot find value `_d_model` in this scope
    --> scirs2-text/src/neural_architectures.rs:1024:42
     |
1024 |         let w_v = Array2::from_shape_fn((_d_model, d_k), |_| rand::rng().gen_range(-scale..scale));
     |                                          ^^^^^^^^ help: a local variable with a similar name exists: `_dmodel`

error[E0425]: cannot find value `d_model` in this scope
    --> scirs2-text/src/neural_architectures.rs:1025:47
     |
1025 |         let w_o = Array2::from_shape_fn((d_k, d_model), |_| rand::rng().gen_range(-scale..scale));
     |                                               ^^^^^^^ help: a local variable with a similar name exists: `_dmodel`

error[E0425]: cannot find value `d_ff` in this scope
    --> scirs2-text/src/neural_architectures.rs:1122:29
     |
1122 |         let scale2 = (2.0 / d_ff as f64).sqrt();
     |                             ^^^^ help: a local variable with a similar name exists: `dff`

error[E0425]: cannot find value `d_ff` in this scope
    --> scirs2-text/src/neural_architectures.rs:1124:41
     |
1124 |         let w1 = Array2::from_shape_fn((d_ff, d_model), |_| rand::rng().gen_range(-scale1..scale1));
     |                                         ^^^^ help: a local variable with a similar name exists: `dff`

error[E0425]: cannot find value `d_model` in this scope
    --> scirs2-text/src/neural_architectures.rs:1124:47
     |
1120 |     pub fn new(_d_model: usize, dff: usize, dropout: f64) -> Self {
     |                -------- `_d_model` defined here
...
1124 |         let w1 = Array2::from_shape_fn((d_ff, d_model), |_| rand::rng().gen_range(-scale1..scale1));
     |                                               ^^^^^^^
     |
help: the leading underscore in `_d_model` marks it as unused, consider renaming it to `d_model`
     |
1120 -     pub fn new(_d_model: usize, dff: usize, dropout: f64) -> Self {
1120 +     pub fn new(d_model: usize, dff: usize, dropout: f64) -> Self {
     |

error[E0425]: cannot find value `d_ff` in this scope
    --> scirs2-text/src/neural_architectures.rs:1125:51
     |
1125 |         let w2 = Array2::from_shape_fn((_d_model, d_ff), |_| rand::rng().gen_range(-scale2..scale2));
     |                                                   ^^^^ help: a local variable with a similar name exists: `dff`

error[E0425]: cannot find value `d_ff` in this scope
    --> scirs2-text/src/neural_architectures.rs:1126:32
     |
1126 |         let b1 = Array1::zeros(d_ff);
     |                                ^^^^ help: a local variable with a similar name exists: `dff`

error[E0425]: cannot find value `d_model` in this scope
    --> scirs2-text/src/neural_architectures.rs:1450:52
     |
1423 |     d_model: usize,
     |     ------- a field by that name exists in `Self`
...
1440 |     pub fn new(_d_model: usize, num_heads: usize, dropoutp: f64) -> Result<Self> {
     |                -------- `_d_model` defined here
...
1450 |         let w_q = Array2::from_shape_fn((_d_model, d_model), |_| {
     |                                                    ^^^^^^^
     |
help: the leading underscore in `_d_model` marks it as unused, consider renaming it to `d_model`
     |
1440 -     pub fn new(_d_model: usize, num_heads: usize, dropoutp: f64) -> Result<Self> {
1440 +     pub fn new(d_model: usize, num_heads: usize, dropoutp: f64) -> Result<Self> {
     |

error[E0425]: cannot find value `d_model` in this scope
    --> scirs2-text/src/neural_architectures.rs:1453:52
     |
1423 |     d_model: usize,
     |     ------- a field by that name exists in `Self`
...
1440 |     pub fn new(_d_model: usize, num_heads: usize, dropoutp: f64) -> Result<Self> {
     |                -------- `_d_model` defined here
...
1453 |         let w_k = Array2::from_shape_fn((_d_model, d_model), |_| {
     |                                                    ^^^^^^^
     |
help: the leading underscore in `_d_model` marks it as unused, consider renaming it to `d_model`
     |
1440 -     pub fn new(_d_model: usize, num_heads: usize, dropoutp: f64) -> Result<Self> {
1440 +     pub fn new(d_model: usize, num_heads: usize, dropoutp: f64) -> Result<Self> {
     |

error[E0425]: cannot find value `d_model` in this scope
    --> scirs2-text/src/neural_architectures.rs:1456:52
     |
1423 |     d_model: usize,
     |     ------- a field by that name exists in `Self`
...
1440 |     pub fn new(_d_model: usize, num_heads: usize, dropoutp: f64) -> Result<Self> {
     |                -------- `_d_model` defined here
...
1456 |         let w_v = Array2::from_shape_fn((_d_model, d_model), |_| {
     |                                                    ^^^^^^^
     |
help: the leading underscore in `_d_model` marks it as unused, consider renaming it to `d_model`
     |
1440 -     pub fn new(_d_model: usize, num_heads: usize, dropoutp: f64) -> Result<Self> {
1440 +     pub fn new(d_model: usize, num_heads: usize, dropoutp: f64) -> Result<Self> {
     |

error[E0425]: cannot find value `d_model` in this scope
    --> scirs2-text/src/neural_architectures.rs:1459:52
     |
1423 |     d_model: usize,
     |     ------- a field by that name exists in `Self`
...
1440 |     pub fn new(_d_model: usize, num_heads: usize, dropoutp: f64) -> Result<Self> {
     |                -------- `_d_model` defined here
...
1459 |         let w_o = Array2::from_shape_fn((_d_model, d_model), |_| {
     |                                                    ^^^^^^^
     |
help: the leading underscore in `_d_model` marks it as unused, consider renaming it to `d_model`
     |
1440 -     pub fn new(_d_model: usize, num_heads: usize, dropoutp: f64) -> Result<Self> {
1440 +     pub fn new(d_model: usize, num_heads: usize, dropoutp: f64) -> Result<Self> {
     |

error[E0425]: cannot find value `d_model` in this scope
    --> scirs2-text/src/neural_architectures.rs:1465:22
     |
1423 |     d_model: usize,
     |     ------- a field by that name exists in `Self`
...
1440 |     pub fn new(_d_model: usize, num_heads: usize, dropoutp: f64) -> Result<Self> {
     |                -------- `_d_model` defined here
...
1465 |             d_model: d_model,
     |                      ^^^^^^^
     |
help: the leading underscore in `_d_model` marks it as unused, consider renaming it to `d_model`
     |
1440 -     pub fn new(_d_model: usize, num_heads: usize, dropoutp: f64) -> Result<Self> {
1440 +     pub fn new(d_model: usize, num_heads: usize, dropoutp: f64) -> Result<Self> {
     |

error[E0425]: cannot find value `dropout_p` in this scope
    --> scirs2-text/src/neural_architectures.rs:1471:35
     |
1471 |             dropout: Dropout::new(dropout_p),
     |                                   ^^^^^^^^^ help: a local variable with a similar name exists: `dropoutp`

error[E0425]: cannot find value `chunk_size` in this scope
  --> scirs2-text/src/parallel.rs:33:27
   |
33 |         self.chunk_size = chunk_size;
   |                           ^^^^^^^^^^
   |
help: you might have meant to use the available field
   |
33 |         self.chunk_size = self.chunk_size;
   |                           +++++
help: a local variable with a similar name exists
   |
33 -         self.chunk_size = chunk_size;
33 +         self.chunk_size = chunksize;
   |

error[E0425]: cannot find value `_vectorizer` in this scope
  --> scirs2-text/src/parallel.rs:92:35
   |
92 |             _vectorizer: Arc::new(_vectorizer),
   |                                   ^^^^^^^^^^^ help: a local variable with a similar name exists: `vectorizer`

error[E0425]: cannot find value `chunk_size` in this scope
  --> scirs2-text/src/parallel.rs:99:27
   |
99 |         self.chunk_size = chunk_size;
   |                           ^^^^^^^^^^
   |
help: you might have meant to use the available field
   |
99 |         self.chunk_size = self.chunk_size;
   |                           +++++
help: a local variable with a similar name exists
   |
99 -         self.chunk_size = chunk_size;
99 +         self.chunk_size = chunksize;
   |

error[E0425]: cannot find value `chunk_size` in this scope
   --> scirs2-text/src/parallel.rs:250:26
    |
250 |         texts.par_chunks(chunk_size).map(f).collect()
    |                          ^^^^^^^^^^ help: a local variable with a similar name exists: `chunksize`

error[E0425]: cannot find value `batch_size` in this scope
   --> scirs2-text/src/parallel.rs:268:13
    |
257 |     batch_size: usize,
    |     ---------- a field by that name exists in `Self`
...
268 |             batch_size,
    |             ^^^^^^^^^^ help: a local variable with a similar name exists: `_batchsize`

error[E0425]: cannot find value `max_memory` in this scope
   --> scirs2-text/src/parallel.rs:282:32
    |
282 |         self.max_memory = Some(max_memory);
    |                                ^^^^^^^^^^
    |
help: you might have meant to use the available field
    |
282 |         self.max_memory = Some(self.max_memory);
    |                                +++++
help: a local variable with a similar name exists
    |
282 -         self.max_memory = Some(max_memory);
282 +         self.max_memory = Some(maxmemory);
    |

error[E0425]: cannot find value `operation_type` in this scope
   --> scirs2-text/src/performance.rs:344:36
    |
344 |         aggregator.start_operation(operation_type)?;
    |                                    ^^^^^^^^^^^^^^ help: a local variable with a similar name exists: `operationtype`

error[E0425]: cannot find value `operation_type` in this scope
   --> scirs2-text/src/performance.rs:347:29
    |
347 |             operation_type: operation_type.to_string(),
    |                             ^^^^^^^^^^^^^^ help: a local variable with a similar name exists: `operationtype`

error[E0425]: cannot find value `data_point` in this scope
   --> scirs2-text/src/performance.rs:357:22
    |
357 |         history.push(data_point.clone());
    |                      ^^^^^^^^^^ help: a local variable with a similar name exists: `datapoint`

error[E0425]: cannot find value `data_point` in this scope
   --> scirs2-text/src/performance.rs:367:39
    |
367 |         aggregator.update_statistics(&data_point)?;
    |                                       ^^^^^^^^^^ help: a local variable with a similar name exists: `datapoint`

error[E0425]: cannot find value `data_point` in this scope
   --> scirs2-text/src/performance.rs:371:28
    |
371 |         self.check_alerts(&data_point)?;
    |                            ^^^^^^^^^^ help: a local variable with a similar name exists: `datapoint`

error[E0425]: cannot find value `data_point` in this scope
   --> scirs2-text/src/performance.rs:375:43
    |
375 |         optimizer.update_recommendations(&data_point)?;
    |                                           ^^^^^^^^^^ help: a local variable with a similar name exists: `datapoint`

error[E0425]: cannot find value `optimization_id` in this scope
   --> scirs2-text/src/performance.rs:415:38
    |
415 |         optimizer.apply_optimization(optimization_id)?;
    |                                      ^^^^^^^^^^^^^^^ help: a local variable with a similar name exists: `optimizationid`

error[E0425]: cannot find value `data_point` in this scope
   --> scirs2-text/src/performance.rs:445:12
    |
445 |         if data_point.processing_time.as_millis()
    |            ^^^^^^^^^^ help: a local variable with a similar name exists: `datapoint`

error[E0425]: cannot find value `data_point` in this scope
   --> scirs2-text/src/performance.rs:452:13
    |
452 |             data_point.items_processed as f64 / data_point.processing_time.as_secs_f64();
    |             ^^^^^^^^^^ help: a local variable with a similar name exists: `datapoint`

error[E0425]: cannot find value `data_point` in this scope
   --> scirs2-text/src/performance.rs:452:49
    |
452 |             data_point.items_processed as f64 / data_point.processing_time.as_secs_f64();
    |                                                 ^^^^^^^^^^ help: a local variable with a similar name exists: `datapoint`

error[E0425]: cannot find value `data_point` in this scope
   --> scirs2-text/src/performance.rs:457:12
    |
457 |         if data_point.memory_usage > self.alert_thresholds.max_memory_usage_mb * 1024 * 1024 {
    |            ^^^^^^^^^^ help: a local variable with a similar name exists: `datapoint`

error[E0425]: cannot find value `data_point` in this scope
   --> scirs2-text/src/performance.rs:461:12
    |
461 |         if data_point.cpu_utilization > self.alert_thresholds.max_cpu_utilization {
    |            ^^^^^^^^^^ help: a local variable with a similar name exists: `datapoint`

error[E0425]: cannot find value `data_point` in this scope
   --> scirs2-text/src/performance.rs:465:12
    |
465 |         if data_point.cache_hit_rate < self.alert_thresholds.min_cache_hit_rate {
    |            ^^^^^^^^^^ help: a local variable with a similar name exists: `datapoint`

error[E0425]: cannot find value `_data` in this scope
   --> scirs2-text/src/performance.rs:486:37
    |
486 |         let total_throughput: f64 = _data
    |                                     ^^^^^ help: a local variable with a similar name exists: `data`

error[E0425]: cannot find value `_history` in this scope
   --> scirs2-text/src/performance.rs:512:18
    |
512 |                 &_history
    |                  ^^^^^^^^ help: a local variable with a similar name exists: `history`

error[E0425]: cannot find value `_history` in this scope
   --> scirs2-text/src/performance.rs:518:18
    |
518 |                 &_history
    |                  ^^^^^^^^ help: a local variable with a similar name exists: `history`

error[E0425]: cannot find value `_history` in this scope
   --> scirs2-text/src/performance.rs:524:18
    |
524 |                 &_history
    |                  ^^^^^^^^ help: a local variable with a similar name exists: `history`

error[E0425]: cannot find value `_values` in this scope
   --> scirs2-text/src/performance.rs:540:56
    |
540 |             values[mid_point..].iter().sum::<f64>() / (_values.len() - mid_point) as f64;
    |                                                        ^^^^^^^ help: a local variable with a similar name exists: `values`

error[E0425]: cannot find value `_history` in this scope
   --> scirs2-text/src/performance.rs:557:71
    |
557 |         let avg_processing_time = Self::calculate_avg_processing_time(_history);
    |                                                                       ^^^^^^^^ help: a local variable with a similar name exists: `history`

error[E0425]: cannot find value `_history` in this scope
   --> scirs2-text/src/performance.rs:580:59
    |
580 |         let avg_memory = Self::calculate_avg_memory_usage(_history);
    |                                                           ^^^^^^^^ help: a local variable with a similar name exists: `history`

error[E0425]: cannot find value `items_processed` in this scope
   --> scirs2-text/src/performance.rs:619:13
    |
619 |             items_processed,
    |             ^^^^^^^^^^^^^^^ help: a local variable with a similar name exists: `itemsprocessed`

error[E0425]: cannot find value `data_point` in this scope
   --> scirs2-text/src/performance.rs:740:20
    |
740 |         let key = &data_point.operation_type;
    |                    ^^^^^^^^^^ help: a local variable with a similar name exists: `datapoint`

error[E0425]: cannot find value `data_point` in this scope
   --> scirs2-text/src/performance.rs:745:22
    |
745 |         stats.update(data_point.processing_time.as_millis() as f64);
    |                      ^^^^^^^^^^ help: a local variable with a similar name exists: `datapoint`

error[E0425]: cannot find value `alert_type` in this scope
   --> scirs2-text/src/performance.rs:750:34
    |
750 |         *self.alert_counts.entry(alert_type.to_string()).or_insert(0) += 1;
    |                                  ^^^^^^^^^^ help: a local variable with a similar name exists: `alerttype`

error[E0425]: cannot find value `data_point` in this scope
   --> scirs2-text/src/performance.rs:877:37
    |
877 |             if self.matches_pattern(data_point, pattern) {
    |                                     ^^^^^^^^^^ help: a local variable with a similar name exists: `datapoint`

error[E0425]: cannot find value `optimization_id` in this scope
   --> scirs2-text/src/performance.rs:921:32
    |
921 |             .find(|r| r._id == optimization_id)
    |                                ^^^^^^^^^^^^^^^ help: a local variable with a similar name exists: `optimizationid`

error[E0425]: cannot find value `optimization_id` in this scope
   --> scirs2-text/src/performance.rs:939:38
    |
939 |                 .retain(|r| r._id != optimization_id);
    |                                      ^^^^^^^^^^^^^^^ help: a local variable with a similar name exists: `optimizationid`

error[E0425]: cannot find value `optimization_id` in this scope
   --> scirs2-text/src/performance.rs:944:43
    |
944 |                 "Optimization not found: {optimization_id}"
    |                                           ^^^^^^^^^^^^^^^ help: a local variable with a similar name exists: `optimizationid`

error[E0425]: cannot find value `pos_tags` in this scope
    --> scirs2-text/src/pos_tagging.rs:1682:51
     |
1682 |         self.lemmatizer.lemmatize_with_pos(words, pos_tags)
     |                                                   ^^^^^^^^ help: a local variable with a similar name exists: `postags`

error[E0425]: cannot find value `use_pos` in this scope
    --> scirs2-text/src/pos_tagging.rs:1697:35
     |
1697 |         self.use_pos_by_default = use_pos;
     |                                   ^^^^^^^ help: a local variable with a similar name exists: `usepos`

error[E0425]: cannot find value `lowercase` in this scope
  --> scirs2-text/src/preprocess.rs:60:13
   |
52 |     lowercase: bool,
   |     --------- a field by that name exists in `Self`
...
58 |     pub fn new(_lowercase: bool, unicodenormalization: bool) -> Self {
   |                ---------- `_lowercase` defined here
59 |         Self {
60 |             lowercase,
   |             ^^^^^^^^^
   |
help: the leading underscore in `_lowercase` marks it as unused, consider renaming it to `lowercase`
   |
58 -     pub fn new(_lowercase: bool, unicodenormalization: bool) -> Self {
58 +     pub fn new(lowercase: bool, unicodenormalization: bool) -> Self {
   |

error[E0423]: expected value, found crate `unicode_normalization`
  --> scirs2-text/src/preprocess.rs:61:13
   |
53 |     unicode_normalization: bool,
   |     --------------------- a field by that name exists in `Self`
...
61 |             unicode_normalization,
   |             ^^^^^^^^^^^^^^^^^^^^^ help: a local variable with a similar name exists: `unicodenormalization`

error[E0425]: cannot find value `_embeddings` in this scope
  --> scirs2-text/src/semantic_similarity.rs:21:16
   |
21 |         Self { _embeddings }
   |                ^^^^^^^^^^^ help: a local variable with a similar name exists: `embeddings`

error[E0425]: cannot find value `_tokens` in this scope
  --> scirs2-text/src/semantic_similarity.rs:95:23
   |
95 |         for &token in _tokens {
   |                       ^^^^^^^ help: a local variable with a similar name exists: `tokens`

error[E0425]: cannot find value `_similarity_matrix` in this scope
   --> scirs2-text/src/semantic_similarity.rs:163:16
    |
163 |         Self { _similarity_matrix }
    |                ^^^^^^^^^^^^^^^^^^ help: a local variable with a similar name exists: `_similaritymatrix`

error[E0425]: cannot find value `_embeddings` in this scope
   --> scirs2-text/src/semantic_similarity.rs:174:45
    |
174 |                     Self::cosine_similarity(_embeddings[*word1].view(), embeddings[*word2].view());
    |                                             ^^^^^^^^^^^ help: a local variable with a similar name exists: `embeddings`

error[E0425]: cannot find value `_tokens` in this scope
   --> scirs2-text/src/semantic_similarity.rs:256:22
    |
256 |         for token in _tokens {
    |                      ^^^^^^^ help: a local variable with a similar name exists: `tokens`

error[E0425]: cannot find value `embeddings` in this scope
   --> scirs2-text/src/semantic_similarity.rs:384:13
    |
376 |     embeddings: HashMap<String, Array1<f64>>,
    |     ---------- a field by that name exists in `Self`
...
382 |     pub fn new(_embeddings: HashMap<String, Array1<f64>>, synonymthreshold: f64) -> Self {
    |                ----------- `_embeddings` defined here
383 |         Self {
384 |             embeddings,
    |             ^^^^^^^^^^
    |
help: the leading underscore in `_embeddings` marks it as unused, consider renaming it to `embeddings`
    |
382 -     pub fn new(_embeddings: HashMap<String, Array1<f64>>, synonymthreshold: f64) -> Self {
382 +     pub fn new(embeddings: HashMap<String, Array1<f64>>, synonymthreshold: f64) -> Self {
    |

error[E0425]: cannot find value `synonym_threshold` in this scope
   --> scirs2-text/src/semantic_similarity.rs:385:13
    |
377 |     synonym_threshold: f64,
    |     ----------------- a field by that name exists in `Self`
...
385 |             synonym_threshold,
    |             ^^^^^^^^^^^^^^^^^ help: a local variable with a similar name exists: `synonymthreshold`

error[E0425]: cannot find value `skip_distance` in this scope
   --> scirs2-text/src/semantic_similarity.rs:594:13
    |
578 |     skip_distance: usize,
    |     ------------- a field by that name exists in `Self`
...
594 |             skip_distance,
    |             ^^^^^^^^^^^^^ help: a local variable with a similar name exists: `skipdistance`

error[E0425]: cannot find value `soft_cosine` in this scope
   --> scirs2-text/src/semantic_similarity.rs:762:33
    |
762 |         self.soft_cosine = Some(soft_cosine);
    |                                 ^^^^^^^^^^^
    |
help: you might have meant to use the available field
    |
762 |         self.soft_cosine = Some(self.soft_cosine);
    |                                 +++++
help: a local variable with a similar name exists
    |
762 -         self.soft_cosine = Some(soft_cosine);
762 +         self.soft_cosine = Some(softcosine);
    |

error[E0425]: cannot find value `weighted_jaccard` in this scope
   --> scirs2-text/src/semantic_similarity.rs:768:38
    |
768 |         self.weighted_jaccard = Some(weighted_jaccard);
    |                                      ^^^^^^^^^^^^^^^^
    |
help: you might have meant to use the available field
    |
768 |         self.weighted_jaccard = Some(self.weighted_jaccard);
    |                                      +++++
help: a local variable with a similar name exists
    |
768 -         self.weighted_jaccard = Some(weighted_jaccard);
768 +         self.weighted_jaccard = Some(weightedjaccard);
    |

error[E0425]: cannot find value `semantic_edit` in this scope
   --> scirs2-text/src/semantic_similarity.rs:774:35
    |
774 |         self.semantic_edit = Some(semantic_edit);
    |                                   ^^^^^^^^^^^^^
    |
help: you might have meant to use the available field
    |
774 |         self.semantic_edit = Some(self.semantic_edit);
    |                                   +++++
help: a local variable with a similar name exists
    |
774 -         self.semantic_edit = Some(semantic_edit);
774 +         self.semantic_edit = Some(semanticedit);
    |

error[E0425]: cannot find value `ngram_semantic` in this scope
   --> scirs2-text/src/semantic_similarity.rs:789:36
    |
789 |         self.ngram_semantic = Some(ngram_semantic);
    |                                    ^^^^^^^^^^^^^^
    |
help: you might have meant to use the available field
    |
789 |         self.ngram_semantic = Some(self.ngram_semantic);
    |                                    +++++
help: a local variable with a similar name exists
    |
789 -         self.ngram_semantic = Some(ngram_semantic);
789 +         self.ngram_semantic = Some(ngramsemantic);
    |

error[E0425]: cannot find value `max_depth` in this scope
   --> scirs2-text/src/semantic_similarity.rs:907:13
    |
884 |     max_depth: usize,
    |     --------- a field by that name exists in `Self`
...
907 |             max_depth,
    |             ^^^^^^^^^ help: a local variable with a similar name exists: `_maxdepth`

error[E0425]: cannot find value `_word_relations` in this scope
   --> scirs2-text/src/semantic_similarity.rs:923:32
    |
923 |         for (child, parent) in _word_relations {
    |                                ^^^^^^^^^^^^^^^ help: a local variable with a similar name exists: `_wordrelations`

error[E0425]: cannot find value `window_size` in this scope
    --> scirs2-text/src/semantic_similarity.rs:1156:42
     |
1156 |             let start = i.saturating_sub(window_size);
     |                                          ^^^^^^^^^^^ help: a local variable with a similar name exists: `windowsize`

error[E0425]: cannot find value `window_size` in this scope
    --> scirs2-text/src/semantic_similarity.rs:1157:28
     |
1157 |             let end = (i + window_size + 1).min(tokens.len());
     |                            ^^^^^^^^^^^ help: a local variable with a similar name exists: `windowsize`

error[E0425]: cannot find value `top_k` in this scope
    --> scirs2-text/src/semantic_similarity.rs:1257:31
     |
1257 |         similarities.truncate(top_k);
     |                               ^^^^^ help: a local variable with a similar name exists: `topk`

error[E0425]: cannot find value `similarity_metric` in this scope
    --> scirs2-text/src/semantic_similarity.rs:1290:13
     |
1271 |     similarity_metric: TopicSimilarityMetric,
     |     ----------------- a field by that name exists in `Self`
...
1290 |             similarity_metric,
     |             ^^^^^^^^^^^^^^^^^ help: a local variable with a similar name exists: `_similaritymetric`

error[E0425]: cannot find value `topic_distribution` in this scope
    --> scirs2-text/src/semantic_similarity.rs:1296:49
     |
1296 |         self.topic_distributions.insert(doc_id, topic_distribution);
     |                                                 ^^^^^^^^^^^^^^^^^^ help: a local variable with a similar name exists: `topicdistribution`

error[E0425]: cannot find value `doc_id2` in this scope
    --> scirs2-text/src/semantic_similarity.rs:1307:18
     |
1307 |             .get(doc_id2)
     |                  ^^^^^^^ help: a local variable with a similar name exists: `doc_id1`

error[E0425]: cannot find value `doc_id2` in this scope
    --> scirs2-text/src/semantic_similarity.rs:1308:71
     |
1308 |             .ok_or_else(|| TextError::InvalidInput(format!("Document {doc_id2} not found")))?;
     |                                                                       ^^^^^^^ help: a local variable with a similar name exists: `doc_id1`

error[E0425]: cannot find value `top_k` in this scope
    --> scirs2-text/src/semantic_similarity.rs:1386:31
     |
1386 |         similarities.truncate(top_k);
     |                               ^^^^^ help: a local variable with a similar name exists: `topk`

error[E0425]: cannot find value `_score` in this scope
  --> scirs2-text/src/sentiment.rs:43:12
   |
43 |         if _score > 0.0 {
   |            ^^^^^^ help: a local variable with a similar name exists: `score`

error[E0425]: cannot find value `_score` in this scope
  --> scirs2-text/src/sentiment.rs:45:19
   |
45 |         } else if _score < 0.0 {
   |                   ^^^^^^ help: a local variable with a similar name exists: `score`

error[E0425]: cannot find value `base_scores` in this scope
   --> scirs2-text/src/sentiment.rs:361:35
    |
361 |         let mut modified_scores = base_scores.to_vec();
    |                                   ^^^^^^^^^^^ help: a local variable with a similar name exists: `basescores`

error[E0425]: cannot find value `_lexicon` in this scope
   --> scirs2-text/src/sentiment.rs:398:58
    |
398 |             base_analyzer: LexiconSentimentAnalyzer::new(_lexicon),
    |                                                          ^^^^^^^^ help: a local variable with a similar name exists: `lexicon`

error[E0425]: cannot find value `_data` in this scope
   --> scirs2-text/src/simd_ops.rs:144:20
    |
144 |             return _data
    |                    ^^^^^ help: a local variable with a similar name exists: `data`

error[E0425]: cannot find value `_haystack` in this scope
   --> scirs2-text/src/simd_ops.rs:193:38
    |
193 |         if !Self::is_available() || !_haystack.is_ascii() || !needle.is_ascii() {
    |                                      ^^^^^^^^^ help: a local variable with a similar name exists: `haystack`

error[E0425]: cannot find value `_chunk` in this scope
   --> scirs2-text/src/simd_ops.rs:622:22
    |
622 |         for &byte in _chunk {
    |                      ^^^^^^ help: a local variable with a similar name exists: `chunk`

error[E0425]: cannot find value `_strings` in this scope
   --> scirs2-text/src/simd_ops.rs:692:55
    |
692 |             return Self::longest_common_prefix_scalar(_strings);
    |                                                       ^^^^^^^^ help: a local variable with a similar name exists: `strings`

error[E0425]: cannot find value `_strings` in this scope
   --> scirs2-text/src/simd_ops.rs:709:28
    |
709 |                 for &s in &_strings[1..] {
    |                            ^^^^^^^^ help: a local variable with a similar name exists: `strings`

error[E0425]: cannot find value `_slice1` in this scope
   --> scirs2-text/src/simd_ops.rs:818:20
    |
818 |             return _slice1 == slice2;
    |                    ^^^^^^^ help: a local variable with a similar name exists: `slice1`

error[E0425]: cannot find value `distance` in this scope
   --> scirs2-text/src/simd_ops.rs:887:41
    |
884 |                     let _distance = Self::edit_distance_simd(window, pattern);
    |                         --------- `_distance` defined here
...
887 |                         best_distance = distance;
    |                                         ^^^^^^^^
    |
help: the leading underscore in `_distance` marks it as unused, consider renaming it to `distance`
    |
884 -                     let _distance = Self::edit_distance_simd(window, pattern);
884 +                     let distance = Self::edit_distance_simd(window, pattern);
    |

error[E0425]: cannot find value `_s1` in this scope
   --> scirs2-text/src/simd_ops.rs:917:50
    |
917 |             return SimdEditDistance::levenshtein(_s1, s2);
    |                                                  ^^^ help: a local variable with a similar name exists: `s1`

error[E0425]: cannot find value `max_distance` in this scope
   --> scirs2-text/src/simd_ops.rs:976:54
    |
976 |             let min_len = pattern_len.saturating_sub(max_distance).max(1);
    |                                                      ^^^^^^^^^^^^ help: a local variable with a similar name exists: `maxdistance`

error[E0425]: cannot find value `max_distance` in this scope
   --> scirs2-text/src/simd_ops.rs:977:41
    |
977 |             let max_len = pattern_len + max_distance;
    |                                         ^^^^^^^^^^^^ help: a local variable with a similar name exists: `maxdistance`

error[E0425]: cannot find value `max_distance` in this scope
   --> scirs2-text/src/simd_ops.rs:984:37
    |
984 |                     if _distance <= max_distance && _distance < best_distance {
    |                                     ^^^^^^^^^^^^ help: a local variable with a similar name exists: `maxdistance`

error[E0425]: cannot find value `distance` in this scope
   --> scirs2-text/src/simd_ops.rs:985:41
    |
982 |                     let _distance = SimdEditDistance::levenshtein(window, pattern);
    |                         --------- `_distance` defined here
...
985 |                         best_distance = distance;
    |                                         ^^^^^^^^
    |
help: the leading underscore in `_distance` marks it as unused, consider renaming it to `distance`
    |
982 -                     let _distance = SimdEditDistance::levenshtein(window, pattern);
982 +                     let distance = SimdEditDistance::levenshtein(window, pattern);
    |

error[E0425]: cannot find value `_ngrams` in this scope
    --> scirs2-text/src/simd_ops.rs:1170:26
     |
1170 |             for ngram in _ngrams {
     |                          ^^^^^^^ help: a local variable with a similar name exists: `ngrams`

error[E0425]: cannot find value `n_rows` in this scope
  --> scirs2-text/src/sparse.rs:58:13
   |
20 |     n_rows: usize,
   |     ------ a field by that name exists in `Self`
...
53 |     pub fn zeros(_n_rows: usize, ncols: usize) -> Self {
   |                  ------- `_n_rows` defined here
...
58 |             n_rows,
   |             ^^^^^^
   |
help: the leading underscore in `_n_rows` marks it as unused, consider renaming it to `n_rows`
   |
53 -     pub fn zeros(_n_rows: usize, ncols: usize) -> Self {
53 +     pub fn zeros(n_rows: usize, ncols: usize) -> Self {
   |

error[E0425]: cannot find value `n_cols` in this scope
  --> scirs2-text/src/sparse.rs:59:13
   |
22 |     n_cols: usize,
   |     ------ a field by that name exists in `Self`
...
59 |             n_cols,
   |             ^^^^^^ help: a local variable with a similar name exists: `ncols`

error[E0425]: cannot find value `row_idx` in this scope
   --> scirs2-text/src/sparse.rs:100:12
    |
100 |         if row_idx >= self.n_rows {
    |            ^^^^^^^ help: a local variable with a similar name exists: `rowidx`

error[E0425]: cannot find value `row_idx` in this scope
   --> scirs2-text/src/sparse.rs:103:17
    |
103 |                 row_idx, self.n_rows
    |                 ^^^^^^^ help: a local variable with a similar name exists: `rowidx`

error[E0425]: cannot find value `row_idx` in this scope
   --> scirs2-text/src/sparse.rs:107:35
    |
107 |         let start = self.row_ptrs[row_idx];
    |                                   ^^^^^^^ help: a local variable with a similar name exists: `rowidx`

error[E0425]: cannot find value `row_idx` in this scope
   --> scirs2-text/src/sparse.rs:108:33
    |
108 |         let end = self.row_ptrs[row_idx + 1];
    |                                 ^^^^^^^ help: a local variable with a similar name exists: `rowidx`

error[E0425]: cannot find value `n_rows` in this scope
   --> scirs2-text/src/sparse.rs:297:13
    |
288 |     n_rows: usize,
    |     ------ a field by that name exists in `Self`
...
294 |     pub fn new(_n_rows: usize, ncols: usize) -> Self {
    |                ------- `_n_rows` defined here
...
297 |             n_rows,
    |             ^^^^^^
    |
help: the leading underscore in `_n_rows` marks it as unused, consider renaming it to `n_rows`
    |
294 -     pub fn new(_n_rows: usize, ncols: usize) -> Self {
294 +     pub fn new(n_rows: usize, ncols: usize) -> Self {
    |

error[E0425]: cannot find value `n_cols` in this scope
   --> scirs2-text/src/sparse.rs:298:13
    |
289 |     n_cols: usize,
    |     ------ a field by that name exists in `Self`
...
298 |             n_cols,
    |             ^^^^^^ help: a local variable with a similar name exists: `ncols`

error[E0425]: cannot find value `n_cols` in this scope
   --> scirs2-text/src/sparse.rs:380:13
    |
372 |     n_cols: usize,
    |     ------ a field by that name exists in `Self`
...
380 |             n_cols,
    |             ^^^^^^ help: a local variable with a similar name exists: `_ncols`

error[E0425]: cannot find value `n_rows` in this scope
   --> scirs2-text/src/sparse.rs:443:13
    |
431 |     n_rows: usize,
    |     ------ a field by that name exists in `Self`
...
438 |     pub fn new(_n_rows: usize, ncols: usize) -> Self {
    |                ------- `_n_rows` defined here
...
443 |             n_rows,
    |             ^^^^^^
    |
help: the leading underscore in `_n_rows` marks it as unused, consider renaming it to `n_rows`
    |
438 -     pub fn new(_n_rows: usize, ncols: usize) -> Self {
438 +     pub fn new(n_rows: usize, ncols: usize) -> Self {
    |

error[E0425]: cannot find value `n_cols` in this scope
   --> scirs2-text/src/sparse.rs:444:13
    |
433 |     n_cols: usize,
    |     ------ a field by that name exists in `Self`
...
444 |             n_cols,
    |             ^^^^^^ help: a local variable with a similar name exists: `ncols`

error[E0425]: cannot find value `_coo` in this scope
   --> scirs2-text/src/sparse.rs:529:43
    |
529 |         let mut indices: Vec<usize> = (0.._coo.values.len()).collect();
    |                                           ^^^^ help: a local variable with a similar name exists: `coo`

error[E0425]: cannot find value `_coo` in this scope
   --> scirs2-text/src/sparse.rs:530:35
    |
530 |         indices.sort_by_key(|&i| (_coo.col_indices[i], coo.row_indices[i]));
    |                                   ^^^^ help: a local variable with a similar name exists: `coo`

error[E0425]: cannot find value `_coo` in this scope
   --> scirs2-text/src/sparse.rs:532:45
    |
532 |         let mut values = Vec::with_capacity(_coo.values.len());
    |                                             ^^^^ help: a local variable with a similar name exists: `coo`

error[E0425]: cannot find value `_coo` in this scope
   --> scirs2-text/src/sparse.rs:533:50
    |
533 |         let mut row_indices = Vec::with_capacity(_coo.values.len());
    |                                                  ^^^^ help: a local variable with a similar name exists: `coo`

error[E0425]: cannot find value `_coo` in this scope
   --> scirs2-text/src/sparse.rs:546:25
    |
546 |             values.push(_coo.values[idx]);
    |                         ^^^^ help: a local variable with a similar name exists: `coo`

error[E0425]: cannot find value `_coo` in this scope
   --> scirs2-text/src/sparse.rs:547:30
    |
547 |             row_indices.push(_coo.row_indices[idx]);
    |                              ^^^^ help: a local variable with a similar name exists: `coo`

error[E0425]: cannot find value `col_idx` in this scope
   --> scirs2-text/src/sparse.rs:566:12
    |
566 |         if col_idx >= self.n_cols {
    |            ^^^^^^^ help: a local variable with a similar name exists: `colidx`

error[E0425]: cannot find value `col_idx` in this scope
   --> scirs2-text/src/sparse.rs:569:17
    |
569 |                 col_idx, self.n_cols
    |                 ^^^^^^^ help: a local variable with a similar name exists: `colidx`

error[E0425]: cannot find value `col_idx` in this scope
   --> scirs2-text/src/sparse.rs:573:35
    |
573 |         let start = self.col_ptrs[col_idx];
    |                                   ^^^^^^^ help: a local variable with a similar name exists: `colidx`

error[E0425]: cannot find value `col_idx` in this scope
   --> scirs2-text/src/sparse.rs:574:33
    |
574 |         let end = self.col_ptrs[col_idx + 1];
    |                                 ^^^^^^^ help: a local variable with a similar name exists: `colidx`

error[E0425]: cannot find value `block_size` in this scope
   --> scirs2-text/src/sparse.rs:648:13
    |
635 |     block_size: usize,
    |     ---------- a field by that name exists in `Self`
...
648 |             block_size,
    |             ^^^^^^^^^^ help: a local variable with a similar name exists: `blocksize`

error[E0425]: cannot find value `n_rows` in this scope
   --> scirs2-text/src/sparse.rs:650:13
    |
639 |     n_rows: usize,
    |     ------ a field by that name exists in `Self`
...
646 |     pub fn new(_n_rows: usize, n_cols: usize, blocksize: usize) -> Self {
    |                ------- `_n_rows` defined here
...
650 |             n_rows,
    |             ^^^^^^
    |
help: the leading underscore in `_n_rows` marks it as unused, consider renaming it to `n_rows`
    |
646 -     pub fn new(_n_rows: usize, n_cols: usize, blocksize: usize) -> Self {
646 +     pub fn new(n_rows: usize, n_cols: usize, blocksize: usize) -> Self {
    |

error[E0425]: cannot find value `n_rows` in this scope
   --> scirs2-text/src/sparse.rs:740:13
    |
712 |     n_rows: usize,
    |     ------ a field by that name exists in `Self`
...
731 |         _n_rows: usize,
    |         ------- `_n_rows` defined here
...
740 |             n_rows,
    |             ^^^^^^
    |
help: the leading underscore in `_n_rows` marks it as unused, consider renaming it to `n_rows`
    |
731 -         _n_rows: usize,
731 +         n_rows: usize,
    |

error[E0425]: cannot find value `_indices` in this scope
   --> scirs2-text/src/sparse.rs:858:21
    |
858 |         for &idx in _indices {
    |                     ^^^^^^^^ help: a local variable with a similar name exists: `indices`

error[E0425]: cannot find value `block_size` in this scope
   --> scirs2-text/src/sparse.rs:975:13
    |
966 |     block_size: usize,
    |     ---------- a field by that name exists in `Self`
...
975 |             block_size,
    |             ^^^^^^^^^^ help: a local variable with a similar name exists: `_blocksize`

error[E0425]: cannot find value `_coo` in this scope
    --> scirs2-text/src/sparse.rs:1037:33
     |
1037 |         let (n_rows, n_cols) = (_coo.n_rows, coo.n_cols);
     |                                 ^^^^ help: a local variable with a similar name exists: `coo`

error[E0425]: cannot find value `_coo` in this scope
    --> scirs2-text/src/sparse.rs:1053:44
     |
1053 |             Self::Csc(CscMatrix::from_coo(&_coo))
     |                                            ^^^^ help: a local variable with a similar name exists: `coo`

error[E0425]: cannot find value `_coo` in this scope
    --> scirs2-text/src/sparse.rs:1056:23
     |
1056 |             Self::Csr(_coo.to_csr())
     |                       ^^^^ help: a local variable with a similar name exists: `coo`

error[E0425]: cannot find value `chunk_size` in this scope
    --> scirs2-text/src/sparse.rs:1085:13
     |
1076 |     chunk_size: usize,
     |     ---------- a field by that name exists in `Self`
...
1083 |     pub fn new(_chunk_size: usize, memorylimit: usize) -> Self {
     |                ----------- `_chunk_size` defined here
1084 |         Self {
1085 |             chunk_size,
     |             ^^^^^^^^^^
     |
help: the leading underscore in `_chunk_size` marks it as unused, consider renaming it to `chunk_size`
     |
1083 -     pub fn new(_chunk_size: usize, memorylimit: usize) -> Self {
1083 +     pub fn new(chunk_size: usize, memorylimit: usize) -> Self {
     |

error[E0425]: cannot find value `memory_limit` in this scope
    --> scirs2-text/src/sparse.rs:1086:13
     |
1078 |     memory_limit: usize,
     |     ------------ a field by that name exists in `Self`
...
1086 |             memory_limit,
     |             ^^^^^^^^^^^^ help: a local variable with a similar name exists: `memorylimit`

error[E0425]: cannot find value `matrix` in this scope
    --> scirs2-text/src/sparse.rs:1158:32
     |
1157 |     pub fn from_csr(_matrix: &CsrMatrix, sketchsize: usize) -> Self {
     |                     ------- `_matrix` defined here
1158 |         let (n_rows, n_cols) = matrix.shape();
     |                                ^^^^^^
     |
help: the leading underscore in `_matrix` marks it as unused, consider renaming it to `matrix`
     |
1157 -     pub fn from_csr(_matrix: &CsrMatrix, sketchsize: usize) -> Self {
1157 +     pub fn from_csr(matrix: &CsrMatrix, sketchsize: usize) -> Self {
     |

error[E0425]: cannot find value `matrix` in this scope
    --> scirs2-text/src/sparse.rs:1162:30
     |
1157 |     pub fn from_csr(_matrix: &CsrMatrix, sketchsize: usize) -> Self {
     |                     ------- `_matrix` defined here
...
1162 |             if let Ok(row) = matrix.get_row(row_idx) {
     |                              ^^^^^^
     |
help: the leading underscore in `_matrix` marks it as unused, consider renaming it to `matrix`
     |
1157 -     pub fn from_csr(_matrix: &CsrMatrix, sketchsize: usize) -> Self {
1157 +     pub fn from_csr(matrix: &CsrMatrix, sketchsize: usize) -> Self {
     |

error[E0425]: cannot find value `sketch_size` in this scope
    --> scirs2-text/src/sparse.rs:1163:60
     |
1148 |     sketch_size: usize,
     |     ----------- a field by that name exists in `Self`
...
1163 |                 let sketch = Self::create_row_sketch(&row, sketch_size);
     |                                                            ^^^^^^^^^^^ help: a local variable with a similar name exists: `sketchsize`

error[E0425]: cannot find value `sketch_size` in this scope
    --> scirs2-text/src/sparse.rs:1172:13
     |
1148 |     sketch_size: usize,
     |     ----------- a field by that name exists in `Self`
...
1172 |             sketch_size,
     |             ^^^^^^^^^^^ help: a local variable with a similar name exists: `sketchsize`

error[E0425]: cannot find value `sketch_size` in this scope
    --> scirs2-text/src/sparse.rs:1180:47
     |
1148 |     sketch_size: usize,
     |     ----------- a field by that name exists in `Self`
...
1180 |         let mut sketch = vec![(0u32, 0.0f32); sketch_size];
     |                                               ^^^^^^^^^^^ help: a local variable with a similar name exists: `sketchsize`

error[E0425]: cannot find value `row` in this scope
    --> scirs2-text/src/sparse.rs:1182:29
     |
1179 |     fn create_row_sketch(_row: &SparseVector, sketchsize: usize) -> Vec<(u32, f32)> {
     |                          ---- `_row` defined here
...
1182 |         for (&idx, &val) in row.indices().iter().zip(_row.values().iter()) {
     |                             ^^^
     |
help: the leading underscore in `_row` marks it as unused, consider renaming it to `row`
     |
1179 -     fn create_row_sketch(_row: &SparseVector, sketchsize: usize) -> Vec<(u32, f32)> {
1179 +     fn create_row_sketch(row: &SparseVector, sketchsize: usize) -> Vec<(u32, f32)> {
     |

error[E0425]: cannot find value `sketch_size` in this scope
    --> scirs2-text/src/sparse.rs:1184:57
     |
1148 |     sketch_size: usize,
     |     ----------- a field by that name exists in `Self`
...
1184 |             let hash = ((idx as u64 * 2654435761u64) % (sketch_size as u64)) as usize;
     |                                                         ^^^^^^^^^^^ help: a local variable with a similar name exists: `sketchsize`

error[E0425]: cannot find value `_sparse` in this scope
    --> scirs2-text/src/sparse.rs:1261:23
     |
1261 |         let max_val = _sparse
     |                       ^^^^^^^ help: a local variable with a similar name exists: `sparse`

error[E0425]: cannot find value `_sparse` in this scope
    --> scirs2-text/src/sparse.rs:1273:31
     |
1273 |         let values: Vec<i8> = _sparse
     |                               ^^^^^^^ help: a local variable with a similar name exists: `sparse`

error[E0425]: cannot find value `max_distance` in this scope
   --> scirs2-text/src/spelling/error_model.rs:102:34
    |
102 |         self.max_edit_distance = max_distance;
    |                                  ^^^^^^^^^^^^ help: a local variable with a similar name exists: `maxdistance`

error[E0425]: cannot find value `_order` in this scope
  --> scirs2-text/src/spelling/ngram.rs:62:12
   |
62 |         if _order > 3 {
   |            ^^^^^^ help: a local variable with a similar name exists: `order`

error[E0425]: cannot find value `typos` in this scope
   --> scirs2-text/src/spelling/ngram.rs:311:13
    |
299 |         let mut _typos = HashSet::new();
    |                 ------ `_typos` defined here
...
311 |             typos.insert(new_word);
    |             ^^^^^
    |
help: the leading underscore in `_typos` marks it as unused, consider renaming it to `typos`
    |
299 -         let mut _typos = HashSet::new();
299 +         let mut typos = HashSet::new();
    |

error[E0425]: cannot find value `typos` in this scope
   --> scirs2-text/src/spelling/ngram.rs:318:13
    |
299 |         let mut _typos = HashSet::new();
    |                 ------ `_typos` defined here
...
318 |             typos.insert(new_chars.iter().collect());
    |             ^^^^^
    |
help: the leading underscore in `_typos` marks it as unused, consider renaming it to `typos`
    |
299 -         let mut _typos = HashSet::new();
299 +         let mut typos = HashSet::new();
    |

error[E0425]: cannot find value `typos` in this scope
   --> scirs2-text/src/spelling/ngram.rs:326:17
    |
299 |         let mut _typos = HashSet::new();
    |                 ------ `_typos` defined here
...
326 |                 typos.insert(new_chars.iter().collect());
    |                 ^^^^^
    |
help: the leading underscore in `_typos` marks it as unused, consider renaming it to `typos`
    |
299 -         let mut _typos = HashSet::new();
299 +         let mut typos = HashSet::new();
    |

error[E0425]: cannot find value `typos` in this scope
   --> scirs2-text/src/spelling/ngram.rs:336:21
    |
299 |         let mut _typos = HashSet::new();
    |                 ------ `_typos` defined here
...
336 |                     typos.insert(new_chars.iter().collect());
    |                     ^^^^^
    |
help: the leading underscore in `_typos` marks it as unused, consider renaming it to `typos`
    |
299 -         let mut _typos = HashSet::new();
299 +         let mut typos = HashSet::new();
    |

error[E0425]: cannot find value `typos` in this scope
   --> scirs2-text/src/spelling/ngram.rs:342:37
    |
299 |         let mut _typos = HashSet::new();
    |                 ------ `_typos` defined here
...
342 |         let mut typos_vec: Vec<_> = typos.into_iter().collect();
    |                                     ^^^^^
    |
help: the leading underscore in `_typos` marks it as unused, consider renaming it to `typos`
    |
299 -         let mut _typos = HashSet::new();
299 +         let mut typos = HashSet::new();
    |

error[E0425]: cannot find value `num_typos` in this scope
   --> scirs2-text/src/spelling/ngram.rs:352:28
    |
352 |         typos_vec.truncate(num_typos);
    |                            ^^^^^^^^^ help: a local variable with a similar name exists: `numtypos`

error[E0425]: cannot find value `dict_corrector` in this scope
   --> scirs2-text/src/spelling/statistical.rs:180:32
    |
180 |             max_edit_distance: dict_corrector.config.max_edit_distance,
    |                                ^^^^^^^^^^^^^^ help: a local variable with a similar name exists: `dictcorrector`

error[E0425]: cannot find value `dict_corrector` in this scope
   --> scirs2-text/src/spelling/statistical.rs:181:29
    |
181 |             case_sensitive: dict_corrector.config.case_sensitive,
    |                             ^^^^^^^^^^^^^^ help: a local variable with a similar name exists: `dictcorrector`

error[E0425]: cannot find value `dict_corrector` in this scope
   --> scirs2-text/src/spelling/statistical.rs:182:30
    |
182 |             max_suggestions: dict_corrector.config.max_suggestions,
    |                              ^^^^^^^^^^^^^^ help: a local variable with a similar name exists: `dictcorrector`

error[E0425]: cannot find value `dict_corrector` in this scope
   --> scirs2-text/src/spelling/statistical.rs:183:28
    |
183 |             min_frequency: dict_corrector.config.min_frequency,
    |                            ^^^^^^^^^^^^^^ help: a local variable with a similar name exists: `dictcorrector`

error[E0425]: cannot find value `dict_corrector` in this scope
   --> scirs2-text/src/spelling/statistical.rs:188:25
    |
188 |             dictionary: dict_corrector.dictionary.clone(),
    |                         ^^^^^^^^^^^^^^ help: a local variable with a similar name exists: `dictcorrector`

error[E0425]: cannot find value `dict_corrector` in this scope
   --> scirs2-text/src/spelling/statistical.rs:190:21
    |
190 |             metric: dict_corrector.metric.clone(),
    |                     ^^^^^^^^^^^^^^ help: a local variable with a similar name exists: `dictcorrector`

error[E0425]: cannot find value `case_sensitive` in this scope
  --> scirs2-text/src/spelling/utils.rs:16:9
   |
16 |     if !case_sensitive {
   |         ^^^^^^^^^^^^^^ help: a local variable with a similar name exists: `casesensitive`

error[E0425]: cannot find value `word1` in this scope
  --> scirs2-text/src/spelling/utils.rs:48:5
   |
47 | pub fn is_within_length_threshold(_word1: &str, word2: &str, max_editdistance: usize) -> bool {
   |                                   ------ `_word1` defined here
48 |     word1.len() <= word2.len() + max_edit_distance
   |     ^^^^^
   |
help: the leading underscore in `_word1` marks it as unused, consider renaming it to `word1`
   |
47 - pub fn is_within_length_threshold(_word1: &str, word2: &str, max_editdistance: usize) -> bool {
47 + pub fn is_within_length_threshold(word1: &str, word2: &str, max_editdistance: usize) -> bool {
   |

error[E0425]: cannot find value `max_edit_distance` in this scope
  --> scirs2-text/src/spelling/utils.rs:48:34
   |
48 |     word1.len() <= word2.len() + max_edit_distance
   |                                  ^^^^^^^^^^^^^^^^^ help: a local variable with a similar name exists: `max_editdistance`

error[E0425]: cannot find value `word1` in this scope
  --> scirs2-text/src/spelling/utils.rs:49:12
   |
47 | pub fn is_within_length_threshold(_word1: &str, word2: &str, max_editdistance: usize) -> bool {
   |                                   ------ `_word1` defined here
48 |     word1.len() <= word2.len() + max_edit_distance
49 |         && word1.len() + max_edit_distance >= word2.len()
   |            ^^^^^
   |
help: the leading underscore in `_word1` marks it as unused, consider renaming it to `word1`
   |
47 - pub fn is_within_length_threshold(_word1: &str, word2: &str, max_editdistance: usize) -> bool {
47 + pub fn is_within_length_threshold(word1: &str, word2: &str, max_editdistance: usize) -> bool {
   |

error[E0425]: cannot find value `max_edit_distance` in this scope
  --> scirs2-text/src/spelling/utils.rs:49:26
   |
49 |         && word1.len() + max_edit_distance >= word2.len()
   |                          ^^^^^^^^^^^^^^^^^ help: a local variable with a similar name exists: `max_editdistance`

error[E0425]: cannot find value `_path` in this scope
   --> scirs2-text/src/stemming/rule_lemmatizer.rs:643:31
    |
643 |         let file = File::open(_path).map_err(|e| {
    |                               ^^^^^ help: a local variable with a similar name exists: `path`

error[E0425]: cannot find value `_path` in this scope
   --> scirs2-text/src/stemming/rule_lemmatizer.rs:644:74
    |
644 |             TextError::IoError(format!("Failed to open dictionary file '{_path}': {e}"))
    |                                                                          ^^^^^ help: a local variable with a similar name exists: `path`

error[E0425]: cannot find value `pos_tags` in this scope
   --> scirs2-text/src/stemming/rule_lemmatizer.rs:837:13
    |
837 |             pos_tags.len(),
    |             ^^^^^^^^ help: a local variable with a similar name exists: `postags`

error[E0425]: cannot find value `pos_tags` in this scope
   --> scirs2-text/src/stemming/rule_lemmatizer.rs:843:18
    |
843 |             .zip(pos_tags.iter())
    |                  ^^^^^^^^ help: a local variable with a similar name exists: `postags`

error[E0425]: cannot find value `_language` in this scope
   --> scirs2-text/src/stemming.rs:410:42
    |
410 |                 "Unsupported _language: {_language}"
    |                                          ^^^^^^^^^ help: a local variable with a similar name exists: `language`

error[E0425]: cannot find value `_path` in this scope
  --> scirs2-text/src/streaming.rs:62:31
   |
62 |         let file = File::open(_path)
   |                               ^^^^^ help: a local variable with a similar name exists: `path`

error[E0425]: cannot find value `chunk_size` in this scope
   --> scirs2-text/src/streaming.rs:136:44
    |
136 |         let num_chunks = num_docs.div_ceil(chunk_size);
    |                                            ^^^^^^^^^^ help: a local variable with a similar name exists: `chunksize`

error[E0425]: cannot find value `chunk_size` in this scope
   --> scirs2-text/src/streaming.rs:141:41
    |
141 |                 let start = chunk_idx * chunk_size;
    |                                         ^^^^^^^^^^ help: a local variable with a similar name exists: `chunksize`

error[E0425]: cannot find value `chunk_size` in this scope
   --> scirs2-text/src/streaming.rs:142:46
    |
142 |                 let end = ((chunk_idx + 1) * chunk_size).min(num_docs);
    |                                              ^^^^^^^^^^ help: a local variable with a similar name exists: `chunksize`

error[E0423]: expected value, found macro `line`
   --> scirs2-text/src/streaming.rs:242:50
    |
242 |             let tokens = self.tokenizer.tokenize(line)?;
    |                                                  ^^^^
    |                                                  |
    |                                                  not a value
    |                                                  help: a local variable with a similar name exists: `line_`

error[E0425]: cannot find value `_count` in this scope
   --> scirs2-text/src/streaming.rs:252:17
    |
252 |             if *_count >= min_count {
    |                 ^^^^^^ not found in this scope

error[E0425]: cannot find value `token` in this scope
   --> scirs2-text/src/streaming.rs:253:33
    |
253 |                 vocab.add_token(token);
    |                                 ^^^^^ not found in this scope

error[E0425]: cannot find value `_path` in this scope
   --> scirs2-text/src/streaming.rs:343:31
    |
343 |         let file = File::open(_path)
    |                               ^^^^^ help: a local variable with a similar name exists: `path`

error[E0425]: cannot find value `chunk_size` in this scope
   --> scirs2-text/src/streaming.rs:353:13
    |
335 |     chunk_size: usize,
    |     ---------- a field by that name exists in `Self`
...
353 |             chunk_size,
    |             ^^^^^^^^^^ help: a local variable with a similar name exists: `chunksize`

error[E0425]: cannot find value `_paths` in this scope
   --> scirs2-text/src/streaming.rs:429:21
    |
429 |         for path in _paths {
    |                     ^^^^^^ help: a local variable with a similar name exists: `paths`

error[E0425]: cannot find value `global_index` in this scope
   --> scirs2-text/src/streaming.rs:452:12
    |
452 |         if global_index >= self.total_documents {
    |            ^^^^^^^^^^^^ help: a local variable with a similar name exists: `globalindex`

error[E0425]: cannot find value `global_index` in this scope
   --> scirs2-text/src/streaming.rs:454:35
    |
454 |                 "Document _index {global_index} out of range"
    |                                   ^^^^^^^^^^^^ help: a local variable with a similar name exists: `globalindex`

error[E0425]: cannot find value `global_index` in this scope
   --> scirs2-text/src/streaming.rs:459:67
    |
459 |         let file_idx = match self.file_boundaries.binary_search(&(global_index + 1)) {
    |                                                                   ^^^^^^^^^^^^ help: a local variable with a similar name exists: `globalindex`

error[E0425]: cannot find value `global_index` in this scope
   --> scirs2-text/src/streaming.rs:479:27
    |
479 |         let local_index = global_index.saturating_sub(self.file_boundaries[file_idx]);
    |                           ^^^^^^^^^^^^ help: a local variable with a similar name exists: `globalindex`

error[E0425]: cannot find value `sample_size` in this scope
   --> scirs2-text/src/streaming.rs:495:12
    |
495 |         if sample_size > self.total_documents {
    |            ^^^^^^^^^^^ help: a local variable with a similar name exists: `samplesize`

error[E0425]: cannot find value `sample_size` in this scope
   --> scirs2-text/src/streaming.rs:505:31
    |
505 |         while samples.len() < sample_size {
    |                               ^^^^^^^^^^^ help: a local variable with a similar name exists: `samplesize`

error[E0425]: cannot find value `corpus` in this scope
   --> scirs2-text/src/streaming.rs:551:13
    |
541 |     corpus: MemoryMappedCorpus,
    |     ------ a field by that name exists in `Self`
...
549 |     pub fn new(_corpus: MemoryMappedCorpus, cachesize: usize) -> Self {
    |                ------- `_corpus` defined here
550 |         Self {
551 |             corpus,
    |             ^^^^^^
    |
help: the leading underscore in `_corpus` marks it as unused, consider renaming it to `corpus`
    |
549 -     pub fn new(_corpus: MemoryMappedCorpus, cachesize: usize) -> Self {
549 +     pub fn new(corpus: MemoryMappedCorpus, cachesize: usize) -> Self {
    |

error[E0425]: cannot find value `cache_size` in this scope
   --> scirs2-text/src/streaming.rs:554:13
    |
544 |     cache_size: usize,
    |     ---------- a field by that name exists in `Self`
...
554 |             cache_size,
    |             ^^^^^^^^^^ help: a local variable with a similar name exists: `cachesize`

error[E0425]: cannot find value `_corpus` in this scope
   --> scirs2-text/src/streaming.rs:611:27
    |
611 |         for doc_idx in 0.._corpus.num_documents() {
    |                           ^^^^^^^ help: a local variable with a similar name exists: `corpus`

error[E0425]: cannot find value `num` in this scope
   --> scirs2-text/src/streaming.rs:754:30
    |
754 |             parallel_chunks: num,
    |                              ^^^ not found in this scope

error[E0425]: cannot find function `get` in this scope
   --> scirs2-text/src/streaming.rs:755:20
    |
755 |             _cpus: get(),
    |                    ^^^ not found in this scope
    |
help: consider importing this function
    |
6   + use num_cpus::get;
    |

error[E0425]: cannot find value `buffer_size` in this scope
   --> scirs2-text/src/streaming.rs:763:28
    |
763 |         self.buffer_size = buffer_size;
    |                            ^^^^^^^^^^^
    |
help: you might have meant to use the available field
    |
763 |         self.buffer_size = self.buffer_size;
    |                            +++++
help: a local variable with a similar name exists
    |
763 -         self.buffer_size = buffer_size;
763 +         self.buffer_size = buffersize;
    |

error[E0423]: expected value, found built-in attribute `doc`
   --> scirs2-text/src/streaming.rs:820:45
    |
820 |             let tokens = tokenizer.tokenize(doc)?;
    |                                             ^^^ not a value

error[E0423]: expected value, found built-in attribute `doc`
   --> scirs2-text/src/streaming.rs:821:30
    |
821 |             let char_count = doc.chars().count();
    |                              ^^^
    |
help: you might have meant to use `:` for type annotation
    |
821 -             let char_count = doc.chars().count();
821 +             let char_count: doc.chars().count();
    |

error[E0423]: expected value, found built-in attribute `doc`
   --> scirs2-text/src/streaming.rs:823:30
    |
823 |             let line_count = doc.lines().count();
    |                              ^^^
    |
help: you might have meant to use `:` for type annotation
    |
823 -             let line_count = doc.lines().count();
823 +             let line_count: doc.lines().count();
    |

error[E0425]: cannot find value `doc_stats` in this scope
   --> scirs2-text/src/streaming.rs:886:29
    |
886 |         self.total_words += doc_stats.word_count;
    |                             ^^^^^^^^^ help: a local variable with a similar name exists: `docstats`

error[E0425]: cannot find value `doc_stats` in this scope
   --> scirs2-text/src/streaming.rs:887:29
    |
887 |         self.total_chars += doc_stats.char_count;
    |                             ^^^^^^^^^ help: a local variable with a similar name exists: `docstats`

error[E0425]: cannot find value `doc_stats` in this scope
   --> scirs2-text/src/streaming.rs:888:29
    |
888 |         self.total_lines += doc_stats.line_count;
    |                             ^^^^^^^^^ help: a local variable with a similar name exists: `docstats`

error[E0425]: cannot find value `doc_stats` in this scope
   --> scirs2-text/src/streaming.rs:889:33
    |
889 |         self.vocabulary_size += doc_stats.unique_words;
    |                                 ^^^^^^^^^ help: a local variable with a similar name exists: `docstats`

error[E0425]: cannot find value `_total` in this scope
   --> scirs2-text/src/streaming.rs:933:30
    |
933 |             report_interval: _total / 100, // Report every 1%
    |                              ^^^^^^ help: a local variable with a similar name exists: `total`

error[E0425]: cannot find value `_length` in this scope
   --> scirs2-text/src/string_metrics.rs:191:16
    |
191 |         Self { _length }
    |                ^^^^^^^ help: a local variable with a similar name exists: `length`

error[E0425]: cannot find value `_max_length` in this scope
   --> scirs2-text/src/string_metrics.rs:309:16
    |
309 |         Self { _max_length }
    |                ^^^^^^^^^^^ help: a local variable with a similar name exists: `_maxlength`

error[E0425]: cannot find value `_max_length` in this scope
   --> scirs2-text/src/string_metrics.rs:473:16
    |
473 |         Self { _max_length }
    |                ^^^^^^^^^^^ help: a local variable with a similar name exists: `_maxlength`

error[E0425]: cannot find value `match_score` in this scope
   --> scirs2-text/src/string_metrics.rs:672:13
    |
272 |     match_score: i32,
    |     ----------- a field by that name exists in `Self`
...
670 |     pub fn with_scores(_match_score: i32, mismatch_penalty: i32, gappenalty: i32) -> Self {
    |                        ------------ `_match_score` defined here
671 |         Self {
672 |             match_score,
    |             ^^^^^^^^^^^
    |
help: the leading underscore in `_match_score` marks it as unused, consider renaming it to `match_score`
    |
670 -     pub fn with_scores(_match_score: i32, mismatch_penalty: i32, gappenalty: i32) -> Self {
670 +     pub fn with_scores(match_score: i32, mismatch_penalty: i32, gappenalty: i32) -> Self {
    |

error[E0425]: cannot find value `gap_penalty` in this scope
   --> scirs2-text/src/string_metrics.rs:674:13
    |
276 |     gap_penalty: i32,
    |     ----------- a field by that name exists in `Self`
...
674 |             gap_penalty,
    |             ^^^^^^^^^^^ help: a local variable with a similar name exists: `gappenalty`

error[E0425]: cannot find value `match_score` in this scope
   --> scirs2-text/src/string_metrics.rs:789:13
    |
294 |     match_score: i32,
    |     ----------- a field by that name exists in `Self`
...
787 |     pub fn with_scores(_match_score: i32, mismatch_penalty: i32, gappenalty: i32) -> Self {
    |                        ------------ `_match_score` defined here
788 |         Self {
789 |             match_score,
    |             ^^^^^^^^^^^
    |
help: the leading underscore in `_match_score` marks it as unused, consider renaming it to `match_score`
    |
787 -     pub fn with_scores(_match_score: i32, mismatch_penalty: i32, gappenalty: i32) -> Self {
787 +     pub fn with_scores(match_score: i32, mismatch_penalty: i32, gappenalty: i32) -> Self {
    |

error[E0425]: cannot find value `gap_penalty` in this scope
   --> scirs2-text/src/string_metrics.rs:791:13
    |
298 |     gap_penalty: i32,
    |     ----------- a field by that name exists in `Self`
...
791 |             gap_penalty,
    |             ^^^^^^^^^^^ help: a local variable with a similar name exists: `gappenalty`

error[E0425]: cannot find value `num_sentences` in this scope
  --> scirs2-text/src/summarization.rs:29:13
   |
14 |     num_sentences: usize,
   |     ------------- a field by that name exists in `Self`
...
29 |             num_sentences,
   |             ^^^^^^^^^^^^^ help: a local variable with a similar name exists: `_numsentences`

error[E0425]: cannot find value `damping_factor` in this scope
  --> scirs2-text/src/summarization.rs:39:35
   |
39 |         if !(0.0..=1.0).contains(&damping_factor) {
   |                                   ^^^^^^^^^^^^^^
   |
help: you might have meant to use the available field
   |
39 |         if !(0.0..=1.0).contains(&self.damping_factor) {
   |                                   +++++
help: a local variable with a similar name exists
   |
39 -         if !(0.0..=1.0).contains(&damping_factor) {
39 +         if !(0.0..=1.0).contains(&dampingfactor) {
   |

error[E0425]: cannot find value `damping_factor` in this scope
  --> scirs2-text/src/summarization.rs:44:31
   |
44 |         self.damping_factor = damping_factor;
   |                               ^^^^^^^^^^^^^^
   |
help: you might have meant to use the available field
   |
44 |         self.damping_factor = self.damping_factor;
   |                               +++++
help: a local variable with a similar name exists
   |
44 -         self.damping_factor = damping_factor;
44 +         self.damping_factor = dampingfactor;
   |

error[E0425]: cannot find value `idx` in this scope
   --> scirs2-text/src/summarization.rs:159:28
    |
159 |             .map(|&(idx_)| idx)
    |                            ^^^ help: a local variable with a similar name exists: `idx_`

error[E0425]: cannot find value `num_sentences` in this scope
   --> scirs2-text/src/summarization.rs:192:13
    |
179 |     num_sentences: usize,
    |     ------------- a field by that name exists in `Self`
...
192 |             num_sentences,
    |             ^^^^^^^^^^^^^ help: a local variable with a similar name exists: `_numsentences`

error[E0425]: cannot find value `idx` in this scope
   --> scirs2-text/src/summarization.rs:265:33
    |
265 |                     vectors.row(idx).to_owned(),
    |                                 ^^^ help: a local variable with a similar name exists: `idx_`

error[E0425]: cannot find value `idx` in this scope
   --> scirs2-text/src/summarization.rs:275:31
    |
275 |                 selected.push(idx);
    |                               ^^^ help: a local variable with a similar name exists: `idx_`

error[E0425]: cannot find value `idx` in this scope
   --> scirs2-text/src/summarization.rs:276:39
    |
276 |                 used_sentences.insert(idx);
    |                                       ^^^ help: a local variable with a similar name exists: `idx_`

error[E0425]: cannot find value `num_keywords` in this scope
   --> scirs2-text/src/summarization.rs:327:13
    |
312 |     num_keywords: usize,
    |     ------------ a field by that name exists in `Self`
...
327 |             num_keywords,
    |             ^^^^^^^^^^^^ help: a local variable with a similar name exists: `_numkeywords`

error[E0425]: cannot find value `max_n` in this scope
   --> scirs2-text/src/summarization.rs:336:20
    |
336 |         if min_n > max_n || min_n == 0 {
    |                    ^^^^^ help: a local variable with a similar name exists: `maxn`

error[E0425]: cannot find value `max_n` in this scope
   --> scirs2-text/src/summarization.rs:339:36
    |
339 |         self.ngram_range = (min_n, max_n);
    |                                    ^^^^^ help: a local variable with a similar name exists: `maxn`

error[E0425]: cannot find value `word_tokenizer` in this scope
  --> scirs2-text/src/text_statistics.rs:36:13
   |
36 |             word_tokenizer,
   |             ^^^^^^^^^^^^^^ help: a local variable with a similar name exists: `wordtokenizer`

error[E0425]: cannot find value `sentence_tokenizer` in this scope
  --> scirs2-text/src/text_statistics.rs:37:13
   |
37 |             sentence_tokenizer,
   |             ^^^^^^^^^^^^^^^^^^ help: a local variable with a similar name exists: `sentencetokenizer`

error[E0425]: cannot find value `min_length` in this scope
  --> scirs2-text/src/token_filter.rs:47:13
   |
29 |     pub min_length: usize,
   |         ---------- a field by that name exists in `Self`
...
45 |     pub fn new(_min_length: usize, maxlength: usize) -> Self {
   |                ----------- `_min_length` defined here
46 |         Self {
47 |             min_length,
   |             ^^^^^^^^^^
   |
help: the leading underscore in `_min_length` marks it as unused, consider renaming it to `min_length`
   |
45 -     pub fn new(_min_length: usize, maxlength: usize) -> Self {
45 +     pub fn new(min_length: usize, maxlength: usize) -> Self {
   |

error[E0425]: cannot find value `max_length` in this scope
  --> scirs2-text/src/token_filter.rs:48:13
   |
31 |     pub max_length: usize,
   |         ---------- a field by that name exists in `Self`
...
48 |             max_length,
   |             ^^^^^^^^^^ help: a local variable with a similar name exists: `maxlength`

error[E0425]: cannot find value `min_length` in this scope
  --> scirs2-text/src/token_filter.rs:54:27
   |
54 |         self.min_length = min_length;
   |                           ^^^^^^^^^^
   |
help: you might have meant to use the available field
   |
54 |         self.min_length = self.min_length;
   |                           +++++
help: a local variable with a similar name exists
   |
54 -         self.min_length = min_length;
54 +         self.min_length = minlength;
   |

error[E0425]: cannot find value `max_length` in this scope
  --> scirs2-text/src/token_filter.rs:60:27
   |
60 |         self.max_length = max_length;
   |                           ^^^^^^^^^^
   |
help: you might have meant to use the available field
   |
60 |         self.max_length = self.max_length;
   |                           +++++
help: a local variable with a similar name exists
   |
60 -         self.max_length = max_length;
60 +         self.max_length = maxlength;
   |

error[E0425]: cannot find value `token_counts` in this scope
   --> scirs2-text/src/token_filter.rs:122:27
    |
88  |     token_counts: HashMap<String, usize>,
    |     ------------ a field by that name exists in `Self`
...
121 |     pub fn from_counts(_token_counts: HashMap<String, usize>, mincount: usize) -> Self {
    |                        ------------- `_token_counts` defined here
122 |         let total_count = token_counts.values().sum();
    |                           ^^^^^^^^^^^^
    |
help: the leading underscore in `_token_counts` marks it as unused, consider renaming it to `token_counts`
    |
121 -     pub fn from_counts(_token_counts: HashMap<String, usize>, mincount: usize) -> Self {
121 +     pub fn from_counts(token_counts: HashMap<String, usize>, mincount: usize) -> Self {
    |

error[E0425]: cannot find value `min_count` in this scope
   --> scirs2-text/src/token_filter.rs:125:13
    |
82  |     pub min_count: usize,
    |         --------- a field by that name exists in `Self`
...
125 |             min_count,
    |             ^^^^^^^^^ help: a local variable with a similar name exists: `mincount`

error[E0425]: cannot find value `token_counts` in this scope
   --> scirs2-text/src/token_filter.rs:128:13
    |
88  |     token_counts: HashMap<String, usize>,
    |     ------------ a field by that name exists in `Self`
...
121 |     pub fn from_counts(_token_counts: HashMap<String, usize>, mincount: usize) -> Self {
    |                        ------------- `_token_counts` defined here
...
128 |             token_counts,
    |             ^^^^^^^^^^^^
    |
help: the leading underscore in `_token_counts` marks it as unused, consider renaming it to `token_counts`
    |
121 -     pub fn from_counts(_token_counts: HashMap<String, usize>, mincount: usize) -> Self {
121 +     pub fn from_counts(token_counts: HashMap<String, usize>, mincount: usize) -> Self {
    |

error[E0425]: cannot find value `max_count` in this scope
   --> scirs2-text/src/token_filter.rs:161:31
    |
161 |         self.max_count = Some(max_count);
    |                               ^^^^^^^^^
    |
help: you might have meant to use the available field
    |
161 |         self.max_count = Some(self.max_count);
    |                               +++++
help: a local variable with a similar name exists
    |
161 -         self.max_count = Some(max_count);
161 +         self.max_count = Some(maxcount);
    |

error[E0425]: cannot find value `max_freq` in this scope
   --> scirs2-text/src/token_filter.rs:167:35
    |
167 |         if !(0.0..=1.0).contains(&max_freq) {
    |                                   ^^^^^^^^
    |
help: you might have meant to use the available field
    |
167 |         if !(0.0..=1.0).contains(&self.max_freq) {
    |                                   +++++
help: a local variable with a similar name exists
    |
167 -         if !(0.0..=1.0).contains(&max_freq) {
167 +         if !(0.0..=1.0).contains(&maxfreq) {
    |

error[E0425]: cannot find value `max_freq` in this scope
   --> scirs2-text/src/token_filter.rs:173:30
    |
173 |         self.max_freq = Some(max_freq);
    |                              ^^^^^^^^
    |
help: you might have meant to use the available field
    |
173 |         self.max_freq = Some(self.max_freq);
    |                              +++++
help: a local variable with a similar name exists
    |
173 -         self.max_freq = Some(max_freq);
173 +         self.max_freq = Some(maxfreq);
    |

error[E0425]: cannot find value `keep_matching` in this scope
   --> scirs2-text/src/token_filter.rs:229:17
    |
220 |     keep_matching: bool,
    |     ------------- a field by that name exists in `Self`
...
229 |                 keep_matching,
    |                 ^^^^^^^^^^^^^ help: a local variable with a similar name exists: `keepmatching`

error[E0425]: cannot find value `stopwords` in this scope
   --> scirs2-text/src/token_filter.rs:264:25
    |
255 |     stopwords: HashSet<String>,
    |     --------- a field by that name exists in `Self`
...
262 |     pub fn new(_stopwords: Vec<String>, removestopwords: bool) -> Self {
    |                ---------- `_stopwords` defined here
263 |         Self {
264 |             _stopwords: stopwords.into_iter().collect(),
    |                         ^^^^^^^^^
    |
help: the leading underscore in `_stopwords` marks it as unused, consider renaming it to `stopwords`
    |
262 -     pub fn new(_stopwords: Vec<String>, removestopwords: bool) -> Self {
262 +     pub fn new(stopwords: Vec<String>, removestopwords: bool) -> Self {
    |

error[E0425]: cannot find value `remove_stopwords` in this scope
   --> scirs2-text/src/token_filter.rs:265:13
    |
257 |     remove_stopwords: bool,
    |     ---------------- a field by that name exists in `Self`
...
265 |             remove_stopwords,
    |             ^^^^^^^^^^^^^^^^ help: a local variable with a similar name exists: `removestopwords`
...
292 |     pub fn remove_stopwords(mut self, remove: bool) -> Self {
    |            ---------------- a method by that name is available on `Self` here

error[E0425]: cannot find value `_path` in this scope
   --> scirs2-text/src/token_filter.rs:274:31
    |
274 |         let file = File::open(_path).map_err(|e| TextError::IoError(e.to_string()))?;
    |                               ^^^^^ help: a local variable with a similar name exists: `path`

error[E0425]: cannot find value `_predicate` in this scope
   --> scirs2-text/src/token_filter.rs:410:16
    |
410 |         Self { _predicate }
    |                ^^^^^^^^^^ help: a local variable with a similar name exists: `predicate`

error[E0425]: cannot find value `_path` in this scope
  --> scirs2-text/src/tokenize/bpe.rs:92:31
   |
92 |         let file = File::open(_path).map_err(|e| TextError::IoError(e.to_string()))?;
   |                               ^^^^^ help: a local variable with a similar name exists: `path`

error[E0425]: cannot find value `pair` in this scope
   --> scirs2-text/src/tokenize/bpe.rs:346:32
    |
346 |                 .map(|(pair_)| pair.clone());
    |                                ^^^^ help: a local variable with a similar name exists: `pair_`

error[E0425]: cannot find value `_pattern` in this scope
   --> scirs2-text/src/tokenize.rs:115:26
    |
115 |         match Regex::new(_pattern) {
    |                          ^^^^^^^^ help: a local variable with a similar name exists: `pattern`

error[E0425]: cannot find value `use_grapheme_clusters` in this scope
   --> scirs2-text/src/tokenize.rs:167:13
    |
160 |     use_grapheme_clusters: bool,
    |     --------------------- a field by that name exists in `Self`
...
167 |             use_grapheme_clusters,
    |             ^^^^^^^^^^^^^^^^^^^^^ help: a local variable with a similar name exists: `_use_graphemeclusters`

error[E0425]: cannot find value `max_n` in this scope
   --> scirs2-text/src/tokenize.rs:226:27
    |
226 |         if _min_n == 0 || max_n < _min_n {
    |                           ^^^^^ help: a local variable with a similar name exists: `maxn`

error[E0425]: cannot find value `max_n` in this scope
   --> scirs2-text/src/tokenize.rs:233:17
    |
233 |             _n: max_n,
    |                 ^^^^^ help: a local variable with a similar name exists: `maxn`

error[E0425]: cannot find value `min_n` in this scope
   --> scirs2-text/src/tokenize.rs:234:13
    |
202 |     min_n: usize,
    |     ----- a field by that name exists in `Self`
...
225 |     pub fn with_range(_min_n: usize, maxn: usize) -> Result<Self> {
    |                       ------ `_min_n` defined here
...
234 |             min_n,
    |             ^^^^^
    |
help: the leading underscore in `_min_n` marks it as unused, consider renaming it to `min_n`
    |
225 -     pub fn with_range(_min_n: usize, maxn: usize) -> Result<Self> {
225 +     pub fn with_range(min_n: usize, maxn: usize) -> Result<Self> {
    |

error[E0425]: cannot find value `_pattern` in this scope
   --> scirs2-text/src/tokenize.rs:313:26
    |
313 |         match Regex::new(_pattern) {
    |                          ^^^^^^^^ help: a local variable with a similar name exists: `pattern`

error[E0425]: cannot find value `window_size` in this scope
  --> scirs2-text/src/topic_coherence.rs:44:28
   |
44 |         self.window_size = window_size;
   |                            ^^^^^^^^^^^
   |
help: you might have meant to use the available field
   |
44 |         self.window_size = self.window_size;
   |                            +++++
help: a local variable with a similar name exists
   |
44 -         self.window_size = window_size;
44 +         self.window_size = windowsize;
   |

error[E0425]: cannot find value `word` in this scope
  --> scirs2-text/src/topic_coherence.rs:53:63
   |
53 |             .map(|topic| topic.top_words.iter().map(|(word_)| word.clone()).collect())
   |                                                               ^^^^ help: a local variable with a similar name exists: `word_`

error[E0425]: cannot find value `word` in this scope
  --> scirs2-text/src/topic_coherence.rs:89:80
   |
89 |             let top_words: Vec<&String> = topic.top_words.iter().map(|(word_)| word).collect();
   |                                                                                ^^^^ help: a local variable with a similar name exists: `word_`

error[E0425]: cannot find value `word` in this scope
   --> scirs2-text/src/topic_coherence.rs:107:80
    |
107 |             let top_words: Vec<&String> = topic.top_words.iter().map(|(word_)| word).collect();
    |                                                                                ^^^^ help: a local variable with a similar name exists: `word_`

error[E0425]: cannot find value `n_total` in this scope
   --> scirs2-text/src/topic_coherence.rs:339:26
    |
339 |         let p1 = freq1 / n_total;
    |                          ^^^^^^^ help: a local variable with a similar name exists: `ntotal`

error[E0425]: cannot find value `n_total` in this scope
   --> scirs2-text/src/topic_coherence.rs:340:26
    |
340 |         let p2 = freq2 / n_total;
    |                          ^^^^^^^ help: a local variable with a similar name exists: `ntotal`

error[E0425]: cannot find value `n_total` in this scope
   --> scirs2-text/src/topic_coherence.rs:341:29
    |
341 |         let p12 = co_freq / n_total;
    |                             ^^^^^^^ help: a local variable with a similar name exists: `ntotal`

error[E0425]: cannot find value `_topics` in this scope
   --> scirs2-text/src/topic_coherence.rs:359:22
    |
359 |         for topic in _topics {
    |                      ^^^^^^^ help: a local variable with a similar name exists: `topics`

error[E0425]: cannot find value `word` in this scope
   --> scirs2-text/src/topic_coherence.rs:361:32
    |
361 |                 all_words.push(word.clone());
    |                                ^^^^ help: a local variable with a similar name exists: `word_`

error[E0425]: cannot find value `word` in this scope
   --> scirs2-text/src/topic_coherence.rs:362:37
    |
362 |                 unique_words.insert(word.clone());
    |                                     ^^^^ help: a local variable with a similar name exists: `word_`

error[E0425]: cannot find value `word` in this scope
   --> scirs2-text/src/topic_coherence.rs:386:40
    |
386 |                         .map(|(word_)| word.clone())
    |                                        ^^^^ help: a local variable with a similar name exists: `word_`

error[E0425]: cannot find value `word` in this scope
   --> scirs2-text/src/topic_coherence.rs:391:40
    |
391 |                         .map(|(word_)| word.clone())
    |                                        ^^^^ help: a local variable with a similar name exists: `word_`

error[E0425]: cannot find value `n_topics` in this scope
   --> scirs2-text/src/topic_modeling.rs:263:13
    |
263 |             n_topics,
    |             ^^^^^^^^ help: a local variable with a similar name exists: `_ntopics`

error[E0425]: cannot find value `doc_term_matrix` in this scope
   --> scirs2-text/src/topic_modeling.rs:271:12
    |
271 |         if doc_term_matrix.nrows() == 0 || doc_term_matrix.ncols() == 0 {
    |            ^^^^^^^^^^^^^^^ help: a local variable with a similar name exists: `doc_termmatrix`

error[E0425]: cannot find value `doc_term_matrix` in this scope
   --> scirs2-text/src/topic_modeling.rs:271:44
    |
271 |         if doc_term_matrix.nrows() == 0 || doc_term_matrix.ncols() == 0 {
    |                                            ^^^^^^^^^^^^^^^ help: a local variable with a similar name exists: `doc_termmatrix`

error[E0425]: cannot find value `doc_term_matrix` in this scope
   --> scirs2-text/src/topic_modeling.rs:277:25
    |
277 |         let n_samples = doc_term_matrix.nrows();
    |                         ^^^^^^^^^^^^^^^ help: a local variable with a similar name exists: `doc_termmatrix`

error[E0425]: cannot find value `doc_term_matrix` in this scope
   --> scirs2-text/src/topic_modeling.rs:278:26
    |
278 |         let n_features = doc_term_matrix.ncols();
    |                          ^^^^^^^^^^^^^^^ help: a local variable with a similar name exists: `doc_termmatrix`

error[E0425]: cannot find value `doc_term_matrix` in this scope
   --> scirs2-text/src/topic_modeling.rs:297:32
    |
297 |                 self.fit_batch(doc_term_matrix, doc_topic_prior, topic_word_prior)?;
    |                                ^^^^^^^^^^^^^^^ help: a local variable with a similar name exists: `doc_termmatrix`

error[E0425]: cannot find value `doc_term_matrix` in this scope
   --> scirs2-text/src/topic_modeling.rs:300:33
    |
300 |                 self.fit_online(doc_term_matrix, doc_topic_prior, topic_word_prior)?;
    |                                 ^^^^^^^^^^^^^^^ help: a local variable with a similar name exists: `doc_termmatrix`

error[E0425]: cannot find value `doc_term_matrix` in this scope
   --> scirs2-text/src/topic_modeling.rs:316:25
    |
316 |         let n_samples = doc_term_matrix.nrows();
    |                         ^^^^^^^^^^^^^^^ help: a local variable with a similar name exists: `doc_termmatrix`

error[E0425]: cannot find value `doc_term_matrix` in this scope
   --> scirs2-text/src/topic_modeling.rs:329:31
    |
329 |         for (doc_idx, doc) in doc_term_matrix.axis_iter(Axis(0)).enumerate() {
    |                               ^^^^^^^^^^^^^^^ help: a local variable with a similar name exists: `doc_termmatrix`

error[E0425]: cannot find value `doc_term_matrix` in this scope
   --> scirs2-text/src/topic_modeling.rs:352:18
    |
352 |         self.fit(doc_term_matrix)?;
    |                  ^^^^^^^^^^^^^^^ help: a local variable with a similar name exists: `doc_termmatrix`

error[E0425]: cannot find value `doc_term_matrix` in this scope
   --> scirs2-text/src/topic_modeling.rs:353:24
    |
353 |         self.transform(doc_term_matrix)
    |                        ^^^^^^^^^^^^^^^ help: a local variable with a similar name exists: `doc_termmatrix`

error[E0425]: cannot find value `gamma` in this scope
   --> scirs2-text/src/topic_modeling.rs:637:33
    |
636 |                 let _gamma = batch_gamma.row(local_idx);
    |                     ------ `_gamma` defined here
637 |                 let gamma_sum = gamma.sum();
    |                                 ^^^^^
    |
help: the leading underscore in `_gamma` marks it as unused, consider renaming it to `gamma`
    |
636 -                 let _gamma = batch_gamma.row(local_idx);
636 +                 let gamma = batch_gamma.row(local_idx);
    |
help: consider importing this function
    |
155 + use statrs::function::gamma::gamma;
    |

error[E0425]: cannot find value `gamma` in this scope
   --> scirs2-text/src/topic_modeling.rs:642:39
    |
636 |                 let _gamma = batch_gamma.row(local_idx);
    |                     ------ `_gamma` defined here
...
642 |                             let phi = gamma[topic_idx] / gamma_sum;
    |                                       ^^^^^
    |
help: the leading underscore in `_gamma` marks it as unused, consider renaming it to `gamma`
    |
636 -                 let _gamma = batch_gamma.row(local_idx);
636 +                 let gamma = batch_gamma.row(local_idx);
    |
help: consider importing this function
    |
155 + use statrs::function::gamma::gamma;
    |

error[E0425]: cannot find value `n_topics` in this scope
   --> scirs2-text/src/topic_modeling.rs:758:32
    |
757 |     pub fn n_topics(mut self, ntopics: usize) -> Self {
    |            -------- a method by that name is available on `Self` here
758 |         self.config.n_topics = n_topics;
    |                                ^^^^^^^^ help: a local variable with a similar name exists: `ntopics`

error[E0425]: cannot find value `max_iter` in this scope
   --> scirs2-text/src/topic_modeling.rs:782:32
    |
781 |     pub fn max_iter(mut self, maxiter: usize) -> Self {
    |            -------- a method by that name is available on `Self` here
782 |         self.config.max_iter = max_iter;
    |                                ^^^^^^^^ help: a local variable with a similar name exists: `maxiter`

error[E0425]: cannot find value `max_len` in this scope
   --> scirs2-text/src/transformer.rs:261:13
    |
239 |     max_len: usize,
    |     ------- a field by that name exists in `Self`
...
246 |     pub fn new(_max_len: usize, dmodel: usize) -> Self {
    |                -------- `_max_len` defined here
...
261 |             max_len,
    |             ^^^^^^^
    |
help: the leading underscore in `_max_len` marks it as unused, consider renaming it to `max_len`
    |
246 -     pub fn new(_max_len: usize, dmodel: usize) -> Self {
246 +     pub fn new(max_len: usize, dmodel: usize) -> Self {
    |

error[E0425]: cannot find value `d_model` in this scope
   --> scirs2-text/src/transformer.rs:262:13
    |
241 |     d_model: usize,
    |     ------- a field by that name exists in `Self`
...
262 |             d_model,
    |             ^^^^^^^ help: a local variable with a similar name exists: `dmodel`

error[E0425]: cannot find value `seq_len` in this scope
   --> scirs2-text/src/transformer.rs:268:12
    |
268 |         if seq_len > self.max_len {
    |            ^^^^^^^ help: a local variable with a similar name exists: `seqlen`

error[E0425]: cannot find value `seq_len` in this scope
   --> scirs2-text/src/transformer.rs:271:17
    |
271 |                 seq_len, self.max_len
    |                 ^^^^^^^ help: a local variable with a similar name exists: `seqlen`

error[E0425]: cannot find value `seq_len` in this scope
   --> scirs2-text/src/transformer.rs:274:39
    |
274 |         Ok(self.encodings.slice(s![0..seq_len, ..]))
    |                                       ^^^^^^^ help: a local variable with a similar name exists: `seqlen`

error[E0425]: cannot find value `n_heads` in this scope
   --> scirs2-text/src/transformer.rs:314:13
    |
281 |     n_heads: usize,
    |     ------- a field by that name exists in `Self`
...
314 |             n_heads,
    |             ^^^^^^^ help: a local variable with a similar name exists: `nheads`

error[E0425]: cannot find value `attentionweights` in this scope
   --> scirs2-text/src/transformer.rs:350:12
    |
350 |         Ok(attentionweights.dot(&v))
    |            ^^^^^^^^^^^^^^^^ help: a local variable with a similar name exists: `attention_weights`

error[E0425]: cannot find value `d_ff` in this scope
   --> scirs2-text/src/transformer.rs:484:51
    |
484 |         let w1 = Array2::from_shape_fn((_d_model, d_ff), |_| rand::rng().gen_range(-scale..scale));
    |                                                   ^^^^ help: a local variable with a similar name exists: `dff`

error[E0425]: cannot find value `d_ff` in this scope
   --> scirs2-text/src/transformer.rs:485:41
    |
485 |         let w2 = Array2::from_shape_fn((d_ff, d_model), |_| rand::rng().gen_range(-scale..scale));
    |                                         ^^^^ help: a local variable with a similar name exists: `dff`

error[E0425]: cannot find value `d_model` in this scope
   --> scirs2-text/src/transformer.rs:485:47
    |
481 |     pub fn new(_d_model: usize, dff: usize) -> Self {
    |                -------- `_d_model` defined here
...
485 |         let w2 = Array2::from_shape_fn((d_ff, d_model), |_| rand::rng().gen_range(-scale..scale));
    |                                               ^^^^^^^
    |
help: the leading underscore in `_d_model` marks it as unused, consider renaming it to `d_model`
    |
481 -     pub fn new(_d_model: usize, dff: usize) -> Self {
481 +     pub fn new(d_model: usize, dff: usize) -> Self {
    |

error[E0425]: cannot find value `d_ff` in this scope
   --> scirs2-text/src/transformer.rs:486:32
    |
486 |         let b1 = Array1::zeros(d_ff);
    |                                ^^^^ help: a local variable with a similar name exists: `dff`

error[E0425]: cannot find value `_d_model` in this scope
   --> scirs2-text/src/transformer.rs:550:33
    |
550 |             gamma: Array1::ones(_d_model),
    |                                 ^^^^^^^^ help: a local variable with a similar name exists: `_dmodel`

error[E0425]: cannot find value `_d_model` in this scope
   --> scirs2-text/src/transformer.rs:551:33
    |
551 |             beta: Array1::zeros(_d_model),
    |                                 ^^^^^^^^ help: a local variable with a similar name exists: `_dmodel`

error[E0425]: cannot find value `_config` in this scope
   --> scirs2-text/src/transformer.rs:612:53
    |
612 |             self_attention: MultiHeadAttention::new(_config.d_model, config.n_heads)?,
    |                                                     ^^^^^^^ help: a local variable with a similar name exists: `config`

error[E0425]: cannot find value `_config` in this scope
   --> scirs2-text/src/transformer.rs:613:44
    |
613 |             feed_forward: FeedForward::new(_config.d_model, config.d_ff),
    |                                            ^^^^^^^ help: a local variable with a similar name exists: `config`

error[E0425]: cannot find value `_config` in this scope
   --> scirs2-text/src/transformer.rs:614:35
    |
614 |             norm1: LayerNorm::new(_config.d_model, 1e-6),
    |                                   ^^^^^^^ help: a local variable with a similar name exists: `config`

error[E0425]: cannot find value `_config` in this scope
   --> scirs2-text/src/transformer.rs:615:35
    |
615 |             norm2: LayerNorm::new(_config.d_model, 1e-6),
    |                                   ^^^^^^^ help: a local variable with a similar name exists: `config`

error[E0425]: cannot find value `_config` in this scope
   --> scirs2-text/src/transformer.rs:676:21
    |
676 |         for _ in 0.._config.n_encoder_layers {
    |                     ^^^^^^^ help: a local variable with a similar name exists: `config`

error[E0425]: cannot find value `_config` in this scope
   --> scirs2-text/src/transformer.rs:677:55
    |
677 |             layers.push(TransformerEncoderLayer::new(&_config)?);
    |                                                       ^^^^^^^ help: a local variable with a similar name exists: `config`

error[E0425]: cannot find value `_config` in this scope
   --> scirs2-text/src/transformer.rs:680:57
    |
680 |         let position_encoding = PositionalEncoding::new(_config.max_seq_len, config.d_model);
    |                                                         ^^^^^^^ help: a local variable with a similar name exists: `config`

error[E0425]: cannot find value `_config` in this scope
   --> scirs2-text/src/transformer.rs:741:53
    |
741 |             self_attention: MultiHeadAttention::new(_config.d_model, config.n_heads)?,
    |                                                     ^^^^^^^ help: a local variable with a similar name exists: `config`

error[E0425]: cannot find value `_config` in this scope
   --> scirs2-text/src/transformer.rs:742:54
    |
742 |             cross_attention: MultiHeadAttention::new(_config.d_model, config.n_heads)?,
    |                                                      ^^^^^^^ help: a local variable with a similar name exists: `config`

error[E0425]: cannot find value `_config` in this scope
   --> scirs2-text/src/transformer.rs:743:44
    |
743 |             feed_forward: FeedForward::new(_config.d_model, config.d_ff),
    |                                            ^^^^^^^ help: a local variable with a similar name exists: `config`

error[E0425]: cannot find value `_config` in this scope
   --> scirs2-text/src/transformer.rs:744:35
    |
744 |             norm1: LayerNorm::new(_config.d_model, 1e-6),
    |                                   ^^^^^^^ help: a local variable with a similar name exists: `config`

error[E0425]: cannot find value `_config` in this scope
   --> scirs2-text/src/transformer.rs:745:35
    |
745 |             norm2: LayerNorm::new(_config.d_model, 1e-6),
    |                                   ^^^^^^^ help: a local variable with a similar name exists: `config`

error[E0425]: cannot find value `_config` in this scope
   --> scirs2-text/src/transformer.rs:746:35
    |
746 |             norm3: LayerNorm::new(_config.d_model, 1e-6),
    |                                   ^^^^^^^ help: a local variable with a similar name exists: `config`

error[E0425]: cannot find value `_config` in this scope
   --> scirs2-text/src/transformer.rs:791:21
    |
791 |         for _ in 0.._config.n_decoder_layers {
    |                     ^^^^^^^ help: a local variable with a similar name exists: `config`

error[E0425]: cannot find value `_config` in this scope
   --> scirs2-text/src/transformer.rs:792:55
    |
792 |             layers.push(TransformerDecoderLayer::new(&_config)?);
    |                                                       ^^^^^^^ help: a local variable with a similar name exists: `config`

error[E0425]: cannot find value `_config` in this scope
   --> scirs2-text/src/transformer.rs:795:57
    |
795 |         let position_encoding = PositionalEncoding::new(_config.max_seq_len, config.d_model);
    |                                                         ^^^^^^^ help: a local variable with a similar name exists: `config`

error[E0425]: cannot find value `d_model` in this scope
   --> scirs2-text/src/transformer.rs:842:28
    |
836 |     d_model: usize,
    |     ------- a field by that name exists in `Self`
...
842 |         let scale = (1.0 / d_model as f64).sqrt();
    |                            ^^^^^^^ help: a local variable with a similar name exists: `dmodel`

error[E0425]: cannot find value `d_model` in this scope
   --> scirs2-text/src/transformer.rs:843:62
    |
836 |     d_model: usize,
    |     ------- a field by that name exists in `Self`
...
843 |         let embeddings = Array2::from_shape_fn((_vocab_size, d_model), |_| {
    |                                                              ^^^^^^^ help: a local variable with a similar name exists: `dmodel`

error[E0425]: cannot find value `vocab_size` in this scope
   --> scirs2-text/src/transformer.rs:849:25
    |
835 |     vocab_size: usize,
    |     ---------- a field by that name exists in `Self`
...
841 |     pub fn new(_vocab_size: usize, dmodel: usize) -> Self {
    |                ----------- `_vocab_size` defined here
...
849 |             vocab_size: vocab_size,
    |                         ^^^^^^^^^^
    |
help: the leading underscore in `_vocab_size` marks it as unused, consider renaming it to `vocab_size`
    |
841 -     pub fn new(_vocab_size: usize, dmodel: usize) -> Self {
841 +     pub fn new(vocab_size: usize, dmodel: usize) -> Self {
    |

error[E0425]: cannot find value `d_model` in this scope
   --> scirs2-text/src/transformer.rs:850:13
    |
836 |     d_model: usize,
    |     ------- a field by that name exists in `Self`
...
850 |             d_model,
    |             ^^^^^^^ help: a local variable with a similar name exists: `dmodel`

error[E0425]: cannot find value `token_ids` in this scope
   --> scirs2-text/src/transformer.rs:856:41
    |
856 |         let mut result = Array2::zeros((token_ids.len(), self.d_model));
    |                                         ^^^^^^^^^ help: a local variable with a similar name exists: `tokenids`

error[E0425]: cannot find value `token_ids` in this scope
   --> scirs2-text/src/transformer.rs:858:31
    |
858 |         for (i, &token_id) in token_ids.iter().enumerate() {
    |                               ^^^^^^^^^ help: a local variable with a similar name exists: `tokenids`

error[E0425]: cannot find value `_config` in this scope
   --> scirs2-text/src/transformer.rs:926:50
    |
926 |             token_embedding: TokenEmbedding::new(_config.vocab_size, config.d_model),
    |                                                  ^^^^^^^ help: a local variable with a similar name exists: `config`

error[E0425]: cannot find value `_config` in this scope
   --> scirs2-text/src/transformer.rs:927:46
    |
927 |             encoder: TransformerEncoder::new(_config)?,
    |                                              ^^^^^^^ help: a local variable with a similar name exists: `config`

error[E0425]: cannot find value `_config` in this scope
   --> scirs2-text/src/transformer.rs:978:50
    |
978 |             token_embedding: TokenEmbedding::new(_config.vocab_size, config.d_model),
    |                                                  ^^^^^^^ help: a local variable with a similar name exists: `config`

error[E0425]: cannot find value `_config` in this scope
   --> scirs2-text/src/transformer.rs:979:46
    |
979 |             encoder: TransformerEncoder::new(_config.clone())?,
    |                                              ^^^^^^^ help: a local variable with a similar name exists: `config`

error[E0425]: cannot find value `_config` in this scope
   --> scirs2-text/src/transformer.rs:980:51
    |
980 |             decoder: Some(TransformerDecoder::new(_config)?),
    |                                                   ^^^^^^^ help: a local variable with a similar name exists: `config`

error[E0425]: cannot find value `n_documents` in this scope
   --> scirs2-text/src/vectorize.rs:269:32
    |
269 |                     idf[i] = ((n_documents + 1.0) / (df_i + 1.0)).ln() + 1.0;
    |                                ^^^^^^^^^^^ help: a local variable with a similar name exists: `ndocuments`

error[E0425]: cannot find value `n_documents` in this scope
   --> scirs2-text/src/vectorize.rs:272:31
    |
272 |                     idf[i] = (n_documents / df_i).ln();
    |                               ^^^^^^^^^^^ help: a local variable with a similar name exists: `ndocuments`

error[E0425]: cannot find value `n_documents` in this scope
   --> scirs2-text/src/vectorize.rs:275:28
    |
275 |                 idf[i] = ((n_documents + 1.0) / 1.0).ln() + 1.0;
    |                            ^^^^^^^^^^^ help: a local variable with a similar name exists: `ndocuments`

error[E0425]: cannot find value `attention_weights` in this scope
   --> scirs2-text/src/visualization.rs:393:33
    |
393 |                 let attention = attention_weights[[i, j]];
    |                                 ^^^^^^^^^^^^^^^^^ help: a local variable with a similar name exists: `attentionweights`

error[E0425]: cannot find value `attention_weights` in this scope
   --> scirs2-text/src/visualization.rs:458:36
    |
458 |             self.attention_heatmap(attention_weights, source_tokens, target_tokens)?;
    |                                    ^^^^^^^^^^^^^^^^^ help: a local variable with a similar name exists: `attentionweights`

error[E0425]: cannot find value `top_n` in this scope
   --> scirs2-text/src/visualization.rs:942:66
    |
942 |             let top_words: Vec<_> = topic_words.into_iter().take(top_n).collect();
    |                                                                  ^^^^^ help: a local variable with a similar name exists: `topn`

error[E0425]: cannot find value `_max_size` in this scope
  --> scirs2-text/src/vocabulary.rs:35:28
   |
35 |             max_size: Some(_max_size),
   |                            ^^^^^^^^^ help: a local variable with a similar name exists: `_maxsize`

error[E0425]: cannot find value `_tokens` in this scope
  --> scirs2-text/src/vocabulary.rs:42:22
   |
42 |         for token in _tokens {
   |                      ^^^^^^^ help: a local variable with a similar name exists: `tokens`

error[E0425]: cannot find value `min_count` in this scope
   --> scirs2-text/src/vocabulary.rs:145:26
    |
145 |             if *count >= min_count && self.contains(token) {
    |                          ^^^^^^^^^ help: a local variable with a similar name exists: `mincount`

error[E0425]: cannot find value `substitution_cost` in this scope
  --> scirs2-text/src/weighted_distance.rs:66:13
   |
44 |     pub substitution_cost: f64,
   |         ----------------- a field by that name exists in `Self`
...
66 |             substitution_cost,
   |             ^^^^^^^^^^^^^^^^^ help: a local variable with a similar name exists: `substitutioncost`

error[E0560]: struct `SamplingTable` has no field named `cdfweights`
   --> scirs2-text/src/embeddings.rs:177:13
    |
177 |             cdfweights: weights.to_vec(),
    |             ^^^^^^^^^^ unknown field
    |
help: a field with a similar name exists
    |
177 -             cdfweights: weights.to_vec(),
177 +             weights: weights.to_vec(),
    |

error[E0308]: mismatched types
   --> scirs2-text/src/embeddings.rs:636:45
    |
636 |             target_update.scaled_add(error..&context_avg);
    |                                             ^^^^^^^^^^^^ expected `f64`, found `&ArrayBase<OwnedRepr<f64>, ...>`
    |
    = note:   expected type `f64`
            found reference `&ArrayBase<OwnedRepr<f64>, Dim<[usize; 1]>>`

error[E0061]: this method takes 2 arguments but 1 argument was supplied
   --> scirs2-text/src/embeddings.rs:636:27
    |
636 |             target_update.scaled_add(error..&context_avg);
    |                           ^^^^^^^^^^--------------------- argument #2 of type `&ArrayBase<_, _>` is missing
    |
note: expected `f64`, found `Range<f64>`
   --> scirs2-text/src/embeddings.rs:636:38
    |
636 |             target_update.scaled_add(error..&context_avg);
    |                                      ^^^^^^^^^^^^^^^^^^^
    = note: expected type `f64`
             found struct `std::ops::Range<f64>`
note: method defined here
   --> /Users/kitasan/.cargo/registry/src/index.crates.io-1949cf8c6b5b557f/ndarray-0.16.1/src/linalg/impl_linalg.rs:358:12
    |
358 |     pub fn scaled_add<S2, E>(&mut self, alpha: A, rhs: &ArrayBase<S2, E>)
    |            ^^^^^^^^^^
help: remove the unnecessary `.` operator for a floating point literal
    |
636 -             target_update.scaled_add(error..&context_avg);
636 +             target_update.scaled_add(error.&context_avg);
    |
help: provide the argument
    |
636 -             target_update.scaled_add(error..&context_avg);
636 +             target_update.scaled_add(/* f64 */, /* rhs */);
    |

error[E0308]: mismatched types
   --> scirs2-text/src/embeddings.rs:735:50
    |
735 |                 context_update.scaled_add(error..&target_input);
    |                                                  ^^^^^^^^^^^^^ expected `f64`, found `&ArrayBase<ViewRepr<&f64>, ...>`
    |
    = note:   expected type `f64`
            found reference `&ArrayBase<ViewRepr<&f64>, Dim<[usize; 1]>>`

error[E0061]: this method takes 2 arguments but 1 argument was supplied
   --> scirs2-text/src/embeddings.rs:735:32
    |
735 |                 context_update.scaled_add(error..&target_input);
    |                                ^^^^^^^^^^---------------------- argument #2 of type `&ArrayBase<_, _>` is missing
    |
note: expected `f64`, found `Range<f64>`
   --> scirs2-text/src/embeddings.rs:735:43
    |
735 |                 context_update.scaled_add(error..&target_input);
    |                                           ^^^^^^^^^^^^^^^^^^^^
    = note: expected type `f64`
             found struct `std::ops::Range<f64>`
note: method defined here
   --> /Users/kitasan/.cargo/registry/src/index.crates.io-1949cf8c6b5b557f/ndarray-0.16.1/src/linalg/impl_linalg.rs:358:12
    |
358 |     pub fn scaled_add<S2, E>(&mut self, alpha: A, rhs: &ArrayBase<S2, E>)
    |            ^^^^^^^^^^
help: remove the unnecessary `.` operator for a floating point literal
    |
735 -                 context_update.scaled_add(error..&target_input);
735 +                 context_update.scaled_add(error.&target_input);
    |
help: provide the argument
    |
735 -                 context_update.scaled_add(error..&target_input);
735 +                 context_update.scaled_add(/* f64 */, /* rhs */);
    |

error[E0308]: mismatched types
   --> scirs2-text/src/enhanced_vectorize.rs:146:39
    |
146 |             self.vocabulary.add_token(&token_);
    |                             --------- ^^^^^^^ expected `&str`, found `&(String, usize)`
    |                             |
    |                             arguments to this method are incorrect
    |
    = note: expected reference `&str`
               found reference `&(std::string::String, usize)`
note: method defined here
   --> scirs2-text/src/vocabulary.rs:49:12
    |
49  |     pub fn add_token(&mut self, token: &str) {
    |            ^^^^^^^^^            -----------

error[E0609]: no field `use_idf` on type `EnhancedTfidfVectorizer`
   --> scirs2-text/src/enhanced_vectorize.rs:265:14
    |
265 |         self.use_idf = useidf;
    |              ^^^^^^^ unknown field
    |
help: a field with a similar name exists
    |
265 -         self.use_idf = useidf;
265 +         self.useidf = useidf;
    |

error[E0609]: no field `smooth_idf` on type `EnhancedTfidfVectorizer`
   --> scirs2-text/src/enhanced_vectorize.rs:271:14
    |
271 |         self.smooth_idf = smoothidf;
    |              ^^^^^^^^^^ unknown field
    |
help: a field with a similar name exists
    |
271 -         self.smooth_idf = smoothidf;
271 +         self.smoothidf = smoothidf;
    |

error[E0609]: no field `use_idf` on type `&mut EnhancedTfidfVectorizer`
   --> scirs2-text/src/enhanced_vectorize.rs:316:17
    |
316 |         if self.use_idf {
    |                 ^^^^^^^ unknown field
    |
help: a field with a similar name exists
    |
316 -         if self.use_idf {
316 +         if self.useidf {
    |

error[E0609]: no field `smooth_idf` on type `&mut EnhancedTfidfVectorizer`
   --> scirs2-text/src/enhanced_vectorize.rs:343:21
    |
343 |             if self.smooth_idf {
    |                     ^^^^^^^^^^ unknown field
    |
help: a field with a similar name exists
    |
343 -             if self.smooth_idf {
343 +             if self.smoothidf {
    |

error[E0609]: no field `use_idf` on type `&EnhancedTfidfVectorizer`
   --> scirs2-text/src/enhanced_vectorize.rs:370:17
    |
370 |         if self.use_idf {
    |                 ^^^^^^^ unknown field
    |
help: a field with a similar name exists
    |
370 -         if self.use_idf {
370 +         if self.useidf {
    |

error[E0609]: no field `_id` on type `&HfModelInfo`
    --> scirs2-text/src/huggingface_compat.rs:1487:33
     |
1487 |             .find(|model| model._id == model_id)
     |                                 ^^^ unknown field
     |
help: a field with a similar name exists
     |
1487 -             .find(|model| model._id == model_id)
1487 +             .find(|model| model.id == model_id)
     |

error[E0560]: struct `HfEncodedInput` has no field named `_tokens`
    --> scirs2-text/src/huggingface_compat.rs:1583:13
     |
1583 |             _tokens: tokens.to_vec(),
     |             ^^^^^^^ unknown field
     |
help: a field with a similar name exists
     |
1583 -             _tokens: tokens.to_vec(),
1583 +             tokens: tokens.to_vec(),
     |

error[E0308]: mismatched types
    --> scirs2-text/src/huggingface_compat.rs:1741:40
     |
1741 |                 let punct = ["."..",", ";"][rng.gen_range(0..3)];
     |                                        ^^^ expected `Range<&str>`, found `&str`
     |
     = note: expected struct `std::ops::Range<&str>`
             found reference `&'static str`

error[E0277]: can't compare `str` with `(&str, &str)`
    --> scirs2-text/src/huggingface_compat.rs:2032:79
     |
2032 |                         .any(|w| w.trim_matches(|c: char| !c.is_alphabetic()) == *source_)
     |                                                                               ^^ no implementation for `str == (&str, &str)`
     |
     = help: the trait `PartialEq<(&str, &str)>` is not implemented for `str`
     = help: the following other types implement trait `PartialEq<Rhs>`:
               `&str` implements `PartialEq<ByteStr>`
               `&str` implements `PartialEq<ByteString>`
               `&str` implements `PartialEq<Cow<'_, str>>`
               `&str` implements `PartialEq<OsString>`
               `&str` implements `PartialEq<serde_json::value::Value>`
               `&str` implements `PartialEq<std::string::String>`
               `str` implements `PartialEq<ByteStr>`
               `str` implements `PartialEq<ByteString>`
             and 6 others
     = note: required for `&str` to implement `PartialEq<&(&str, &str)>`

error[E0560]: struct `ConfidenceScorer` has no field named `feature_weights`
   --> scirs2-text/src/information_extraction.rs:973:16
    |
973 |         Self { feature_weights }
    |                ^^^^^^^^^^^^^^^ unknown field
    |
help: a field with a similar name exists
    |
973 -         Self { feature_weights }
973 +         Self { featureweights }
    |

error[E0308]: mismatched types
   --> scirs2-text/src/model_registry.rs:213:13
    |
202 |     pub fn new<P: AsRef<Path>>(registry_dir: P, dir: P) -> Result<Self> {
    |                - found this type parameter
...
213 |             registry_dir,
    |             ^^^^^^^^^^^^ expected `PathBuf`, found type parameter `P`
    |
    = note:      expected struct `PathBuf`
            found type parameter `P`

error[E0609]: no field `_id` on type `&model_registry::ModelMetadata`
   --> scirs2-text/src/model_registry.rs:603:49
    |
603 |         info.insert("_id".to_string(), metadata._id.clone());
    |                                                 ^^^ unknown field
    |
help: a field with a similar name exists
    |
603 -         info.insert("_id".to_string(), metadata._id.clone());
603 +         info.insert("_id".to_string(), metadata.id.clone());
    |

error[E0599]: no function or associated item named `fromshape_vec` found for struct `ArrayBase` in the current scope
    --> scirs2-text/src/model_registry.rs:1169:47
     |
1169 |             let embed_array = ndarray::Array::fromshape_vec(
     |                                               ^^^^^^^^^^^^^ function or associated item not found in `ArrayBase<OwnedRepr<_>, _>`
     |
note: if you're trying to build a new `ArrayBase<OwnedRepr<_>, _>` consider using one of the following associated functions:
      ndarray::impl_constructors::<impl ArrayBase<S, Dim<[usize; 1]>>>::from_vec
      ndarray::impl_constructors::<impl ArrayBase<S, Dim<[usize; 1]>>>::from_iter
      ndarray::impl_constructors::<impl ArrayBase<S, Dim<[usize; 1]>>>::linspace
      ndarray::impl_constructors::<impl ArrayBase<S, Dim<[usize; 1]>>>::range
      and 13 others
    --> /Users/kitasan/.cargo/registry/src/index.crates.io-1949cf8c6b5b557f/ndarray-0.16.1/src/impl_constructors.rs:58:5
     |
58   |       pub fn from_vec(v: Vec<A>) -> Self
     |       ^^^^^^^^^^^^^^^^^^^^^^^^^^^^^^^^^^
...
79   |       pub fn from_iter<I: IntoIterator<Item = A>>(iterable: I) -> Self
     |       ^^^^^^^^^^^^^^^^^^^^^^^^^^^^^^^^^^^^^^^^^^^^^^^^^^^^^^^^^^^^^^^^
...
102  | /     pub fn linspace(start: A, end: A, n: usize) -> Self
103  | |     where A: Float
     | |__________________^
...
120  | /     pub fn range(start: A, end: A, step: A) -> Self
121  | |     where A: Float
     | |__________________^
help: there is an associated function `from_shape_vec` with a similar name
     |
1169 |             let embed_array = ndarray::Array::from_shape_vec(
     |                                                   +

error[E0599]: no function or associated item named `fromshape_vec` found for struct `ArrayBase` in the current scope
    --> scirs2-text/src/model_registry.rs:1182:52
     |
1182 |             let _pos_embed_array = ndarray::Array::fromshape_vec(
     |                                                    ^^^^^^^^^^^^^ function or associated item not found in `ArrayBase<OwnedRepr<_>, _>`
     |
note: if you're trying to build a new `ArrayBase<OwnedRepr<_>, _>` consider using one of the following associated functions:
      ndarray::impl_constructors::<impl ArrayBase<S, Dim<[usize; 1]>>>::from_vec
      ndarray::impl_constructors::<impl ArrayBase<S, Dim<[usize; 1]>>>::from_iter
      ndarray::impl_constructors::<impl ArrayBase<S, Dim<[usize; 1]>>>::linspace
      ndarray::impl_constructors::<impl ArrayBase<S, Dim<[usize; 1]>>>::range
      and 13 others
    --> /Users/kitasan/.cargo/registry/src/index.crates.io-1949cf8c6b5b557f/ndarray-0.16.1/src/impl_constructors.rs:58:5
     |
58   |       pub fn from_vec(v: Vec<A>) -> Self
     |       ^^^^^^^^^^^^^^^^^^^^^^^^^^^^^^^^^^
...
79   |       pub fn from_iter<I: IntoIterator<Item = A>>(iterable: I) -> Self
     |       ^^^^^^^^^^^^^^^^^^^^^^^^^^^^^^^^^^^^^^^^^^^^^^^^^^^^^^^^^^^^^^^^
...
102  | /     pub fn linspace(start: A, end: A, n: usize) -> Self
103  | |     where A: Float
     | |__________________^
...
120  | /     pub fn range(start: A, end: A, step: A) -> Self
121  | |     where A: Float
     | |__________________^
help: there is an associated function `from_shape_vec` with a similar name
     |
1182 |             let _pos_embed_array = ndarray::Array::from_shape_vec(
     |                                                        +

error[E0599]: no function or associated item named `fromshape_vec` found for struct `ArrayBase` in the current scope
    --> scirs2-text/src/model_registry.rs:1219:37
     |
1219 |                     ndarray::Array::fromshape_vec((wqshape[0], wqshape[1]), wq_weights.clone())
     |                                     ^^^^^^^^^^^^^ function or associated item not found in `ArrayBase<OwnedRepr<_>, _>`
     |
note: if you're trying to build a new `ArrayBase<OwnedRepr<_>, _>` consider using one of the following associated functions:
      ndarray::impl_constructors::<impl ArrayBase<S, Dim<[usize; 1]>>>::from_vec
      ndarray::impl_constructors::<impl ArrayBase<S, Dim<[usize; 1]>>>::from_iter
      ndarray::impl_constructors::<impl ArrayBase<S, Dim<[usize; 1]>>>::linspace
      ndarray::impl_constructors::<impl ArrayBase<S, Dim<[usize; 1]>>>::range
      and 13 others
    --> /Users/kitasan/.cargo/registry/src/index.crates.io-1949cf8c6b5b557f/ndarray-0.16.1/src/impl_constructors.rs:58:5
     |
58   |       pub fn from_vec(v: Vec<A>) -> Self
     |       ^^^^^^^^^^^^^^^^^^^^^^^^^^^^^^^^^^
...
79   |       pub fn from_iter<I: IntoIterator<Item = A>>(iterable: I) -> Self
     |       ^^^^^^^^^^^^^^^^^^^^^^^^^^^^^^^^^^^^^^^^^^^^^^^^^^^^^^^^^^^^^^^^
...
102  | /     pub fn linspace(start: A, end: A, n: usize) -> Self
103  | |     where A: Float
     | |__________________^
...
120  | /     pub fn range(start: A, end: A, step: A) -> Self
121  | |     where A: Float
     | |__________________^
help: there is an associated function `from_shape_vec` with a similar name
     |
1219 |                     ndarray::Array::from_shape_vec((wqshape[0], wqshape[1]), wq_weights.clone())
     |                                         +

error[E0599]: no function or associated item named `fromshape_vec` found for struct `ArrayBase` in the current scope
    --> scirs2-text/src/model_registry.rs:1222:37
     |
1222 |                     ndarray::Array::fromshape_vec((wkshape[0], wkshape[1]), wk_weights.clone())
     |                                     ^^^^^^^^^^^^^ function or associated item not found in `ArrayBase<OwnedRepr<_>, _>`
     |
note: if you're trying to build a new `ArrayBase<OwnedRepr<_>, _>` consider using one of the following associated functions:
      ndarray::impl_constructors::<impl ArrayBase<S, Dim<[usize; 1]>>>::from_vec
      ndarray::impl_constructors::<impl ArrayBase<S, Dim<[usize; 1]>>>::from_iter
      ndarray::impl_constructors::<impl ArrayBase<S, Dim<[usize; 1]>>>::linspace
      ndarray::impl_constructors::<impl ArrayBase<S, Dim<[usize; 1]>>>::range
      and 13 others
    --> /Users/kitasan/.cargo/registry/src/index.crates.io-1949cf8c6b5b557f/ndarray-0.16.1/src/impl_constructors.rs:58:5
     |
58   |       pub fn from_vec(v: Vec<A>) -> Self
     |       ^^^^^^^^^^^^^^^^^^^^^^^^^^^^^^^^^^
...
79   |       pub fn from_iter<I: IntoIterator<Item = A>>(iterable: I) -> Self
     |       ^^^^^^^^^^^^^^^^^^^^^^^^^^^^^^^^^^^^^^^^^^^^^^^^^^^^^^^^^^^^^^^^
...
102  | /     pub fn linspace(start: A, end: A, n: usize) -> Self
103  | |     where A: Float
     | |__________________^
...
120  | /     pub fn range(start: A, end: A, step: A) -> Self
121  | |     where A: Float
     | |__________________^
help: there is an associated function `from_shape_vec` with a similar name
     |
1222 |                     ndarray::Array::from_shape_vec((wkshape[0], wkshape[1]), wk_weights.clone())
     |                                         +

error[E0599]: no function or associated item named `fromshape_vec` found for struct `ArrayBase` in the current scope
    --> scirs2-text/src/model_registry.rs:1225:37
     |
1225 |                     ndarray::Array::fromshape_vec((wvshape[0], wvshape[1]), wv_weights.clone())
     |                                     ^^^^^^^^^^^^^ function or associated item not found in `ArrayBase<OwnedRepr<_>, _>`
     |
note: if you're trying to build a new `ArrayBase<OwnedRepr<_>, _>` consider using one of the following associated functions:
      ndarray::impl_constructors::<impl ArrayBase<S, Dim<[usize; 1]>>>::from_vec
      ndarray::impl_constructors::<impl ArrayBase<S, Dim<[usize; 1]>>>::from_iter
      ndarray::impl_constructors::<impl ArrayBase<S, Dim<[usize; 1]>>>::linspace
      ndarray::impl_constructors::<impl ArrayBase<S, Dim<[usize; 1]>>>::range
      and 13 others
    --> /Users/kitasan/.cargo/registry/src/index.crates.io-1949cf8c6b5b557f/ndarray-0.16.1/src/impl_constructors.rs:58:5
     |
58   |       pub fn from_vec(v: Vec<A>) -> Self
     |       ^^^^^^^^^^^^^^^^^^^^^^^^^^^^^^^^^^
...
79   |       pub fn from_iter<I: IntoIterator<Item = A>>(iterable: I) -> Self
     |       ^^^^^^^^^^^^^^^^^^^^^^^^^^^^^^^^^^^^^^^^^^^^^^^^^^^^^^^^^^^^^^^^
...
102  | /     pub fn linspace(start: A, end: A, n: usize) -> Self
103  | |     where A: Float
     | |__________________^
...
120  | /     pub fn range(start: A, end: A, step: A) -> Self
121  | |     where A: Float
     | |__________________^
help: there is an associated function `from_shape_vec` with a similar name
     |
1225 |                     ndarray::Array::from_shape_vec((wvshape[0], wvshape[1]), wv_weights.clone())
     |                                         +

error[E0599]: no function or associated item named `fromshape_vec` found for struct `ArrayBase` in the current scope
    --> scirs2-text/src/model_registry.rs:1228:37
     |
1228 |                     ndarray::Array::fromshape_vec((woshape[0], woshape[1]), wo_weights.clone())
     |                                     ^^^^^^^^^^^^^ function or associated item not found in `ArrayBase<OwnedRepr<_>, _>`
     |
note: if you're trying to build a new `ArrayBase<OwnedRepr<_>, _>` consider using one of the following associated functions:
      ndarray::impl_constructors::<impl ArrayBase<S, Dim<[usize; 1]>>>::from_vec
      ndarray::impl_constructors::<impl ArrayBase<S, Dim<[usize; 1]>>>::from_iter
      ndarray::impl_constructors::<impl ArrayBase<S, Dim<[usize; 1]>>>::linspace
      ndarray::impl_constructors::<impl ArrayBase<S, Dim<[usize; 1]>>>::range
      and 13 others
    --> /Users/kitasan/.cargo/registry/src/index.crates.io-1949cf8c6b5b557f/ndarray-0.16.1/src/impl_constructors.rs:58:5
     |
58   |       pub fn from_vec(v: Vec<A>) -> Self
     |       ^^^^^^^^^^^^^^^^^^^^^^^^^^^^^^^^^^
...
79   |       pub fn from_iter<I: IntoIterator<Item = A>>(iterable: I) -> Self
     |       ^^^^^^^^^^^^^^^^^^^^^^^^^^^^^^^^^^^^^^^^^^^^^^^^^^^^^^^^^^^^^^^^
...
102  | /     pub fn linspace(start: A, end: A, n: usize) -> Self
103  | |     where A: Float
     | |__________________^
...
120  | /     pub fn range(start: A, end: A, step: A) -> Self
121  | |     where A: Float
     | |__________________^
help: there is an associated function `from_shape_vec` with a similar name
     |
1228 |                     ndarray::Array::from_shape_vec((woshape[0], woshape[1]), wo_weights.clone())
     |                                         +

error[E0599]: no function or associated item named `fromshape_vec` found for struct `ArrayBase` in the current scope
    --> scirs2-text/src/model_registry.rs:1251:37
     |
1251 |                     ndarray::Array::fromshape_vec((w1shape[0], w1shape[1]), w1_weights.clone())
     |                                     ^^^^^^^^^^^^^ function or associated item not found in `ArrayBase<OwnedRepr<_>, _>`
     |
note: if you're trying to build a new `ArrayBase<OwnedRepr<_>, _>` consider using one of the following associated functions:
      ndarray::impl_constructors::<impl ArrayBase<S, Dim<[usize; 1]>>>::from_vec
      ndarray::impl_constructors::<impl ArrayBase<S, Dim<[usize; 1]>>>::from_iter
      ndarray::impl_constructors::<impl ArrayBase<S, Dim<[usize; 1]>>>::linspace
      ndarray::impl_constructors::<impl ArrayBase<S, Dim<[usize; 1]>>>::range
      and 13 others
    --> /Users/kitasan/.cargo/registry/src/index.crates.io-1949cf8c6b5b557f/ndarray-0.16.1/src/impl_constructors.rs:58:5
     |
58   |       pub fn from_vec(v: Vec<A>) -> Self
     |       ^^^^^^^^^^^^^^^^^^^^^^^^^^^^^^^^^^
...
79   |       pub fn from_iter<I: IntoIterator<Item = A>>(iterable: I) -> Self
     |       ^^^^^^^^^^^^^^^^^^^^^^^^^^^^^^^^^^^^^^^^^^^^^^^^^^^^^^^^^^^^^^^^
...
102  | /     pub fn linspace(start: A, end: A, n: usize) -> Self
103  | |     where A: Float
     | |__________________^
...
120  | /     pub fn range(start: A, end: A, step: A) -> Self
121  | |     where A: Float
     | |__________________^
help: there is an associated function `from_shape_vec` with a similar name
     |
1251 |                     ndarray::Array::from_shape_vec((w1shape[0], w1shape[1]), w1_weights.clone())
     |                                         +

error[E0599]: no function or associated item named `fromshape_vec` found for struct `ArrayBase` in the current scope
    --> scirs2-text/src/model_registry.rs:1254:37
     |
1254 |                     ndarray::Array::fromshape_vec((w2shape[0], w2shape[1]), w2_weights.clone())
     |                                     ^^^^^^^^^^^^^ function or associated item not found in `ArrayBase<OwnedRepr<_>, _>`
     |
note: if you're trying to build a new `ArrayBase<OwnedRepr<_>, _>` consider using one of the following associated functions:
      ndarray::impl_constructors::<impl ArrayBase<S, Dim<[usize; 1]>>>::from_vec
      ndarray::impl_constructors::<impl ArrayBase<S, Dim<[usize; 1]>>>::from_iter
      ndarray::impl_constructors::<impl ArrayBase<S, Dim<[usize; 1]>>>::linspace
      ndarray::impl_constructors::<impl ArrayBase<S, Dim<[usize; 1]>>>::range
      and 13 others
    --> /Users/kitasan/.cargo/registry/src/index.crates.io-1949cf8c6b5b557f/ndarray-0.16.1/src/impl_constructors.rs:58:5
     |
58   |       pub fn from_vec(v: Vec<A>) -> Self
     |       ^^^^^^^^^^^^^^^^^^^^^^^^^^^^^^^^^^
...
79   |       pub fn from_iter<I: IntoIterator<Item = A>>(iterable: I) -> Self
     |       ^^^^^^^^^^^^^^^^^^^^^^^^^^^^^^^^^^^^^^^^^^^^^^^^^^^^^^^^^^^^^^^^
...
102  | /     pub fn linspace(start: A, end: A, n: usize) -> Self
103  | |     where A: Float
     | |__________________^
...
120  | /     pub fn range(start: A, end: A, step: A) -> Self
121  | |     where A: Float
     | |__________________^
help: there is an associated function `from_shape_vec` with a similar name
     |
1254 |                     ndarray::Array::from_shape_vec((w2shape[0], w2shape[1]), w2_weights.clone())
     |                                         +

error[E0599]: no function or associated item named `fromshape_vec` found for struct `ArrayBase` in the current scope
    --> scirs2-text/src/model_registry.rs:1294:33
     |
1294 |                 ndarray::Array::fromshape_vec(ndarray::IxDyn(outputshape), output_weights.clone())
     |                                 ^^^^^^^^^^^^^ function or associated item not found in `ArrayBase<OwnedRepr<_>, _>`
     |
note: if you're trying to build a new `ArrayBase<OwnedRepr<_>, _>` consider using one of the following associated functions:
      ndarray::impl_constructors::<impl ArrayBase<S, Dim<[usize; 1]>>>::from_vec
      ndarray::impl_constructors::<impl ArrayBase<S, Dim<[usize; 1]>>>::from_iter
      ndarray::impl_constructors::<impl ArrayBase<S, Dim<[usize; 1]>>>::linspace
      ndarray::impl_constructors::<impl ArrayBase<S, Dim<[usize; 1]>>>::range
      and 13 others
    --> /Users/kitasan/.cargo/registry/src/index.crates.io-1949cf8c6b5b557f/ndarray-0.16.1/src/impl_constructors.rs:58:5
     |
58   |       pub fn from_vec(v: Vec<A>) -> Self
     |       ^^^^^^^^^^^^^^^^^^^^^^^^^^^^^^^^^^
...
79   |       pub fn from_iter<I: IntoIterator<Item = A>>(iterable: I) -> Self
     |       ^^^^^^^^^^^^^^^^^^^^^^^^^^^^^^^^^^^^^^^^^^^^^^^^^^^^^^^^^^^^^^^^
...
102  | /     pub fn linspace(start: A, end: A, n: usize) -> Self
103  | |     where A: Float
     | |__________________^
...
120  | /     pub fn range(start: A, end: A, step: A) -> Self
121  | |     where A: Float
     | |__________________^
help: there is an associated function `from_shape_vec` with a similar name
     |
1294 |                 ndarray::Array::from_shape_vec(ndarray::IxDyn(outputshape), output_weights.clone())
     |                                     +

error[E0599]: no function or associated item named `fromshape_vec` found for struct `ArrayBase` in the current scope
    --> scirs2-text/src/model_registry.rs:1433:53
     |
1433 |             let _embedding_matrix = ndarray::Array::fromshape_vec(
     |                                                     ^^^^^^^^^^^^^ function or associated item not found in `ArrayBase<OwnedRepr<_>, _>`
     |
note: if you're trying to build a new `ArrayBase<OwnedRepr<_>, _>` consider using one of the following associated functions:
      ndarray::impl_constructors::<impl ArrayBase<S, Dim<[usize; 1]>>>::from_vec
      ndarray::impl_constructors::<impl ArrayBase<S, Dim<[usize; 1]>>>::from_iter
      ndarray::impl_constructors::<impl ArrayBase<S, Dim<[usize; 1]>>>::linspace
      ndarray::impl_constructors::<impl ArrayBase<S, Dim<[usize; 1]>>>::range
      and 13 others
    --> /Users/kitasan/.cargo/registry/src/index.crates.io-1949cf8c6b5b557f/ndarray-0.16.1/src/impl_constructors.rs:58:5
     |
58   |       pub fn from_vec(v: Vec<A>) -> Self
     |       ^^^^^^^^^^^^^^^^^^^^^^^^^^^^^^^^^^
...
79   |       pub fn from_iter<I: IntoIterator<Item = A>>(iterable: I) -> Self
     |       ^^^^^^^^^^^^^^^^^^^^^^^^^^^^^^^^^^^^^^^^^^^^^^^^^^^^^^^^^^^^^^^^
...
102  | /     pub fn linspace(start: A, end: A, n: usize) -> Self
103  | |     where A: Float
     | |__________________^
...
120  | /     pub fn range(start: A, end: A, step: A) -> Self
121  | |     where A: Float
     | |__________________^
help: there is an associated function `from_shape_vec` with a similar name
     |
1433 |             let _embedding_matrix = ndarray::Array::from_shape_vec(
     |                                                         +

error[E0599]: no method named `unwrap_or` found for type `f64` in the current scope
   --> scirs2-text/src/neural_architectures.rs:662:44
    |
662 |             let mean = channel_data.mean().unwrap_or(0.0);
    |                                            ^^^^^^^^^ method not found in `f64`

error[E0599]: no method named `unwrap_or` found for type `f64` in the current scope
   --> scirs2-text/src/neural_architectures.rs:666:18
    |
663 |               let var = channel_data
    |  _______________________-
664 | |                 .mapv(|x| (x - mean).powi(2))
665 | |                 .mean()
666 | |                 .unwrap_or(1.0);
    | |                 -^^^^^^^^^ method not found in `f64`
    | |_________________|
    |

error[E0560]: struct `MultiScaleCNN` has no field named `combination_weights`
   --> scirs2-text/src/neural_architectures.rs:732:13
    |
732 |             combination_weights,
    |             ^^^^^^^^^^^^^^^^^^^ unknown field
    |
help: a field with a similar name exists
    |
732 -             combination_weights,
732 +             combinationweights,
    |

error[E0599]: no method named `unwrap_or` found for type `f64` in the current scope
   --> scirs2-text/src/neural_architectures.rs:784:44
    |
784 |             let mean = channel_data.mean().unwrap_or(0.0);
    |                                            ^^^^^^^^^ method not found in `f64`

error[E0599]: no method named `unwrap_or` found for type `f64` in the current scope
   --> scirs2-text/src/neural_architectures.rs:788:18
    |
785 |               let var = channel_data
    |  _______________________-
786 | |                 .mapv(|x| (x - mean).powi(2))
787 | |                 .mean()
788 | |                 .unwrap_or(1.0);
    | |                 -^^^^^^^^^ method not found in `f64`
    | |_________________|
    |

error[E0689]: can't call method `sqrt` on ambiguous numeric type `{float}`
   --> scirs2-text/src/neural_architectures.rs:821:50
    |
821 |         let scale = (2.0 / attention_dim as f64).sqrt();
    |                                                  ^^^^

error[E0689]: can't call method `sqrt` on ambiguous numeric type `{float}`
   --> scirs2-text/src/neural_architectures.rs:916:45
    |
916 |         let scale = (2.0 / _d_model as f64).sqrt();
    |                                             ^^^^

error[E0689]: can't call method `sqrt` on ambiguous numeric type `{float}`
    --> scirs2-text/src/neural_architectures.rs:1020:45
     |
1020 |         let scale = (2.0 / _d_model as f64).sqrt();
     |                                             ^^^^

error[E0689]: can't call method `sqrt` on ambiguous numeric type `{float}`
    --> scirs2-text/src/neural_architectures.rs:1122:42
     |
1122 |         let scale2 = (2.0 / d_ff as f64).sqrt();
     |                                          ^^^^

error[E0560]: struct `TextCNN` has no field named `fc_weights`
    --> scirs2-text/src/neural_architectures.rs:1208:13
     |
1208 |             fc_weights,
     |             ^^^^^^^^^^ unknown field
     |
help: a field with a similar name exists
     |
1208 -             fc_weights,
1208 +             fcweights,
     |

error[E0599]: no function or associated item named `fromshape_vec` found for struct `ArrayBase` in the current scope
    --> scirs2-text/src/neural_architectures.rs:1318:34
     |
1318 |         let lstm_input = Array2::fromshape_vec((1, cnn_features.len()), cnn_features.to_vec())
     |                                  ^^^^^^^^^^^^^ function or associated item not found in `ArrayBase<OwnedRepr<_>, Dim<[usize; 2]>>`
     |
note: if you're trying to build a new `ArrayBase<OwnedRepr<_>, Dim<[usize; 2]>>` consider using one of the following associated functions:
      ndarray::impl_constructors::<impl ArrayBase<S, Dim<[usize; 2]>>>::eye
      ndarray::impl_constructors::<impl ArrayBase<S, Dim<[usize; 2]>>>::from_diag
      ndarray::impl_constructors::<impl ArrayBase<S, Dim<[usize; 2]>>>::from_diag_elem
      ndarray::impl_constructors::<impl ArrayBase<S, D>>::from_elem
      and 7 others
    --> /Users/kitasan/.cargo/registry/src/index.crates.io-1949cf8c6b5b557f/ndarray-0.16.1/src/impl_constructors.rs:196:5
     |
196  | /     pub fn eye(n: Ix) -> Self
197  | |     where
198  | |         S: DataMut,
199  | |         A: Clone + Zero + One,
     | |______________________________^
...
219  | /     pub fn from_diag<S2>(diag: &ArrayBase<S2, Ix1>) -> Self
220  | |     where
221  | |         A: Clone + Zero,
222  | |         S: DataMut,
223  | |         S2: Data<Elem = A>,
     | |___________________________^
...
242  | /     pub fn from_diag_elem(n: usize, elem: A) -> Self
243  | |     where
244  | |         S: DataMut,
245  | |         A: Clone + Zero,
     | |________________________^
...
323  | /     pub fn from_elem<Sh>(shape: Sh, elem: A) -> Self
324  | |     where
325  | |         A: Clone,
326  | |         Sh: ShapeBuilder<Dim = D>,
     | |__________________________________^
help: there is an associated function `from_shape_vec` with a similar name
     |
1318 |         let lstm_input = Array2::from_shape_vec((1, cnn_features.len()), cnn_features.to_vec())
     |                                      +

error[E0599]: no method named `unwrap_or` found for type `f64` in the current scope
    --> scirs2-text/src/neural_architectures.rs:1360:35
     |
1360 |             let mean = row.mean().unwrap_or(0.0);
     |                                   ^^^^^^^^^ method not found in `f64`

error[E0599]: no method named `unwrap_or` found for type `f64` in the current scope
    --> scirs2-text/src/neural_architectures.rs:1361:68
     |
1361 |             let variance = row.mapv(|v| (v - mean).powi(2)).mean().unwrap_or(0.0);
     |                                                                    ^^^^^^^^^ method not found in `f64`

error[E0560]: struct `ParallelVectorizer<T>` has no field named `_vectorizer`
  --> scirs2-text/src/parallel.rs:92:13
   |
92 |             _vectorizer: Arc::new(_vectorizer),
   |             ^^^^^^^^^^^ unknown field
   |
help: a field with a similar name exists
   |
92 -             _vectorizer: Arc::new(_vectorizer),
92 +             vectorizer: Arc::new(_vectorizer),
   |

error[E0308]: mismatched types
   --> scirs2-text/src/parallel.rs:180:28
    |
180 |         self.num_threads = num_threads;
    |         ----------------   ^^^^^^^^^^^ expected `usize`, found fn item
    |         |
    |         expected due to the type of this binding
    |
    = note: expected type `usize`
            found fn item `fn() -> usize {scirs2_core::num_threads}`
help: use parentheses to call this function
    |
180 |         self.num_threads = num_threads();
    |                                       ++

error[E0308]: mismatched types
   --> scirs2-text/src/parallel.rs:276:33
    |
276 |         self.num_threads = Some(num_threads);
    |                            ---- ^^^^^^^^^^^ expected `usize`, found fn item
    |                            |
    |                            arguments to this enum variant are incorrect
    |
    = note: expected type `usize`
            found fn item `fn() -> usize {scirs2_core::num_threads}`
help: the type constructed contains `fn() -> usize {scirs2_core::num_threads}` due to the type of the argument passed
   --> scirs2-text/src/parallel.rs:276:28
    |
276 |         self.num_threads = Some(num_threads);
    |                            ^^^^^-----------^
    |                                 |
    |                                 this argument influences the type of `Some`
note: tuple variant defined here
   --> /rustc/6b00bc3880198600130e1cf62b8f8a93494488cc/library/core/src/option.rs:597:5
help: use parentheses to call this function
    |
276 |         self.num_threads = Some(num_threads());
    |                                            ++

error[E0609]: no field `_id` on type `&&performance::OptimizationRecommendation`
   --> scirs2-text/src/performance.rs:921:25
    |
921 |             .find(|r| r._id == optimization_id)
    |                         ^^^ unknown field
    |
help: a field with a similar name exists
    |
921 -             .find(|r| r._id == optimization_id)
921 +             .find(|r| r.id == optimization_id)
    |

error[E0609]: no field `_id` on type `&performance::OptimizationRecommendation`
   --> scirs2-text/src/performance.rs:939:31
    |
939 |                 .retain(|r| r._id != optimization_id);
    |                               ^^^ unknown field
    |
help: a field with a similar name exists
    |
939 -                 .retain(|r| r._id != optimization_id);
939 +                 .retain(|r| r.id != optimization_id);
    |

error[E0560]: struct `BasicTextCleaner` has no field named `normalize_whitespace_stopwords`
   --> scirs2-text/src/preprocess.rs:109:13
    |
109 |             normalize_whitespace_stopwords: DEFAULT_STOPWORDS.clone(),
    |             ^^^^^^^^^^^^^^^^^^^^^^^^^^^^^^ unknown field
    |
help: a field with a similar name exists
    |
109 -             normalize_whitespace_stopwords: DEFAULT_STOPWORDS.clone(),
109 +             normalize_whitespace: DEFAULT_STOPWORDS.clone(),
    |

error[E0560]: struct `WordMoversDistance` has no field named `_embeddings`
  --> scirs2-text/src/semantic_similarity.rs:21:16
   |
21 |         Self { _embeddings }
   |                ^^^^^^^^^^^ unknown field
   |
help: a field with a similar name exists
   |
21 -         Self { _embeddings }
21 +         Self { embeddings }
   |

error[E0560]: struct `SoftCosineSimilarity` has no field named `_similarity_matrix`
   --> scirs2-text/src/semantic_similarity.rs:163:16
    |
163 |         Self { _similarity_matrix }
    |                ^^^^^^^^^^^^^^^^^^ unknown field
    |
help: a field with a similar name exists
    |
163 -         Self { _similarity_matrix }
163 +         Self { similarity_matrix }
    |

error[E0560]: struct `NGramSemanticSimilarity` has no field named `ngram_weights`
   --> scirs2-text/src/semantic_similarity.rs:596:13
    |
596 |             ngram_weights,
    |             ^^^^^^^^^^^^^ unknown field
    |
help: a field with a similar name exists
    |
596 -             ngram_weights,
596 +             ngramweights,
    |

error[E0061]: this method takes 2 arguments but 1 argument was supplied
    --> scirs2-text/src/semantic_similarity.rs:1379:22
     |
1379 |                 self.similarity(doc_id)
     |                      ^^^^^^^^^^-------- argument #2 of type `&str` is missing
     |
note: method defined here
    --> scirs2-text/src/semantic_similarity.rs:1300:12
     |
1300 |     pub fn similarity(&self, doc_id1: &str, docid2: &str) -> Result<f64> {
     |            ^^^^^^^^^^                       ------------
help: provide the argument
     |
1379 |                 self.similarity(doc_id, /* &str */)
     |                                       ++++++++++++

error[E0609]: no field `use_idf` on type `&mut SparseTfidfVectorizer`
   --> scirs2-text/src/sparse_vectorize.rs:169:17
    |
169 |         if self.use_idf {
    |                 ^^^^^^^ unknown field
    |
help: a field with a similar name exists
    |
169 -         if self.use_idf {
169 +         if self.useidf {
    |

error[E0609]: no field `use_idf` on type `&SparseTfidfVectorizer`
   --> scirs2-text/src/sparse_vectorize.rs:204:17
    |
204 |         if self.use_idf {
    |                 ^^^^^^^ unknown field
    |
help: a field with a similar name exists
    |
204 -         if self.use_idf {
204 +         if self.useidf {
    |

error[E0560]: struct `DictionaryCorrector` has no field named `_metric`
   --> scirs2-text/src/spelling/dictionary.rs:330:13
    |
330 |             _metric: Arc::new(metric),
    |             ^^^^^^^ unknown field
    |
help: a field with a similar name exists
    |
330 -             _metric: Arc::new(metric),
330 +             metric: Arc::new(metric),
    |

error[E0308]: mismatched types
   --> scirs2-text/src/spelling/dictionary.rs:480:21
    |
480 |                 let (_, dist_a_) = a;
    |                     ^^^^^^^^^^^^   - this expression has type `&(std::string::String, usize, usize)`
    |                     |
    |                     expected a tuple with 3 elements, found one with 2 elements
    |
    = note: expected tuple `(std::string::String, usize, usize)`
               found tuple `(_, _)`

error[E0308]: mismatched types
   --> scirs2-text/src/spelling/dictionary.rs:481:21
    |
481 |                 let (_, dist_b_) = b;
    |                     ^^^^^^^^^^^^   - this expression has type `&(std::string::String, usize, usize)`
    |                     |
    |                     expected a tuple with 3 elements, found one with 2 elements
    |
    = note: expected tuple `(std::string::String, usize, usize)`
               found tuple `(_, _)`

error[E0308]: mismatched types
   --> scirs2-text/src/spelling/dictionary.rs:492:19
    |
492 |             .map(|(word, _)| word.clone())
    |                   ^^^^^^^^^
    |                   |
    |                   expected a tuple with 3 elements, found one with 2 elements
    |                   expected due to this
    |
    = note: expected tuple `(std::string::String, usize, usize)`
               found tuple `(_, _)`

error[E0560]: struct `ErrorModel` has no field named `_confusion`
  --> scirs2-text/src/spelling/error_model.rs:74:13
   |
74 |             _confusion: HashMap::new(),
   |             ^^^^^^^^^^ `ErrorModel` does not have this field
   |
   = note: available fields are: `_char_confusion`

error[E0560]: struct `ErrorModel` has no field named `_confusion`
  --> scirs2-text/src/spelling/error_model.rs:95:13
   |
95 |             _confusion: HashMap::new(),
   |             ^^^^^^^^^^ `ErrorModel` does not have this field
   |
   = note: available fields are: `_char_confusion`

error[E0023]: this pattern has 1 field, but the corresponding tuple variant has 2 fields
   --> scirs2-text/src/spelling/error_model.rs:123:40
    |
45  |     Substitute(char, char),
    |                ----  ---- tuple variant has 2 fields
...
123 |                     EditOp::Substitute(__) => self.p_substitution,
    |                                        ^^ expected 2 fields, found 1
    |
help: use `_` to explicitly ignore each field
    |
123 |                     EditOp::Substitute(__, _) => self.p_substitution,
    |                                          +++

error[E0023]: this pattern has 1 field, but the corresponding tuple variant has 2 fields
   --> scirs2-text/src/spelling/error_model.rs:124:39
    |
47  |     Transpose(char, char),
    |               ----  ---- tuple variant has 2 fields
...
124 |                     EditOp::Transpose(__) => self.p_transposition,
    |                                       ^^ expected 2 fields, found 1
    |
help: use `_` to explicitly ignore each field
    |
124 |                     EditOp::Transpose(__, _) => self.p_transposition,
    |                                         +++

error[E0023]: this pattern has 1 field, but the corresponding tuple variant has 2 fields
   --> scirs2-text/src/spelling/error_model.rs:136:44
    |
45  |     Substitute(char, char),
    |                ----  ---- tuple variant has 2 fields
...
136 |                         EditOp::Substitute(__) => prob *= self.p_substitution,
    |                                            ^^ expected 2 fields, found 1
    |
help: use `_` to explicitly ignore each field
    |
136 |                         EditOp::Substitute(__, _) => prob *= self.p_substitution,
    |                                              +++

error[E0023]: this pattern has 1 field, but the corresponding tuple variant has 2 fields
   --> scirs2-text/src/spelling/error_model.rs:137:43
    |
47  |     Transpose(char, char),
    |               ----  ---- tuple variant has 2 fields
...
137 |                         EditOp::Transpose(__) => prob *= self.p_transposition,
    |                                           ^^ expected 2 fields, found 1
    |
help: use `_` to explicitly ignore each field
    |
137 |                         EditOp::Transpose(__, _) => prob *= self.p_transposition,
    |                                             +++

error[E0560]: struct `NGramModel` has no field named `_order`
  --> scirs2-text/src/spelling/ngram.rs:72:13
   |
72 |             _order: order.clamp(1, 3),
   |             ^^^^^^ unknown field
   |
help: a field with a similar name exists
   |
72 -             _order: order.clamp(1, 3),
72 +             order: order.clamp(1, 3),
   |

error[E0599]: no method named `len` found for reference `&(Vec<std::string::String>, f64, Vec<std::string::String>)` in the current scope
   --> scirs2-text/src/spelling/statistical.rs:375:40
    |
375 |                 if i < best_sentence__.len() && original != &best_sentence__[i] {
    |                                        ^^^
    |
help: there is a method `le` with a similar name, but with different arguments
   --> /rustc/6b00bc3880198600130e1cf62b8f8a93494488cc/library/core/src/cmp.rs:1400:5

error[E0608]: cannot index into a value of type `&(Vec<std::string::String>, f64, Vec<std::string::String>)`
   --> scirs2-text/src/spelling/statistical.rs:375:77
    |
375 |                 if i < best_sentence__.len() && original != &best_sentence__[i] {
    |                                                                             ^^^

error[E0608]: cannot index into a value of type `&(Vec<std::string::String>, f64, Vec<std::string::String>)`
   --> scirs2-text/src/spelling/statistical.rs:376:71
    |
376 |                     result = result.replace(original, &best_sentence__[i]);
    |                                                                       ^^^

error[E0277]: a value of type `Vec<std::string::String>` cannot be built from an iterator over elements of type `&str`
   --> scirs2-text/src/spelling/statistical.rs:441:14
    |
441 |             .collect();
    |              ^^^^^^^ value of type `Vec<std::string::String>` cannot be built from `std::iter::Iterator<Item=&str>`
    |
    = help: the trait `FromIterator<&str>` is not implemented for `Vec<std::string::String>`
            but trait `FromIterator<std::string::String>` is implemented for it
    = help: for that trait implementation, expected `std::string::String`, found `&str`
note: the method call chain might not have had the expected associated types
   --> scirs2-text/src/spelling/statistical.rs:439:14
    |
434 |         let candidates = self.get_contextual_corrections(word, &[]);
    |                          ---- this expression has type `&StatisticalCorrector`
...
438 |             .into_iter()
    |              ----------- `Iterator::Item` is `(String, f64)` here
439 |             .map(|(word_)| word)
    |              ^^^^^^^^^^^^^^^^^^^ `Iterator::Item` changed to `&str` here
440 |             .take(limit)
    |              ----------- `Iterator::Item` remains `&str` here
note: required by a bound in `std::iter::Iterator::collect`
   --> /rustc/6b00bc3880198600130e1cf62b8f8a93494488cc/library/core/src/iter/traits/iterator.rs:1988:5

error[E0425]: cannot find function `line_processor` in this scope
  --> scirs2-text/src/spelling/utils.rs:93:18
   |
93 |         result = line_processor(&line)?;
   |                  ^^^^^^^^^^^^^^ help: a local variable with a similar name exists: `lineprocessor`

error[E0599]: no method named `chars` found for reference `&(std::string::String, std::string::String, char, i32)` in the current scope
   --> scirs2-text/src/stemming/lancaster.rs:211:49
    |
211 |             if let Some(first_char) = suffix___.chars().next() {
    |                                                 ^^^^^ method not found in `&(String, String, char, i32)`

error[E0560]: struct `SnowballStemmer` has no field named `_language`
   --> scirs2-text/src/stemming.rs:407:17
    |
407 |                 _language: "english".to_string(),
    |                 ^^^^^^^^^ unknown field
    |
help: a field with a similar name exists
    |
407 -                 _language: "english".to_string(),
407 +                 language: "english".to_string(),
    |

error[E0593]: closure is expected to take 2 arguments, but it takes 1 argument
   --> scirs2-text/src/streaming.rs:241:14
    |
241 |         self.process_lines(&path, |line_| {
    |              ^^^^^^^^^^^^^        ------- takes 1 argument
    |              |
    |              expected closure that takes 2 arguments

error[E0560]: struct `AdvancedStreamingProcessor<T>` has no field named `_cpus`
   --> scirs2-text/src/streaming.rs:755:13
    |
755 |             _cpus: get(),
    |             ^^^^^ `AdvancedStreamingProcessor<T>` does not have this field
    |
    = note: all struct fields are already assigned

error[E0593]: closure is expected to take 2 arguments, but it takes 1 argument
   --> scirs2-text/src/streaming.rs:819:14
    |
819 |         self.process_corpus_parallel(corpus, move |doc_idx| {
    |              ^^^^^^^^^^^^^^^^^^^^^^^         -------------- takes 1 argument
    |              |
    |              expected closure that takes 2 arguments

error[E0560]: struct `Soundex` has no field named `_length`
   --> scirs2-text/src/string_metrics.rs:191:16
    |
191 |         Self { _length }
    |                ^^^^^^^ unknown field
    |
help: a field with a similar name exists
    |
191 -         Self { _length }
191 +         Self { length }
    |

error[E0560]: struct `Metaphone` has no field named `_max_length`
   --> scirs2-text/src/string_metrics.rs:309:16
    |
309 |         Self { _max_length }
    |                ^^^^^^^^^^^ unknown field
    |
help: a field with a similar name exists
    |
309 -         Self { _max_length }
309 +         Self { max_length }
    |

error[E0560]: struct `Nysiis` has no field named `_max_length`
   --> scirs2-text/src/string_metrics.rs:473:16
    |
473 |         Self { _max_length }
    |                ^^^^^^^^^^^ unknown field
    |
help: a field with a similar name exists
    |
473 -         Self { _max_length }
473 +         Self { max_length }
    |

error[E0609]: no field `sentence_tokenizer` on type `&TextRank`
  --> scirs2-text/src/summarization.rs:50:43
   |
50 |         let sentences: Vec<String> = self.sentence_tokenizer.tokenize(text)?;
   |                                           ^^^^^^^^^^^^^^^^^^ unknown field
   |
help: a field with a similar name exists
   |
50 -         let sentences: Vec<String> = self.sentence_tokenizer.tokenize(text)?;
50 +         let sentences: Vec<String> = self.sentencetokenizer.tokenize(text)?;
   |

error[E0609]: no field `sentence_tokenizer` on type `&CentroidSummarizer`
   --> scirs2-text/src/summarization.rs:201:43
    |
201 |         let sentences: Vec<String> = self.sentence_tokenizer.tokenize(text)?;
    |                                           ^^^^^^^^^^^^^^^^^^ unknown field
    |
help: a field with a similar name exists
    |
201 -         let sentences: Vec<String> = self.sentence_tokenizer.tokenize(text)?;
201 +         let sentences: Vec<String> = self.sentencetokenizer.tokenize(text)?;
    |

error[E0599]: no method named `optimize_for_batch` found for struct `MutexGuard<'_, TextMemoryOptimizer>` in the current scope
    --> scirs2-text/src/text_coordinator.rs:725:30
     |
725  |             memory_optimizer.optimize_for_batch(texts.len())?;
     |             -----------------^^^^^^^^^^^^^^^^^^-------------
     |             |                |
     |             |                this is an associated function, not a method
     |             help: use associated function syntax instead: `TextMemoryOptimizer::optimize_for_batch(texts.len())`
     |
     = note: found the following associated functions; to be used as methods, functions must have a `self` parameter
note: the candidate is defined in an impl for the type `TextMemoryOptimizer`
    --> scirs2-text/src/text_coordinator.rs:1510:5
     |
1510 |     fn optimize_for_batch(&self_batchsize: usize) -> Result<()> {
     |     ^^^^^^^^^^^^^^^^^^^^^^^^^^^^^^^^^^^^^^^^^^^^^^^^^^^^^^^^^^^

error[E0599]: no method named `determine_optimal_strategy` found for struct `MutexGuard<'_, PerformanceOptimizer>` in the current scope
    --> scirs2-text/src/text_coordinator.rs:731:54
     |
731  |         let optimal_strategy = performance_optimizer.determine_optimal_strategy(texts)?;
     |                                ----------------------^^^^^^^^^^^^^^^^^^^^^^^^^^-------
     |                                |                     |
     |                                |                     this is an associated function, not a method
     |                                help: use associated function syntax instead: `PerformanceOptimizer::determine_optimal_strategy(texts)`
     |
     = note: found the following associated functions; to be used as methods, functions must have a `self` parameter
note: the candidate is defined in an impl for the type `PerformanceOptimizer`
    --> scirs2-text/src/text_coordinator.rs:1310:5
     |
1310 |     fn determine_optimal_strategy(&selftexts: &[String]) -> Result<OptimizationStrategy> {
     |     ^^^^^^^^^^^^^^^^^^^^^^^^^^^^^^^^^^^^^^^^^^^^^^^^^^^^^^^^^^^^^^^^^^^^^^^^^^^^^^^^^^^^

error[E0599]: no method named `analyze_comprehensive` found for struct `RwLockReadGuard<'_, TextAnalyticsEngine>` in the current scope
    --> scirs2-text/src/text_coordinator.rs:748:43
     |
748  |             let result = analytics_engine.analyze_comprehensive(texts, &primary_result)?;
     |                          -----------------^^^^^^^^^^^^^^^^^^^^^------------------------
     |                          |                |
     |                          |                this is an associated function, not a method
     |                          help: use associated function syntax instead: `TextAnalyticsEngine::analyze_comprehensive(texts, &primary_result)`
     |
     = note: found the following associated functions; to be used as methods, functions must have a `self` parameter
note: the candidate is defined in an impl for the type `TextAnalyticsEngine`
    --> scirs2-text/src/text_coordinator.rs:1554:5
     |
1554 | /     fn analyze_comprehensive(
1555 | |         &selftexts: &[String],
1556 | |         _result: &TextProcessingResult,
1557 | |     ) -> Result<AdvancedTextAnalytics> {
     | |______________________________________^

error[E0599]: no method named `adapt_based_on_performance` found for struct `MutexGuard<'_, AdaptiveTextEngine>` in the current scope
    --> scirs2-text/src/text_coordinator.rs:758:29
     |
758  |             adaptive_engine.adapt_based_on_performance(&start_time.elapsed())?;
     |             ----------------^^^^^^^^^^^^^^^^^^^^^^^^^^-----------------------
     |             |               |
     |             |               this is an associated function, not a method
     |             help: use associated function syntax instead: `AdaptiveTextEngine::adapt_based_on_performance(&start_time.elapsed())`
     |
     = note: found the following associated functions; to be used as methods, functions must have a `self` parameter
note: the candidate is defined in an impl for the type `AdaptiveTextEngine`
    --> scirs2-text/src/text_coordinator.rs:1532:5
     |
1532 |     fn adapt_based_on_performance(selfelapsed: &Duration) -> Result<()> {
     |     ^^^^^^^^^^^^^^^^^^^^^^^^^^^^^^^^^^^^^^^^^^^^^^^^^^^^^^^^^^^^^^^^^^^

error[E0599]: no method named `calculate_confidence_scores` found for reference `&AdvancedTextCoordinator` in the current scope
    --> scirs2-text/src/text_coordinator.rs:766:38
     |
766  |         let confidence_scores = self.calculate_confidence_scores(&primary_result, &analytics)?;
     |                                 -----^^^^^^^^^^^^^^^^^^^^^^^^^^^-----------------------------
     |                                 |    |
     |                                 |    this is an associated function, not a method
     |                                 help: use associated function syntax instead: `AdvancedTextCoordinator::calculate_confidence_scores(&primary_result, &analytics)`
     |
     = note: found the following associated functions; to be used as methods, functions must have a `self` parameter
note: the candidate is defined in an impl for the type `AdvancedTextCoordinator`
    --> scirs2-text/src/text_coordinator.rs:1088:5
     |
1088 | /     fn calculate_confidence_scores(
1089 | |         self_result: &TextProcessingResult,
1090 | |         _analytics: &AdvancedTextAnalytics,
1091 | |     ) -> Result<HashMap<String, f64>> {
     | |_____________________________________^

error[E0599]: no method named `optimize_for_classification_batch` found for struct `MutexGuard<'_, TextMemoryOptimizer>` in the current scope
    --> scirs2-text/src/text_coordinator.rs:831:26
     |
831  |         memory_optimizer.optimize_for_classification_batch(texts.len(), categories.len())?;
     |         -----------------^^^^^^^^^^^^^^^^^^^^^^^^^^^^^^^^^-------------------------------
     |         |                |
     |         |                this is an associated function, not a method
     |         help: use associated function syntax instead: `TextMemoryOptimizer::optimize_for_classification_batch(texts.len(), categories.len())`
     |
     = note: found the following associated functions; to be used as methods, functions must have a `self` parameter
note: the candidate is defined in an impl for the type `TextMemoryOptimizer`
    --> scirs2-text/src/text_coordinator.rs:1514:5
     |
1514 | /     fn optimize_for_classification_batch(
1515 | |         &self_numtexts: usize,
1516 | |         _num_categories: usize,
1517 | |     ) -> Result<()> {
     | |___________________^

error[E0599]: no method named `calculate_classification_confidence` found for reference `&AdvancedTextCoordinator` in the current scope
    --> scirs2-text/src/text_coordinator.rs:840:41
     |
840  |         let confidence_estimates = self.calculate_classification_confidence(&classifications)?;
     |                                         ^^^^^^^^^^^^^^^^^^^^^^^^^^^^^^^^^^^ this is an associated function, not a method
     |
     = note: found the following associated functions; to be used as methods, functions must have a `self` parameter
note: the candidate is defined in an impl for the type `AdvancedTextCoordinator`
    --> scirs2-text/src/text_coordinator.rs:1120:5
     |
1120 | /     fn calculate_classification_confidence(
1121 | |         self_classifications: &[ClassificationResult],
1122 | |     ) -> Result<Vec<f64>> {
     | |_________________________^
help: use associated function syntax instead
     |
840  -         let confidence_estimates = self.calculate_classification_confidence(&classifications)?;
840  +         let confidence_estimates = AdvancedTextCoordinator::calculate_classification_confidence(&classifications)?;
     |
help: there is a method `calculate_similarity_confidence` with a similar name
     |
840  -         let confidence_estimates = self.calculate_classification_confidence(&classifications)?;
840  +         let confidence_estimates = self.calculate_similarity_confidence(&classifications)?;
     |

error[E0599]: no method named `optimize_topic_modeling_params` found for struct `MutexGuard<'_, AdaptiveTextEngine>` in the current scope
    --> scirs2-text/src/text_coordinator.rs:873:29
     |
873  |             adaptive_engine.optimize_topic_modeling_params(documents, num_topics)?;
     |             ----------------^^^^^^^^^^^^^^^^^^^^^^^^^^^^^^-----------------------
     |             |               |
     |             |               this is an associated function, not a method
     |             help: use associated function syntax instead: `AdaptiveTextEngine::optimize_topic_modeling_params(documents, num_topics)`
     |
     = note: found the following associated functions; to be used as methods, functions must have a `self` parameter
note: the candidate is defined in an impl for the type `AdaptiveTextEngine`
    --> scirs2-text/src/text_coordinator.rs:1536:5
     |
1536 | /     fn optimize_topic_modeling_params(
1537 | |         self_documents: &[String],
1538 | |         _num_topics: usize,
1539 | |     ) -> Result<TopicModelingParams> {
     | |____________________________________^

error[E0599]: no method named `analyze_topic_quality` found for struct `RwLockReadGuard<'_, TextAnalyticsEngine>` in the current scope
    --> scirs2-text/src/text_coordinator.rs:885:30
     |
885  |             analytics_engine.analyze_topic_quality(&enhanced_topics, documents)?;
     |             -----------------^^^^^^^^^^^^^^^^^^^^^-----------------------------
     |             |                |
     |             |                this is an associated function, not a method
     |             help: use associated function syntax instead: `TextAnalyticsEngine::analyze_topic_quality(&enhanced_topics, documents)`
     |
     = note: found the following associated functions; to be used as methods, functions must have a `self` parameter
note: the candidate is defined in an impl for the type `TextAnalyticsEngine`
    --> scirs2-text/src/text_coordinator.rs:1570:5
     |
1570 | /     fn analyze_topic_quality(
1571 | |         self_topics: &EnhancedTopicModelingResult,
1572 | |         _documents: &[String],
1573 | |     ) -> Result<TopicAnalytics> {
     | |_______________________________^

error[E0599]: no method named `calculate_topic_quality_metrics` found for reference `&AdvancedTextCoordinator` in the current scope
    --> scirs2-text/src/text_coordinator.rs:888:36
     |
888  |         let quality_metrics = self.calculate_topic_quality_metrics(&enhanced_topics)?;
     |                               -----^^^^^^^^^^^^^^^^^^^^^^^^^^^^^^^------------------
     |                               |    |
     |                               |    this is an associated function, not a method
     |                               help: use associated function syntax instead: `AdvancedTextCoordinator::calculate_topic_quality_metrics(&enhanced_topics)`
     |
     = note: found the following associated functions; to be used as methods, functions must have a `self` parameter
note: the candidate is defined in an impl for the type `AdvancedTextCoordinator`
    --> scirs2-text/src/text_coordinator.rs:1127:5
     |
1127 | /     fn calculate_topic_quality_metrics(
1128 | |         self_topics: &EnhancedTopicModelingResult,
1129 | |     ) -> Result<TopicQualityMetrics> {
     | |____________________________________^

error[E0560]: struct `AdvancedTopicModelingResult` has no field named `_topics`
   --> scirs2-text/src/text_coordinator.rs:891:13
    |
891 |             _topics: enhanced_topics,
    |             ^^^^^^^ unknown field
    |
help: a field with a similar name exists
    |
891 -             _topics: enhanced_topics,
891 +             topics: enhanced_topics,
    |

error[E0277]: the size for values of type `[std::string::String]` cannot be known at compilation time
    --> scirs2-text/src/text_coordinator.rs:1310:36
     |
1310 |     fn determine_optimal_strategy(&selftexts: &[String]) -> Result<OptimizationStrategy> {
     |                                    ^^^^^^^^^ doesn't have a size known at compile-time
     |
     = help: the trait `Sized` is not implemented for `[std::string::String]`
     = note: all local variables must have a statically known size
     = help: unsized locals are gated as an unstable feature

error[E0308]: mismatched types
    --> scirs2-text/src/text_coordinator.rs:1510:27
     |
1510 |     fn optimize_for_batch(&self_batchsize: usize) -> Result<()> {
     |                           ^^^^^^^^^^^^^^^  ----- expected due to this
     |                           |
     |                           expected `usize`, found `&_`
     |
     = note:   expected type `usize`
             found reference `&_`
help: to take parameter `self_batchsize` by reference, move `&` to the type
     |
1510 -     fn optimize_for_batch(&self_batchsize: usize) -> Result<()> {
1510 +     fn optimize_for_batch(self_batchsize: &usize) -> Result<()> {
     |

error[E0308]: mismatched types
    --> scirs2-text/src/text_coordinator.rs:1515:9
     |
1515 |         &self_numtexts: usize,
     |         ^^^^^^^^^^^^^^  ----- expected due to this
     |         |
     |         expected `usize`, found `&_`
     |
     = note:   expected type `usize`
             found reference `&_`
help: to take parameter `self_numtexts` by reference, move `&` to the type
     |
1515 -         &self_numtexts: usize,
1515 +         self_numtexts: &usize,
     |

error[E0277]: the size for values of type `[std::string::String]` cannot be known at compilation time
    --> scirs2-text/src/text_coordinator.rs:1555:10
     |
1555 |         &selftexts: &[String],
     |          ^^^^^^^^^ doesn't have a size known at compile-time
     |
     = help: the trait `Sized` is not implemented for `[std::string::String]`
     = note: all local variables must have a statically known size
     = help: unsized locals are gated as an unstable feature

error[E0560]: struct `TextStatistics` has no field named `word_tokenizer`
  --> scirs2-text/src/text_statistics.rs:36:13
   |
36 |             word_tokenizer,
   |             ^^^^^^^^^^^^^^ unknown field
   |
help: a field with a similar name exists
   |
36 -             word_tokenizer,
36 +             wordtokenizer,
   |

error[E0560]: struct `TextStatistics` has no field named `sentence_tokenizer`
  --> scirs2-text/src/text_statistics.rs:37:13
   |
37 |             sentence_tokenizer,
   |             ^^^^^^^^^^^^^^^^^^ unknown field
   |
help: a field with a similar name exists
   |
37 -             sentence_tokenizer,
37 +             sentencetokenizer,
   |

error[E0609]: no field `word_tokenizer` on type `&TextStatistics`
  --> scirs2-text/src/text_statistics.rs:43:17
   |
43 |         Ok(self.word_tokenizer.tokenize(text)?.len())
   |                 ^^^^^^^^^^^^^^ unknown field
   |
help: a field with a similar name exists
   |
43 -         Ok(self.word_tokenizer.tokenize(text)?.len())
43 +         Ok(self.wordtokenizer.tokenize(text)?.len())
   |

error[E0609]: no field `sentence_tokenizer` on type `&TextStatistics`
  --> scirs2-text/src/text_statistics.rs:48:17
   |
48 |         Ok(self.sentence_tokenizer.tokenize(text)?.len())
   |                 ^^^^^^^^^^^^^^^^^^ unknown field
   |
help: a field with a similar name exists
   |
48 -         Ok(self.sentence_tokenizer.tokenize(text)?.len())
48 +         Ok(self.sentencetokenizer.tokenize(text)?.len())
   |

error[E0609]: no field `word_tokenizer` on type `&TextStatistics`
  --> scirs2-text/src/text_statistics.rs:93:26
   |
93 |         let words = self.word_tokenizer.tokenize(text)?;
   |                          ^^^^^^^^^^^^^^ unknown field
   |
help: a field with a similar name exists
   |
93 -         let words = self.word_tokenizer.tokenize(text)?;
93 +         let words = self.wordtokenizer.tokenize(text)?;
   |

error[E0609]: no field `word_tokenizer` on type `&TextStatistics`
  --> scirs2-text/src/text_statistics.rs:99:26
   |
99 |         let words = self.word_tokenizer.tokenize(text)?;
   |                          ^^^^^^^^^^^^^^ unknown field
   |
help: a field with a similar name exists
   |
99 -         let words = self.word_tokenizer.tokenize(text)?;
99 +         let words = self.wordtokenizer.tokenize(text)?;
   |

error[E0609]: no field `word_tokenizer` on type `&TextStatistics`
   --> scirs2-text/src/text_statistics.rs:120:26
    |
120 |         let words = self.word_tokenizer.tokenize(text)?;
    |                          ^^^^^^^^^^^^^^ unknown field
    |
help: a field with a similar name exists
    |
120 -         let words = self.word_tokenizer.tokenize(text)?;
120 +         let words = self.wordtokenizer.tokenize(text)?;
    |

error[E0609]: no field `word_tokenizer` on type `&TextStatistics`
   --> scirs2-text/src/text_statistics.rs:132:26
    |
132 |         let words = self.word_tokenizer.tokenize(text)?;
    |                          ^^^^^^^^^^^^^^ unknown field
    |
help: a field with a similar name exists
    |
132 -         let words = self.word_tokenizer.tokenize(text)?;
132 +         let words = self.wordtokenizer.tokenize(text)?;
    |

error[E0609]: no field `word_tokenizer` on type `&TextStatistics`
   --> scirs2-text/src/text_statistics.rs:261:26
    |
261 |         let words = self.word_tokenizer.tokenize(text)?;
    |                          ^^^^^^^^^^^^^^ unknown field
    |
help: a field with a similar name exists
    |
261 -         let words = self.word_tokenizer.tokenize(text)?;
261 +         let words = self.wordtokenizer.tokenize(text)?;
    |

error[E0609]: no field `word_tokenizer` on type `&TextStatistics`
   --> scirs2-text/src/text_statistics.rs:289:26
    |
289 |         let words = self.word_tokenizer.tokenize(text)?;
    |                          ^^^^^^^^^^^^^^ unknown field
    |
help: a field with a similar name exists
    |
289 -         let words = self.word_tokenizer.tokenize(text)?;
289 +         let words = self.wordtokenizer.tokenize(text)?;
    |

error[E0560]: struct `RegexFilter` has no field named `_pattern`
   --> scirs2-text/src/token_filter.rs:228:17
    |
228 |                 _pattern: regex,
    |                 ^^^^^^^^ unknown field
    |
help: a field with a similar name exists
    |
228 -                 _pattern: regex,
228 +                 pattern: regex,
    |

error[E0560]: struct `StopwordsFilter` has no field named `_stopwords`
   --> scirs2-text/src/token_filter.rs:264:13
    |
264 |             _stopwords: stopwords.into_iter().collect(),
    |             ^^^^^^^^^^ unknown field
    |
help: a field with a similar name exists
    |
264 -             _stopwords: stopwords.into_iter().collect(),
264 +             stopwords: stopwords.into_iter().collect(),
    |

error[E0560]: struct `CustomFilter<F>` has no field named `_predicate`
   --> scirs2-text/src/token_filter.rs:410:16
    |
410 |         Self { _predicate }
    |                ^^^^^^^^^^ unknown field
    |
help: a field with a similar name exists
    |
410 -         Self { _predicate }
410 +         Self { predicate }
    |

error[E0560]: struct `SentenceTokenizer` has no field named `_pattern`
   --> scirs2-text/src/tokenize.rs:117:17
    |
117 |                 _pattern: Some(regex),
    |                 ^^^^^^^^ unknown field
    |
help: a field with a similar name exists
    |
117 -                 _pattern: Some(regex),
117 +                 pattern: Some(regex),
    |

error[E0560]: struct `NgramTokenizer` has no field named `_n`
   --> scirs2-text/src/tokenize.rs:233:13
    |
233 |             _n: max_n,
    |             ^^ unknown field
    |
help: a field with a similar name exists
    |
233 -             _n: max_n,
233 +             n: max_n,
    |

error[E0560]: struct `RegexTokenizer` has no field named `_pattern`
   --> scirs2-text/src/tokenize.rs:315:17
    |
315 |                 _pattern: regex,
    |                 ^^^^^^^^ unknown field
    |
help: a field with a similar name exists
    |
315 -                 _pattern: regex,
315 +                 pattern: regex,
    |

error[E0308]: mismatched types
   --> scirs2-text/src/topic_modeling.rs:441:17
    |
440 |             return Err(TextError::ModelNotFitted(
    |                        ------------------------- arguments to this enum variant are incorrect
441 |                 "Components not initialized".to_string()..,
    |                 ^^^^^^^^^^^^^^^^^^^^^^^^^^^^^^^^^^^^^^^^^^ expected `String`, found `RangeFrom<String>`
    |
    = note: expected struct `std::string::String`
               found struct `std::ops::RangeFrom<std::string::String>`
note: tuple variant defined here
   --> scirs2-text/src/error.rs:42:5
    |
42  |     ModelNotFitted(String),
    |     ^^^^^^^^^^^^^^

error[E0599]: no method named `intoshape_with_order` found for struct `ArrayBase` in the current scope
   --> scirs2-text/src/transformer.rs:412:14
    |
410 |           let reshaped = x
    |  ________________________-
411 | |             .clone()
412 | |             .intoshape_with_order((seq_len, self.n_heads, self.d_k))
    | |_____________-^^^^^^^^^^^^^^^^^^^^
    |
help: there is a method `into_shape_with_order` with a similar name
    |
412 |             .into_shape_with_order((seq_len, self.n_heads, self.d_k))
    |                  +

error[E0599]: no method named `unwrap` found for type `f64` in the current scope
   --> scirs2-text/src/transformer.rs:561:35
    |
561 |             let mean = row.mean().unwrap();
    |                                   ^^^^^^ method not found in `f64`

error[E0599]: no method named `unwrap` found for type `f64` in the current scope
   --> scirs2-text/src/transformer.rs:562:63
    |
562 |             let var = row.mapv(|x| (x - mean).powi(2)).mean().unwrap();
    |                                                               ^^^^^^ method not found in `f64`

error[E0689]: can't call method `sqrt` on ambiguous numeric type `{float}`
   --> scirs2-text/src/transformer.rs:842:44
    |
842 |         let scale = (1.0 / d_model as f64).sqrt();
    |                                            ^^^^

Some errors have detailed explanations: E0023, E0061, E0277, E0308, E0423, E0425, E0560, E0593, E0599...
For more information about an error, try `rustc --explain E0023`.
error: could not compile `scirs2-text` (lib) due to 528 previous errors
